command: npx vitest run tests/acceptance/phase-7-constant-work-add-delete.test.js -t "AT-1:"
run_at: 2026-05-31T23:21:29Z
exit_code: 1
---

 RUN  v2.1.9 /Users/username/software-effort-simulator

 ❯ tests/acceptance/phase-7-constant-work-add-delete.test.js (11 tests | 2 failed | 9 skipped) 100ms
   × AT-1: + Add row appends a blank canonical-schema row when nothing was imported > appends exactly one canonical-schema row (all cells blank) to editedConstantWork and re-renders 74ms
     → a + Add row control should exist even with nothing imported: expected null to be truthy
   × AT-1: + Add row appends a blank canonical-schema row when nothing was imported > initialises an empty-array model to one canonical row on the first add (boundary) 26ms
     → a + Add row control should exist for an empty model: expected null to be truthy

⎯⎯⎯⎯⎯⎯⎯ Failed Tests 2 ⎯⎯⎯⎯⎯⎯⎯

 FAIL  tests/acceptance/phase-7-constant-work-add-delete.test.js > AT-1: + Add row appends a blank canonical-schema row when nothing was imported > appends exactly one canonical-schema row (all cells blank) to editedConstantWork and re-renders
AssertionError: a + Add row control should exist even with nothing imported: expected null to be truthy

- Expected: 
true

+ Received: 
null

 ❯ tests/acceptance/phase-7-constant-work-add-delete.test.js:200:83
    198| 
    199|     const addBtn = addRowControl(win);
    200|     expect(addBtn, 'a + Add row control should exist even with nothing…
       |                                                                                   ^
    201|     addBtn.click();
    202| 

⎯⎯⎯⎯⎯⎯⎯⎯⎯⎯⎯⎯⎯⎯⎯⎯⎯⎯⎯⎯⎯⎯⎯⎯[1/2]⎯

 FAIL  tests/acceptance/phase-7-constant-work-add-delete.test.js > AT-1: + Add row appends a blank canonical-schema row when nothing was imported > initialises an empty-array model to one canonical row on the first add (boundary)
AssertionError: a + Add row control should exist for an empty model: expected null to be truthy

- Expected: 
true

+ Received: 
null

 ❯ tests/acceptance/phase-7-constant-work-add-delete.test.js:224:75
    222| 
    223|     const addBtn = addRowControl(win);
    224|     expect(addBtn, 'a + Add row control should exist for an empty mode…
       |                                                                           ^
    225|     addBtn.click();
    226| 

⎯⎯⎯⎯⎯⎯⎯⎯⎯⎯⎯⎯⎯⎯⎯⎯⎯⎯⎯⎯⎯⎯⎯⎯[2/2]⎯

 Test Files  1 failed (1)
      Tests  2 failed | 9 skipped (11)
   Start at  01:21:30
   Duration  524ms (transform 15ms, setup 0ms, collect 183ms, tests 100ms, environment 0ms, prepare 51ms)
