command: npx vitest run tests/acceptance/phase-4-projections-constant-work-scoping.test.js tests/acceptance/phase-1-engine.test.js
run_at: 2026-05-31T21:59:44Z
exit_code: 1
note: Phase 4 has no separate inner-loop seam (plan: "Inner tests: covered in the acceptance file"). The Projection-group-scoped cwEffort / band / matrix rows are exercised directly through buildTeamProjections in the acceptance file. This combined run additionally confirms the RED is confined to the new file — phase-1-engine.test.js AT-26 (zero-member Projection group) and AT-27 (empty groupsStore fallback) stay GREEN under the degenerate-fallback decision.
---

 RUN  v2.1.9 /Users/username/software-effort-simulator

stdout | tests/acceptance/phase-4-projections-constant-work-scoping.test.js > AT-1: a projection cell shows only constant work whose Category is in the Projection group's members > appends the Backend constant-work row to the cell and omits the Ops row when the Projection group's members are ['Backend']
[Initiatives] 1 rows | key="jira_key" | category="category" | team="teams" | name="building_block" | kr="null"

stdout | tests/acceptance/phase-4-projections-constant-work-scoping.test.js > AT-2: a projection cell's cwEffort band floor is scoped to the Projection group's members > sets cwEffort to the Backend row's person-months only, not the Backend+Ops total, and flattens the band to that scoped floor
[Initiatives] 1 rows | key="jira_key" | category="category" | team="teams" | name="building_block" | kr="null"

stdout | tests/acceptance/phase-4-projections-constant-work-scoping.test.js > AT-2: a projection cell's cwEffort band floor is scoped to the Projection group's members > scopes by Category case-insensitively and after trimming surrounding whitespace
[Initiatives] 1 rows | key="jira_key" | category="category" | team="teams" | name="building_block" | kr="null"

stdout | tests/acceptance/phase-4-projections-constant-work-scoping.test.js > AT-3: a zero-member Projection group collapses the band to a scoped cwEffort of 0 > scopes cwEffort to 0 and flattens the Effort projection band to (0, 0, 0) even when the cell has constant work
[Initiatives] 1 rows | key="jira_key" | category="category" | team="teams" | name="building_block" | kr="null"

stdout | tests/acceptance/phase-4-projections-constant-work-scoping.test.js > AT-4: with no Projection group (empty groupsStore) the cell falls back to all constant work for that (team, quarter) > sums every constant-work row into cwEffort, flattens the band to that total, and keeps all rows in the matrix (ADR-0023 degenerate fallback)
[Initiatives] 1 rows | key="jira_key" | category="category" | team="teams" | name="building_block" | kr="null"

stdout | tests/acceptance/phase-4-projections-constant-work-scoping.test.js > AT-5: a Projection group whose members include the (Blank) sentinel includes blank-Category constant work in the cell > scopes cwEffort to the blank-Category row and excludes a non-blank-Category row when members === [BLANK]
[Initiatives] 1 rows | key="jira_key" | category="category" | team="teams" | name="building_block" | kr="null"

 ❯ tests/acceptance/phase-4-projections-constant-work-scoping.test.js (6 tests | 5 failed) 187ms
   × AT-1: a projection cell shows only constant work whose Category is in the Projection group's members > appends the Backend constant-work row to the cell and omits the Ops row when the Projection group's members are ['Backend'] 80ms
     → expected [ Object{ key: 'CW-BE', …(6) }, …(1) ] to have a length of 1 but got 2
   × AT-2: a projection cell's cwEffort band floor is scoped to the Projection group's members > sets cwEffort to the Backend row's person-months only, not the Backend+Ops total, and flattens the band to that scoped floor 27ms
     → expected 6.60093879252567 to be close to 2.200382139383515, received difference is 4.400556653142155, but expected 5e-11
   × AT-2: a projection cell's cwEffort band floor is scoped to the Projection group's members > scopes by Category case-insensitively and after trimming surrounding whitespace 23ms
     → expected 6.60093879252567 to be close to 2.200382139383515, received difference is 4.400556653142155, but expected 5e-11
   × AT-3: a zero-member Projection group collapses the band to a scoped cwEffort of 0 > scopes cwEffort to 0 and flattens the Effort projection band to (0, 0, 0) even when the cell has constant work 19ms
     → expected 2.200382139383515 to be +0 // Object.is equality
   × AT-5: a Projection group whose members include the (Blank) sentinel includes blank-Category constant work in the cell > scopes cwEffort to the blank-Category row and excludes a non-blank-Category row when members === [BLANK] 18ms
     → expected 6.60093879252567 to be close to 2.200382139383515, received difference is 4.400556653142155, but expected 5e-11
stdout | tests/acceptance/phase-1-engine.test.js > AT-1: category header detection > detects the literal `category` header via detectCategoryCol
[Initiatives] 1 rows | key="jira_key" | category="category" | team="teams" | name="building_block" | kr="null"

stdout | tests/acceptance/phase-1-engine.test.js > AT-2: legacy moscow header detection > falls back to the `moscow` header when no `category` header is present
[Initiatives] 1 rows | key="jira_key" | category="moscow" | team="teams" | name="building_block" | kr="null"

stdout | tests/acceptance/phase-1-engine.test.js > AT-3: Quirky-format emoji header detection > falls back to the `emoji` header when neither `category` nor `moscow` is present
[Initiatives] 1 rows | key="jira_key" | category="emoji" | team="teams" | name="building_block" | kr="null"

stdout | tests/acceptance/phase-1-engine.test.js > AT-4: missing category/moscow/emoji header > yields categoryCol === null and every initiative resolves to the (Blank) sentinel
[Initiatives] 1 rows | key="jira_key" | category="null" | team="teams" | name="building_block" | kr="null"

stdout | tests/acceptance/phase-1-engine.test.js > AT-5: normalizeCategory equality semantics > buckets Automation, automation, "Automation " under one canonical Category
[Initiatives] 3 rows | key="jira_key" | category="category" | team="teams" | name="building_block" | kr="null"

stdout | tests/acceptance/phase-1-engine.test.js > AT-8: auto-default All Group on first CSV load > creates one Group {name:"All", color:"#4f46e5", isProjection:true, members:<observed>}
[Initiatives] 2 rows | key="jira_key" | category="category" | team="teams" | name="building_block" | kr="null"

stdout | tests/acceptance/phase-1-engine.test.js > AT-9: subsequent CSV load preserves user Groups > does NOT re-create the auto-default when groupsStore is non-empty
[Initiatives] 1 rows | key="jira_key" | category="category" | team="teams" | name="building_block" | kr="null"
[Initiatives] 1 rows | key="jira_key" | category="category" | team="teams" | name="building_block" | kr="null"

stdout | tests/acceptance/phase-1-engine.test.js > AT-10: prepareSimulationData kPerGroup output > returns one count per Group in groupsStore order
[Initiatives] 7 rows | key="jira_key" | category="category" | team="teams" | name="building_block" | kr="null"

stderr | tests/acceptance/phase-1-engine.test.js > AT-13: org-level chart renders one dataset per Group > renderChart produces a Chart instance whose data.datasets length === groupsStore.length
Error: Not implemented: HTMLCanvasElement.prototype.getContext (without installing the canvas npm package)
    at module.exports (/Users/username/software-effort-simulator/node_modules/jsdom/lib/jsdom/browser/not-implemented.js:9:17)
    at HTMLCanvasElementImpl.getContext (/Users/username/software-effort-simulator/node_modules/jsdom/lib/jsdom/living/nodes/HTMLCanvasElement-impl.js:42:5)
    at HTMLCanvasElement.getContext (/Users/username/software-effort-simulator/node_modules/jsdom/lib/jsdom/living/generated/HTMLCanvasElement.js:131:58)
    at renderChartOnCanvas (http://localhost/:32:25)
    at renderChart (http://localhost/:207:19)
    at eval (eval at window.__readBinding (http://localhost/:66:23), <anonymous>:1:14)
    at eval (eval at window.__readBinding (http://localhost/:66:23), <anonymous>:1:12160)
    at eval (<anonymous>)
    at window.__readBinding (http://localhost/:66:23)
    at Module.execIn (/Users/username/software-effort-simulator/tests/harness.js:192:14) undefined

stdout | tests/acceptance/phase-1-engine.test.js > AT-16: Data preview renders one per-Group K row > renderPreview emits N K-rows, one per Group, no K_must/K_must+should/K_must+should+could labels
[Initiatives] 9 rows | key="jira_key" | category="category" | team="teams" | name="building_block" | kr="null"

stdout | tests/acceptance/phase-1-engine.test.js > AT-19: Initiatives tab category cell is input list datalist combo > renders <input list="category-options" …> per row and emits one <datalist> once
[Initiatives] 2 rows | key="jira_key" | category="category" | team="teams" | name="building_block" | kr="null"

stdout | tests/acceptance/phase-1-engine.test.js > AT-20: free-text Category typed in datalist combo writes through > after onchange fires, editedInitiatives[idx][categoryCol] === typed string
[Initiatives] 1 rows | key="jira_key" | category="category" | team="teams" | name="building_block" | kr="null"

stdout | tests/acceptance/phase-1-engine.test.js > AT-22: auto-default All Group includes (Blank) sentinel > members contains BLANK when any Initiative has an empty category cell
[Initiatives] 3 rows | key="jira_key" | category="category" | team="teams" | name="building_block" | kr="null"

stdout | tests/acceptance/phase-1-engine.test.js > AT-23: auto-default All Group → single Scenario covering all > kPerGroup[0] === total target-quarter initiative count
[Initiatives] 10 rows | key="jira_key" | category="category" | team="teams" | name="building_block" | kr="null"

stdout | tests/acceptance/phase-1-engine.test.js > AT-24: unreferenced Category buckets are excluded > initiatives in Categories absent from any Group.members do not influence any Scenario
[Initiatives] 10 rows | key="jira_key" | category="category" | team="teams" | name="building_block" | kr="null"

stdout | tests/acceptance/phase-1-engine.test.js > AT-26: buildTeamProjections drives band from the Projection Group > a zero-member Projection Group collapses the band to cwEffort even when MSC has non-zero count
[Initiatives] 10 rows | key="jira_key" | category="category" | team="teams" | name="building_block" | kr="null"

stdout | tests/acceptance/phase-1-engine.test.js > AT-27: empty groupsStore falls back to cwEffort-only band > every projection band collapses to the constant-work-only triple when groupsStore === []
[Initiatives] 10 rows | key="jira_key" | category="category" | team="teams" | name="building_block" | kr="null"

stdout | tests/acceptance/phase-1-engine.test.js > AT-28: overlapping Group membership counts in every match > an Initiative in a Category present in multiple Groups contributes to each K
[Initiatives] 1 rows | key="jira_key" | category="category" | team="teams" | name="building_block" | kr="null"

stdout | tests/acceptance/phase-1-engine.test.js > AT-29: subsequent CSV (re)load does NOT re-sync the existing All Group > the auto-default fires once; later loads leave the existing Group untouched
[Initiatives] 1 rows | key="jira_key" | category="category" | team="teams" | name="building_block" | kr="null"
[Initiatives] 1 rows | key="jira_key" | category="category" | team="teams" | name="building_block" | kr="null"

stdout | tests/acceptance/phase-1-engine.test.js > AT-30: resetInitiativesFile leaves groupsStore intact > CSV reset clears parsedInitiatives but not Groups
[Initiatives] 1 rows | key="jira_key" | category="category" | team="teams" | name="building_block" | kr="null"

 ✓ tests/acceptance/phase-1-engine.test.js (30 tests) 561ms

⎯⎯⎯⎯⎯⎯⎯ Failed Tests 5 ⎯⎯⎯⎯⎯⎯⎯

 FAIL  tests/acceptance/phase-4-projections-constant-work-scoping.test.js > AT-1: a projection cell shows only constant work whose Category is in the Projection group's members > appends the Backend constant-work row to the cell and omits the Ops row when the Projection group's members are ['Backend']
AssertionError: expected [ Object{ key: 'CW-BE', …(6) }, …(1) ] to have a length of 1 but got 2

- Expected
+ Received

- 1
+ 2

 ❯ tests/acceptance/phase-4-projections-constant-work-scoping.test.js:113:20
    111| 
    112|     const cwRows = constantWorkMatrixRows(cell);
    113|     expect(cwRows).toHaveLength(1);
       |                    ^
    114|     expect(cwRows[0].category).toBe('Backend');
    115|     // Negative: the Ops row, whose Category is in no member of the Pr…

⎯⎯⎯⎯⎯⎯⎯⎯⎯⎯⎯⎯⎯⎯⎯⎯⎯⎯⎯⎯⎯⎯⎯⎯[1/5]⎯

 FAIL  tests/acceptance/phase-4-projections-constant-work-scoping.test.js > AT-2: a projection cell's cwEffort band floor is scoped to the Projection group's members > sets cwEffort to the Backend row's person-months only, not the Backend+Ops total, and flattens the band to that scoped floor
AssertionError: expected 6.60093879252567 to be close to 2.200382139383515, received difference is 4.400556653142155, but expected 5e-11
 ❯ tests/acceptance/phase-4-projections-constant-work-scoping.test.js:136:27
    134|     expect(cell).toBeTruthy();
    135|     // Scoped to the Backend row alone …
    136|     expect(cell.cwEffort).toBeCloseTo(pm(win, 'M'), 10);
       |                           ^
    137|     // … explicitly NOT the unscoped Backend+Ops total.
    138|     expect(cell.cwEffort).not.toBeCloseTo(pm(win, 'M') + pm(win, 'L'),…

⎯⎯⎯⎯⎯⎯⎯⎯⎯⎯⎯⎯⎯⎯⎯⎯⎯⎯⎯⎯⎯⎯⎯⎯[2/5]⎯

 FAIL  tests/acceptance/phase-4-projections-constant-work-scoping.test.js > AT-2: a projection cell's cwEffort band floor is scoped to the Projection group's members > scopes by Category case-insensitively and after trimming surrounding whitespace
AssertionError: expected 6.60093879252567 to be close to 2.200382139383515, received difference is 4.400556653142155, but expected 5e-11
 ❯ tests/acceptance/phase-4-projections-constant-work-scoping.test.js:160:27
    158|     const cell = cellFor(buildProjections(win, ['Q3 2026']), 'Platform…
    159|     expect(cell).toBeTruthy();
    160|     expect(cell.cwEffort).toBeCloseTo(pm(win, 'M'), 10);
       |                           ^
    161|     expect(constantWorkMatrixRows(cell)).toHaveLength(1);
    162|   });

⎯⎯⎯⎯⎯⎯⎯⎯⎯⎯⎯⎯⎯⎯⎯⎯⎯⎯⎯⎯⎯⎯⎯⎯[3/5]⎯

 FAIL  tests/acceptance/phase-4-projections-constant-work-scoping.test.js > AT-3: a zero-member Projection group collapses the band to a scoped cwEffort of 0 > scopes cwEffort to 0 and flattens the Effort projection band to (0, 0, 0) even when the cell has constant work
AssertionError: expected 2.200382139383515 to be +0 // Object.is equality

- Expected
+ Received

- 0
+ 2.200382139383515

 ❯ tests/acceptance/phase-4-projections-constant-work-scoping.test.js:179:27
    177|     const cell = cellFor(buildProjections(win, ['Q3 2026']), 'Platform…
    178|     expect(cell).toBeTruthy();
    179|     expect(cell.cwEffort).toBe(0);
       |                           ^
    180|     expect(cell.p25).toBe(0);
    181|     expect(cell.p50).toBe(0);

⎯⎯⎯⎯⎯⎯⎯⎯⎯⎯⎯⎯⎯⎯⎯⎯⎯⎯⎯⎯⎯⎯⎯⎯[4/5]⎯

 FAIL  tests/acceptance/phase-4-projections-constant-work-scoping.test.js > AT-5: a Projection group whose members include the (Blank) sentinel includes blank-Category constant work in the cell > scopes cwEffort to the blank-Category row and excludes a non-blank-Category row when members === [BLANK]
AssertionError: expected 6.60093879252567 to be close to 2.200382139383515, received difference is 4.400556653142155, but expected 5e-11
 ❯ tests/acceptance/phase-4-projections-constant-work-scoping.test.js:228:27
    226|     const cell = cellFor(buildProjections(win, ['Q3 2026']), 'Platform…
    227|     expect(cell).toBeTruthy();
    228|     expect(cell.cwEffort).toBeCloseTo(pm(win, 'M'), 10);
       |                           ^
    229| 
    230|     const cwRows = constantWorkMatrixRows(cell);

⎯⎯⎯⎯⎯⎯⎯⎯⎯⎯⎯⎯⎯⎯⎯⎯⎯⎯⎯⎯⎯⎯⎯⎯[5/5]⎯

 Test Files  1 failed | 1 passed (2)
      Tests  5 failed | 31 passed (36)
   Start at  23:59:46
   Duration  1.02s (transform 25ms, setup 0ms, collect 432ms, tests 749ms, environment 0ms, prepare 112ms)

