command: npm run verify
run_at: 2026-05-31T23:42:08Z
exit_code: 1
---

> verify
> vitest run


 RUN  v2.1.9 /Users/emmanuel.goossaert@new10.com/code/software-effort-simulator

 ↓ tests/verification/sanity-check-engine-mean.test.js (1 test | 1 skipped)
stdout | tests/acceptance/phase-3-team-level-constant-work-scoping.test.js > AT-1: a team section lifts only the Groups whose members include a matching-team constant-work row's Category > credits the team's matching Group its t-shirt person-months, leaves the non-matching Group at 0, and ignores rows outside the Target quarters
[Initiatives] 1 rows | key="jira_key" | category="category" | team="teams" | name="building_block" | kr="null"

stdout | tests/acceptance/phase-3-team-level-constant-work-scoping.test.js > AT-2: a constant-work row for another team does not lift this team > leaves every Group entry of the non-matching team at 0 while the matching team is lifted
[Initiatives] 2 rows | key="jira_key" | category="category" | team="teams" | name="building_block" | kr="null"

stdout | tests/acceptance/phase-3-team-level-constant-work-scoping.test.js > AT-3: the per-team vector is aligned with the Groups and is team-scoped AND Category-scoped > has one entry per Group and excludes the team's constant-work row whose Category is in no Group
[Initiatives] 1 rows | key="jira_key" | category="category" | team="teams" | name="building_block" | kr="null"

stdout | tests/acceptance/phase-3-team-level-constant-work-scoping.test.js > AT-4: the Team Level tab stats reflect the per-Group team shift > shifts only the Group whose Category matches the team's constant work; the other Group's column is not lifted
[Initiatives] 1 rows | key="jira_key" | category="category" | team="teams" | name="building_block" | kr="null"

stderr | tests/acceptance/phase-3-team-level-constant-work-scoping.test.js > AT-4: the Team Level tab stats reflect the per-Group team shift > shifts only the Group whose Category matches the team's constant work; the other Group's column is not lifted
Error: Not implemented: HTMLCanvasElement.prototype.getContext (without installing the canvas npm package)
    at module.exports (/Users/emmanuel.goossaert@new10.com/code/software-effort-simulator/node_modules/jsdom/lib/jsdom/browser/not-implemented.js:9:17)
    at HTMLCanvasElementImpl.getContext (/Users/emmanuel.goossaert@new10.com/code/software-effort-simulator/node_modules/jsdom/lib/jsdom/living/nodes/HTMLCanvasElement-impl.js:42:5)
    at HTMLCanvasElement.getContext (/Users/emmanuel.goossaert@new10.com/code/software-effort-simulator/node_modules/jsdom/lib/jsdom/living/generated/HTMLCanvasElement.js:131:58)
    at renderChartOnCanvas (http://localhost/:32:25)
    at renderTeamSection (http://localhost/:304:29)
    at eval (eval at window.__readBinding (http://localhost/:66:23), <anonymous>:1:14)
    at eval (eval at window.__readBinding (http://localhost/:66:23), <anonymous>:1:71)
    at eval (<anonymous>)
    at window.__readBinding (http://localhost/:66:23)
    at Module.execIn (/Users/emmanuel.goossaert@new10.com/code/software-effort-simulator/tests/harness.js:192:14) undefined

stdout | tests/acceptance/phase-3-team-level-constant-work-scoping.test.js > AT-5: the per-team constant-work match is case-insensitive on the team name > credits a row whose team casing differs from the initiative team, and still excludes other teams' rows
[Initiatives] 1 rows | key="jira_key" | category="category" | team="teams" | name="building_block" | kr="null"

 ✓ tests/acceptance/phase-3-team-level-constant-work-scoping.test.js (5 tests) 352ms
stdout | tests/acceptance/phase-4-projections-constant-work-scoping.test.js > AT-1: a projection cell shows only constant work whose Category is in the Projection group's members > appends the Backend constant-work row to the cell and omits the Ops row when the Projection group's members are ['Backend']
[Initiatives] 1 rows | key="jira_key" | category="category" | team="teams" | name="building_block" | kr="null"

stdout | tests/acceptance/phase-4-projections-constant-work-scoping.test.js > AT-2: a projection cell's cwEffort band floor is scoped to the Projection group's members > sets cwEffort to the Backend row's person-months only, not the Backend+Ops total, and flattens the band to that scoped floor
[Initiatives] 1 rows | key="jira_key" | category="category" | team="teams" | name="building_block" | kr="null"

stdout | tests/acceptance/phase-4-projections-constant-work-scoping.test.js > AT-2: a projection cell's cwEffort band floor is scoped to the Projection group's members > scopes by Category case-insensitively and after trimming surrounding whitespace
[Initiatives] 1 rows | key="jira_key" | category="category" | team="teams" | name="building_block" | kr="null"

stdout | tests/acceptance/phase-4-projections-constant-work-scoping.test.js > AT-3: a zero-member Projection group collapses the band to a scoped cwEffort of 0 > scopes cwEffort to 0 and flattens the Effort projection band to (0, 0, 0) even when the cell has constant work
[Initiatives] 1 rows | key="jira_key" | category="category" | team="teams" | name="building_block" | kr="null"

stdout | tests/acceptance/phase-4-projections-constant-work-scoping.test.js > AT-4: with no Projection group (empty groupsStore) the cell falls back to all constant work for that (team, quarter) > sums every constant-work row into cwEffort, flattens the band to that total, and keeps all rows in the matrix (ADR-0023 degenerate fallback)
[Initiatives] 1 rows | key="jira_key" | category="category" | team="teams" | name="building_block" | kr="null"

stdout | tests/acceptance/phase-4-projections-constant-work-scoping.test.js > AT-5: a Projection group whose members include the (Blank) sentinel includes blank-Category constant work in the cell > scopes cwEffort to the blank-Category row and excludes a non-blank-Category row when members === [BLANK]
[Initiatives] 1 rows | key="jira_key" | category="category" | team="teams" | name="building_block" | kr="null"

 ✓ tests/acceptance/phase-4-projections-constant-work-scoping.test.js (6 tests) 376ms
stdout | tests/acceptance/phase-5-constant-work-quarters-and-preview.test.js > AT-1: a constant-work-only quarter is selectable as a Target quarter but not a Historical quarter > lists constant-work-only quarters in the Target selector, omits them from the Historical selector, and the Target⊇Historical difference is exactly the constant-work-only quarters
[Initiatives] 2 rows | key="jira_key" | category="category" | team="teams" | name="building_block" | kr="null"

stdout | tests/acceptance/phase-5-constant-work-quarters-and-preview.test.js > AT-2: selecting a constant-work-only Target quarter yields a pure-constant-work forecast > produces kPerGroup all-zero (no Initiatives in the quarter) and sits each Group flat at its own fixedEffortPerGroup entry
[Initiatives] 1 rows | key="jira_key" | category="category" | team="teams" | name="building_block" | kr="null"

stdout | tests/acceptance/phase-5-constant-work-quarters-and-preview.test.js > AT-3: the Historical quarter selector source is unchanged (initiatives ∪ epics) > lists exactly the initiative ∪ epic quarters in the Historical selector, with no constant-work-only quarter added
[Initiatives] 2 rows | key="jira_key" | category="category" | team="teams" | name="building_block" | kr="null"

stdout | tests/acceptance/phase-5-constant-work-quarters-and-preview.test.js > AT-4: the Data preview shows per-Group constant-work PM beside each per-Group K row > reports a group-aligned fixedEffortPerGroup (lifted Group at its PM, other Group at 0) and surfaces the per-Group PM in the rendered preview
[Initiatives] 1 rows | key="jira_key" | category="category" | team="teams" | name="building_block" | kr="null"

stdout | tests/acceptance/phase-5-constant-work-quarters-and-preview.test.js > AT-5: the Data preview shows an in-no-group excluded line for constant work matching no Group > counts only target-quarter rows whose Category is in no Group toward cwExcludedPM/cwExcludedRows (overlap-aware) and renders an excluded line
[Initiatives] 1 rows | key="jira_key" | category="category" | team="teams" | name="building_block" | kr="null"

stdout | tests/acceptance/phase-5-constant-work-quarters-and-preview.test.js > AT-6: the Data preview shows no non-zero excluded line when all constant work is in a Group > reports zero excluded PM and rows, and renders no positive "excluded" line
[Initiatives] 1 rows | key="jira_key" | category="category" | team="teams" | name="building_block" | kr="null"

 ✓ tests/acceptance/phase-5-constant-work-quarters-and-preview.test.js (6 tests) 422ms
stdout | tests/acceptance/phase-1-constant-work-substrate.test.js > AT-1: loading a Constant Work CSV creates editedConstantWork as a per-row shallow clone of parsedConstantWork > clones every row into a new top-level array with equal length, distinct row references, equal values, and equal key order
[ConstantWork] 3 rows

stdout | tests/acceptance/phase-1-constant-work-substrate.test.js > AT-2: mutating editedConstantWork[i][k] leaves parsedConstantWork[i][k] unchanged > keeps parsedConstantWork as the immutable parse output when a clone cell is reassigned
[ConstantWork] 1 rows

stdout | tests/acceptance/phase-1-constant-work-substrate.test.js > AT-3: resetConstantWorkFile sets both parsedConstantWork and editedConstantWork to null > clears the constant-work substrate completely on file clear
[ConstantWork] 2 rows

stdout | tests/acceptance/phase-1-constant-work-substrate.test.js > AT-4: getConstantWorkEffort reads editedConstantWork (deterministic person-months reflect edits) > returns the person-months of the EDITED t-shirt size, not the original parsed size
[ConstantWork] 1 rows

stdout | tests/acceptance/phase-1-constant-work-substrate.test.js > AT-5: getConstantWorkEpics reads editedConstantWork > returns the EDITED epic name for the row's team and quarter
[ConstantWork] 1 rows

stdout | tests/acceptance/phase-1-constant-work-substrate.test.js > AT-6: buildTeamProjections derives constant-work quarters from editedConstantWork > includes a team's EDITED constant-work quarter and drops the original parsed quarter
[Initiatives] 1 rows | key="jira_key" | category="category" | team="teams" | name="building_block" | kr="null"
[ConstantWork] 1 rows

stdout | tests/acceptance/phase-1-constant-work-substrate.test.js > AT-8: a freshly-loaded Constant Work CSV with no edits feeds the Run identically (transparent indirection) > makes editedConstantWork a structural clone of parsedConstantWork and the readers report the same effort
[ConstantWork] 3 rows

stdout | tests/acceptance/phase-1-constant-work-substrate.test.js > AT-9: re-loading a Constant Work CSV rebuilds the clone wholesale and discards prior edits > replaces editedConstantWork with a fresh clone of the new file and drops the earlier edit
[ConstantWork] 1 rows
[ConstantWork] 1 rows

 ✓ tests/acceptance/phase-1-constant-work-substrate.test.js (9 tests) 471ms
stdout | tests/acceptance/phase-7-constant-work-add-delete.test.js > AT-2: + Add row appends a blank row carrying the imported header set, not the canonical schema > gives the new row exactly the imported headers (blank) so all rows share columns
[ConstantWork] 1 rows

 ✓ tests/acceptance/phase-7-constant-work-add-delete.test.js (11 tests) 532ms
stderr | tests/acceptance/phase-7-constant-work-add-delete.test.js
Error: Not implemented: navigation (except hash changes)
    at module.exports (/Users/emmanuel.goossaert@new10.com/code/software-effort-simulator/node_modules/jsdom/lib/jsdom/browser/not-implemented.js:9:17)
    at navigateFetch (/Users/emmanuel.goossaert@new10.com/code/software-effort-simulator/node_modules/jsdom/lib/jsdom/living/window/navigation.js:77:3)
    at exports.navigate (/Users/emmanuel.goossaert@new10.com/code/software-effort-simulator/node_modules/jsdom/lib/jsdom/living/window/navigation.js:55:3)
    at Timeout._onTimeout (/Users/emmanuel.goossaert@new10.com/code/software-effort-simulator/node_modules/jsdom/lib/jsdom/living/nodes/HTMLHyperlinkElementUtils-impl.js:81:7)
    at listOnTimeout (node:internal/timers:605:17)
    at processTimers (node:internal/timers:541:7) undefined

stdout | tests/acceptance/phase-2-constant-work-org-scoping.test.js > AT-1: a constant-work row lifts only the Groups whose members include its Category > credits the matching Group its t-shirt person-months, leaves non-matching Groups at 0, and ignores rows outside the Target quarters
[Initiatives] 1 rows | key="jira_key" | category="category" | team="teams" | name="building_block" | kr="null"

stdout | tests/acceptance/phase-2-constant-work-org-scoping.test.js > AT-2: a constant-work row whose Category is in no Group lifts nothing > excludes the row from every Group when its Category matches no members
[Initiatives] 1 rows | key="jira_key" | category="category" | team="teams" | name="building_block" | kr="null"

stdout | tests/acceptance/phase-2-constant-work-org-scoping.test.js > AT-3: per-Group Category matching is case-insensitive and trimmed > matches " backend " against the member "Backend"
[Initiatives] 1 rows | key="jira_key" | category="category" | team="teams" | name="building_block" | kr="null"

stdout | tests/acceptance/phase-2-constant-work-org-scoping.test.js > AT-4: a blank-Category constant-work row lifts only Groups whose members include the (Blank) sentinel > credits the BLANK-member Group and leaves a string-member Group at 0
[Initiatives] 1 rows | key="jira_key" | category="category" | team="teams" | name="building_block" | kr="null"

stdout | tests/acceptance/phase-2-constant-work-org-scoping.test.js > AT-7: constant work changes only fixedEffortPerGroup — never kPerGroup, λ, or the epic sizing pool > keeps kPerGroup, lambda and epicSizingDist identical with and without a constant-work row
[Initiatives] 2 rows | key="jira_key" | category="category" | team="teams" | name="building_block" | kr="null"

stdout | tests/acceptance/phase-2-constant-work-org-scoping.test.js > AT-8: a constant-work Category present in multiple Groups lifts each of them > credits every Group whose members include the overlapping Category
[Initiatives] 1 rows | key="jira_key" | category="category" | team="teams" | name="building_block" | kr="null"

stdout | tests/acceptance/phase-2-constant-work-org-scoping.test.js > AT-9: the auto-default All Group members union initiative and constant-work Categories (load-order independent) > unions {Analytics,Backend} (initiatives) with {Compliance} (constant work) when initiatives load first
[Initiatives] 2 rows | key="jira_key" | category="category" | team="teams" | name="building_block" | kr="null"
[ConstantWork] 1 rows

stdout | tests/acceptance/phase-2-constant-work-org-scoping.test.js > AT-9: the auto-default All Group members union initiative and constant-work Categories (load-order independent) > unions the same Categories when constant work loads first
[ConstantWork] 1 rows
[Initiatives] 2 rows | key="jira_key" | category="category" | team="teams" | name="building_block" | kr="null"

stdout | tests/acceptance/phase-2-constant-work-org-scoping.test.js > AT-10: the auto-default stops auto-syncing once the user has modified Groups > leaves user-defined Groups untouched when a later Constant Work CSV introduces a new Category
[Initiatives] 1 rows | key="jira_key" | category="category" | team="teams" | name="building_block" | kr="null"
[ConstantWork] 1 rows

stdout | tests/acceptance/phase-2-constant-work-org-scoping.test.js > AT-11: a Run with totalK === 0 but constant work present sits each Group at its own per-Group shift > produces a flat per-Group distribution at each Group constant-work person-months (pure constant work)
[Initiatives] 1 rows | key="jira_key" | category="category" | team="teams" | name="building_block" | kr="null"

 ✓ tests/acceptance/phase-2-constant-work-org-scoping.test.js (12 tests) 585ms
stdout | tests/acceptance/phase-8-groups-popover-union.test.js > AT-1: the Members popover lists a constant-work-only Category alongside initiative Categories > lists every initiative Category and every constant-work-only Category
[Initiatives] 2 rows | key="jira_key" | category="category" | team="teams" | name="building_block" | kr="null"

stdout | tests/acceptance/phase-8-groups-popover-union.test.js > AT-1: the Members popover lists a constant-work-only Category alongside initiative Categories > does not list a Category that is in neither initiatives nor constant work (negative)
[Initiatives] 1 rows | key="jira_key" | category="category" | team="teams" | name="building_block" | kr="null"

stdout | tests/acceptance/phase-8-groups-popover-union.test.js > AT-1: the Members popover lists a constant-work-only Category alongside initiative Categories > lists every distinct constant-work Category (property over a multi-row, multi-Category model)
[Initiatives] 1 rows | key="jira_key" | category="category" | team="teams" | name="building_block" | kr="null"

stdout | tests/acceptance/phase-8-groups-popover-union.test.js > AT-2: a Category present in both sources appears once, with the Initiative casing > a single merged entry uses the Initiative casing, not the constant-work casing
[Initiatives] 1 rows | key="jira_key" | category="category" | team="teams" | name="building_block" | kr="null"

stdout | tests/acceptance/phase-8-groups-popover-union.test.js > AT-2: a Category present in both sources appears once, with the Initiative casing > dedups case-insensitively across several overlapping case variants (property)
[Initiatives] 2 rows | key="jira_key" | category="category" | team="teams" | name="building_block" | kr="null"

stdout | tests/acceptance/phase-8-groups-popover-union.test.js > AT-3: a constant-work-only Category keeps its own casing > renders the constant-work casing verbatim when the Category is absent from initiatives
[Initiatives] 1 rows | key="jira_key" | category="category" | team="teams" | name="building_block" | kr="null"

stdout | tests/acceptance/phase-8-groups-popover-union.test.js > AT-3: a constant-work-only Category keeps its own casing > preserves a mixed-case constant-work-only Category exactly (boundary)
[Initiatives] 1 rows | key="jira_key" | category="category" | team="teams" | name="building_block" | kr="null"

stdout | tests/acceptance/phase-8-groups-popover-union.test.js > AT-4: adding a constant-work-only Category to a Group scopes that constant work on the next Run > after adding the Category via the popover, the Group's fixedEffortPerGroup includes the row PM and the row is no longer excluded
[Initiatives] 1 rows | key="jira_key" | category="category" | team="teams" | name="building_block" | kr="null"

stdout | tests/acceptance/phase-8-groups-popover-union.test.js > AT-5: the popover still lists the (Blank) row and the free-text input > a dedicated (Blank) row and a free-text input are present (unchanged from feature 0020)
[Initiatives] 1 rows | key="jira_key" | category="category" | team="teams" | name="building_block" | kr="null"

stdout | tests/acceptance/phase-8-groups-popover-union.test.js > AT-6: the union reflects the current edited state of both tabs (computed at open time) > an unsaved edit to an initiative Category and to a constant-work Category both appear without a Run
[Initiatives] 1 rows | key="jira_key" | category="category" | team="teams" | name="building_block" | kr="null"

stdout | tests/acceptance/phase-8-groups-popover-union.test.js > AT-6: the union reflects the current edited state of both tabs (computed at open time) > recomputes on each open, so an edit made after a first open is reflected on reopen (not cached)
[Initiatives] 1 rows | key="jira_key" | category="category" | team="teams" | name="building_block" | kr="null"

 ❯ tests/acceptance/phase-8-groups-popover-union.test.js (11 tests | 7 failed) 614ms
   × AT-1: the Members popover lists a constant-work-only Category alongside initiative Categories > lists every initiative Category and every constant-work-only Category 303ms
     → expected [ 'A', 'B' ] to include 'C'
   × AT-1: the Members popover lists a constant-work-only Category alongside initiative Categories > lists every distinct constant-work Category (property over a multi-row, multi-Category model) 30ms
     → expected [ 'A' ] to include 'Platform'
   × AT-3: a constant-work-only Category keeps its own casing > renders the constant-work casing verbatim when the Category is absent from initiatives 27ms
     → expected [ 'Backend' ] to include 'Ops'
   × AT-3: a constant-work-only Category keeps its own casing > preserves a mixed-case constant-work-only Category exactly (boundary) 30ms
     → expected [ 'Backend' ] to include 'DataPlatform'
   × AT-4: adding a constant-work-only Category to a Group scopes that constant work on the next Run > after adding the Category via the popover, the Group's fixedEffortPerGroup includes the row PM and the row is no longer excluded 28ms
     → expected undefined to be truthy
   × AT-6: the union reflects the current edited state of both tabs (computed at open time) > an unsaved edit to an initiative Category and to a constant-work Category both appear without a Run 27ms
     → expected [ 'KR9' ] to include 'KR8'
   × AT-6: the union reflects the current edited state of both tabs (computed at open time) > recomputes on each open, so an edit made after a first open is reflected on reopen (not cached) 28ms
     → expected [ 'A' ] to include 'C'
stdout | tests/acceptance/phase-6-constant-work-tab.test.js > AT-5: the category, team, and quarter cells are <input list> datalist combos seeded from the observed union > seeds the category datalist from the union of initiative and constant-work Categories
[Initiatives] 2 rows | key="jira_key" | category="category" | team="teams" | name="building_block" | kr="null"

stdout | tests/acceptance/phase-6-constant-work-tab.test.js > AT-5: the category, team, and quarter cells are <input list> datalist combos seeded from the observed union > renders team and quarter as datalist combos seeded from the union of initiative and constant-work values
[Initiatives] 1 rows | key="jira_key" | category="category" | team="teams" | name="building_block" | kr="null"

stdout | tests/acceptance/phase-6-constant-work-tab.test.js > AT-8: ↓ Export CSV downloads constant-work-edited.csv preserving the imported header set > triggers a constant-work-edited.csv download whose header row is exactly the imported headers (aliases + extras, original order)
[ConstantWork] 1 rows

stdout | tests/acceptance/phase-6-constant-work-tab.test.js > AT-9: the exported Constant Work CSV round-trips through re-import > reproduces the edited model (same columns and edited values) when the export is re-imported
[ConstantWork] 1 rows
[ConstantWork] 1 rows

 ✓ tests/acceptance/phase-6-constant-work-tab.test.js (15 tests) 644ms
stderr | tests/acceptance/phase-6-constant-work-tab.test.js
Error: Not implemented: navigation (except hash changes)
    at module.exports (/Users/emmanuel.goossaert@new10.com/code/software-effort-simulator/node_modules/jsdom/lib/jsdom/browser/not-implemented.js:9:17)
    at navigateFetch (/Users/emmanuel.goossaert@new10.com/code/software-effort-simulator/node_modules/jsdom/lib/jsdom/living/window/navigation.js:77:3)
    at exports.navigate (/Users/emmanuel.goossaert@new10.com/code/software-effort-simulator/node_modules/jsdom/lib/jsdom/living/window/navigation.js:55:3)
    at Timeout._onTimeout (/Users/emmanuel.goossaert@new10.com/code/software-effort-simulator/node_modules/jsdom/lib/jsdom/living/nodes/HTMLHyperlinkElementUtils-impl.js:81:7)
    at listOnTimeout (node:internal/timers:605:17)
    at processTimers (node:internal/timers:541:7) undefined
Error: Not implemented: navigation (except hash changes)
    at module.exports (/Users/emmanuel.goossaert@new10.com/code/software-effort-simulator/node_modules/jsdom/lib/jsdom/browser/not-implemented.js:9:17)
    at navigateFetch (/Users/emmanuel.goossaert@new10.com/code/software-effort-simulator/node_modules/jsdom/lib/jsdom/living/window/navigation.js:77:3)
    at exports.navigate (/Users/emmanuel.goossaert@new10.com/code/software-effort-simulator/node_modules/jsdom/lib/jsdom/living/window/navigation.js:55:3)
    at Timeout._onTimeout (/Users/emmanuel.goossaert@new10.com/code/software-effort-simulator/node_modules/jsdom/lib/jsdom/living/nodes/HTMLHyperlinkElementUtils-impl.js:81:7)
    at listOnTimeout (node:internal/timers:605:17)
    at processTimers (node:internal/timers:541:7) undefined

 ✓ tests/acceptance/phase-3-json-persistence-inner.test.js (28 tests) 866ms
stdout | tests/acceptance/phase-1-engine.test.js > AT-1: category header detection > detects the literal `category` header via detectCategoryCol
[Initiatives] 1 rows | key="jira_key" | category="category" | team="teams" | name="building_block" | kr="null"

stdout | tests/acceptance/phase-1-engine.test.js > AT-2: legacy moscow header detection > falls back to the `moscow` header when no `category` header is present
[Initiatives] 1 rows | key="jira_key" | category="moscow" | team="teams" | name="building_block" | kr="null"

stdout | tests/acceptance/phase-1-engine.test.js > AT-3: Quirky-format emoji header detection > falls back to the `emoji` header when neither `category` nor `moscow` is present
[Initiatives] 1 rows | key="jira_key" | category="emoji" | team="teams" | name="building_block" | kr="null"

stdout | tests/acceptance/phase-1-engine.test.js > AT-4: missing category/moscow/emoji header > yields categoryCol === null and every initiative resolves to the (Blank) sentinel
[Initiatives] 1 rows | key="jira_key" | category="null" | team="teams" | name="building_block" | kr="null"

stdout | tests/acceptance/phase-1-engine.test.js > AT-5: normalizeCategory equality semantics > buckets Automation, automation, "Automation " under one canonical Category
[Initiatives] 3 rows | key="jira_key" | category="category" | team="teams" | name="building_block" | kr="null"

stdout | tests/acceptance/phase-1-engine.test.js > AT-8: auto-default All Group on first CSV load > creates one Group {name:"All", color:"#4f46e5", isProjection:true, members:<observed>}
[Initiatives] 2 rows | key="jira_key" | category="category" | team="teams" | name="building_block" | kr="null"

stdout | tests/acceptance/phase-1-engine.test.js > AT-9: subsequent CSV load preserves user Groups > does NOT re-create the auto-default when groupsStore is non-empty
[Initiatives] 1 rows | key="jira_key" | category="category" | team="teams" | name="building_block" | kr="null"
[Initiatives] 1 rows | key="jira_key" | category="category" | team="teams" | name="building_block" | kr="null"

stdout | tests/acceptance/phase-1-engine.test.js > AT-10: prepareSimulationData kPerGroup output > returns one count per Group in groupsStore order
[Initiatives] 7 rows | key="jira_key" | category="category" | team="teams" | name="building_block" | kr="null"

stderr | tests/acceptance/phase-1-engine.test.js > AT-13: org-level chart renders one dataset per Group > renderChart produces a Chart instance whose data.datasets length === groupsStore.length
Error: Not implemented: HTMLCanvasElement.prototype.getContext (without installing the canvas npm package)
    at module.exports (/Users/emmanuel.goossaert@new10.com/code/software-effort-simulator/node_modules/jsdom/lib/jsdom/browser/not-implemented.js:9:17)
    at HTMLCanvasElementImpl.getContext (/Users/emmanuel.goossaert@new10.com/code/software-effort-simulator/node_modules/jsdom/lib/jsdom/living/nodes/HTMLCanvasElement-impl.js:42:5)
    at HTMLCanvasElement.getContext (/Users/emmanuel.goossaert@new10.com/code/software-effort-simulator/node_modules/jsdom/lib/jsdom/living/generated/HTMLCanvasElement.js:131:58)
    at renderChartOnCanvas (http://localhost/:32:25)
    at renderChart (http://localhost/:207:19)
    at eval (eval at window.__readBinding (http://localhost/:66:23), <anonymous>:1:14)
    at eval (eval at window.__readBinding (http://localhost/:66:23), <anonymous>:1:12151)
    at eval (<anonymous>)
    at window.__readBinding (http://localhost/:66:23)
    at Module.execIn (/Users/emmanuel.goossaert@new10.com/code/software-effort-simulator/tests/harness.js:192:14) undefined

stdout | tests/acceptance/phase-1-engine.test.js > AT-16: Data preview renders one per-Group K row > renderPreview emits N K-rows, one per Group, no K_must/K_must+should/K_must+should+could labels
[Initiatives] 9 rows | key="jira_key" | category="category" | team="teams" | name="building_block" | kr="null"

stdout | tests/acceptance/phase-1-engine.test.js > AT-19: Initiatives tab category cell is input list datalist combo > renders <input list="category-options" …> per row and emits one <datalist> once
[Initiatives] 2 rows | key="jira_key" | category="category" | team="teams" | name="building_block" | kr="null"

stdout | tests/acceptance/phase-1-engine.test.js > AT-20: free-text Category typed in datalist combo writes through > after onchange fires, editedInitiatives[idx][categoryCol] === typed string
[Initiatives] 1 rows | key="jira_key" | category="category" | team="teams" | name="building_block" | kr="null"

stdout | tests/acceptance/phase-1-engine.test.js > AT-22: auto-default All Group includes (Blank) sentinel > members contains BLANK when any Initiative has an empty category cell
[Initiatives] 3 rows | key="jira_key" | category="category" | team="teams" | name="building_block" | kr="null"

stdout | tests/acceptance/phase-1-engine.test.js > AT-23: auto-default All Group → single Scenario covering all > kPerGroup[0] === total target-quarter initiative count
[Initiatives] 10 rows | key="jira_key" | category="category" | team="teams" | name="building_block" | kr="null"

stdout | tests/acceptance/phase-1-engine.test.js > AT-24: unreferenced Category buckets are excluded > initiatives in Categories absent from any Group.members do not influence any Scenario
[Initiatives] 10 rows | key="jira_key" | category="category" | team="teams" | name="building_block" | kr="null"

stdout | tests/acceptance/phase-1-engine.test.js > AT-26: buildTeamProjections drives band from the Projection Group > a zero-member Projection Group collapses the band to cwEffort even when MSC has non-zero count
[Initiatives] 10 rows | key="jira_key" | category="category" | team="teams" | name="building_block" | kr="null"

stdout | tests/acceptance/phase-1-engine.test.js > AT-27: empty groupsStore falls back to cwEffort-only band > every projection band collapses to the constant-work-only triple when groupsStore === []
[Initiatives] 10 rows | key="jira_key" | category="category" | team="teams" | name="building_block" | kr="null"

stdout | tests/acceptance/phase-1-engine.test.js > AT-28: overlapping Group membership counts in every match > an Initiative in a Category present in multiple Groups contributes to each K
[Initiatives] 1 rows | key="jira_key" | category="category" | team="teams" | name="building_block" | kr="null"

stdout | tests/acceptance/phase-1-engine.test.js > AT-29: subsequent CSV (re)load does NOT re-sync the existing All Group > the auto-default fires once; later loads leave the existing Group untouched
[Initiatives] 1 rows | key="jira_key" | category="category" | team="teams" | name="building_block" | kr="null"
[Initiatives] 1 rows | key="jira_key" | category="category" | team="teams" | name="building_block" | kr="null"

stdout | tests/acceptance/phase-1-engine.test.js > AT-30: resetInitiativesFile leaves groupsStore intact > CSV reset clears parsedInitiatives but not Groups
[Initiatives] 1 rows | key="jira_key" | category="category" | team="teams" | name="building_block" | kr="null"

 ✓ tests/acceptance/phase-1-engine.test.js (30 tests) 936ms
stdout | tests/acceptance/phase-2-groups-tab.test.js > AT-4: Groups table renders one row per Group plus + New group > groupsStore order is preserved; tbody has groupsStore.length + 1 <tr>
[Initiatives] 1 rows | key="jira_key" | category="category" | team="teams" | name="building_block" | kr="null"

stdout | tests/acceptance/phase-2-groups-tab.test.js > AT-10: clicking + opens a MultiSelect popover with observed Categories + (Blank) + free-text > popover lists each observed Category as a checkbox plus a dedicated (Blank) row plus a free-text input
[Initiatives] 3 rows | key="jira_key" | category="category" | team="teams" | name="building_block" | kr="null"

stdout | tests/acceptance/phase-2-groups-tab.test.js > AT-11: toggling a popover option writes through to groupsStore > checking an unchecked option adds it to members; unchecking removes it
[Initiatives] 2 rows | key="jira_key" | category="category" | team="teams" | name="building_block" | kr="null"

stdout | tests/acceptance/phase-2-groups-tab.test.js > AT-12: adding a free-text Category creates an absent-from-CSV member > typing a new value + Enter pushes it to members; popover remains open
[Initiatives] 1 rows | key="jira_key" | category="category" | team="teams" | name="building_block" | kr="null"

stderr | tests/acceptance/phase-2-groups-tab.test.js > AT-20: pressing Run after Group edits renders one dataset per Group > renderChart receives results whose length matches current groupsStore.length
Error: Not implemented: HTMLCanvasElement.prototype.getContext (without installing the canvas npm package)
    at module.exports (/Users/emmanuel.goossaert@new10.com/code/software-effort-simulator/node_modules/jsdom/lib/jsdom/browser/not-implemented.js:9:17)
    at HTMLCanvasElementImpl.getContext (/Users/emmanuel.goossaert@new10.com/code/software-effort-simulator/node_modules/jsdom/lib/jsdom/living/nodes/HTMLCanvasElement-impl.js:42:5)
    at HTMLCanvasElement.getContext (/Users/emmanuel.goossaert@new10.com/code/software-effort-simulator/node_modules/jsdom/lib/jsdom/living/generated/HTMLCanvasElement.js:131:58)
    at renderChartOnCanvas (http://localhost/:32:25)
    at renderChart (http://localhost/:207:19)
    at eval (eval at window.__readBinding (http://localhost/:66:23), <anonymous>:1:14)
    at eval (eval at window.__readBinding (http://localhost/:66:23), <anonymous>:1:10268)
    at eval (<anonymous>)
    at window.__readBinding (http://localhost/:66:23)
    at Module.execIn (/Users/emmanuel.goossaert@new10.com/code/software-effort-simulator/tests/harness.js:192:14) undefined

stdout | tests/acceptance/phase-2-groups-tab.test.js > AT-24: a Group whose members reference a CSV-absent Category still renders > chip text matches the literal member value
[Initiatives] 1 rows | key="jira_key" | category="category" | team="teams" | name="building_block" | kr="null"

stdout | tests/acceptance/phase-2-groups-tab.test.js > AT-28: Members popover lists current editedInitiatives ∪ editedConstantWork Categories > an edit to editedInitiatives and a constant-work Category both appear in the popover even before Run
[Initiatives] 1 rows | key="jira_key" | category="category" | team="teams" | name="building_block" | kr="null"

stdout | tests/acceptance/phase-2-groups-tab.test.js > AT-29: Members popover stays open across multiple option toggles > after a checkbox toggles, the popover element is still in the DOM
[Initiatives] 2 rows | key="jira_key" | category="category" | team="teams" | name="building_block" | kr="null"

 ❯ tests/acceptance/phase-2-groups-tab.test.js (34 tests | 1 failed) 1129ms
   × AT-28: Members popover lists current editedInitiatives ∪ editedConstantWork Categories > an edit to editedInitiatives and a constant-work Category both appear in the popover even before Run 25ms
     → expected '\n    \n      \n      KR99\n    \n   …' to match /KR88/
 ✓ tests/verification/phase-3-review-01.test.js (2 tests) 139ms
stderr | tests/verification/drag-reorder-groups.test.js > reorderGroup propagates the same permutation to caches > lastRenderState[ctx].results.results is reordered in lockstep with groupsStore
Error: Not implemented: HTMLCanvasElement.prototype.getContext (without installing the canvas npm package)
    at module.exports (/Users/emmanuel.goossaert@new10.com/code/software-effort-simulator/node_modules/jsdom/lib/jsdom/browser/not-implemented.js:9:17)
    at HTMLCanvasElementImpl.getContext (/Users/emmanuel.goossaert@new10.com/code/software-effort-simulator/node_modules/jsdom/lib/jsdom/living/nodes/HTMLCanvasElement-impl.js:42:5)
    at HTMLCanvasElement.getContext (/Users/emmanuel.goossaert@new10.com/code/software-effort-simulator/node_modules/jsdom/lib/jsdom/living/generated/HTMLCanvasElement.js:131:58)
    at renderChartOnCanvas (http://localhost/:32:25)
    at rerenderContext (http://localhost/:150:21)
    at reorderGroup (http://localhost/:624:5)
    at eval (eval at window.__readBinding (http://localhost/:66:23), <anonymous>:1:14)
    at eval (eval at window.__readBinding (http://localhost/:66:23), <anonymous>:1:36)
    at eval (<anonymous>)
    at window.__readBinding (http://localhost/:66:23) undefined

stderr | tests/verification/drag-reorder-groups.test.js > Chart legend + Summary Statistics columns track the new order on re-render > after a reorder, renderStatsTableInto produces THs in the new order
Error: Not implemented: HTMLCanvasElement.prototype.getContext (without installing the canvas npm package)
    at module.exports (/Users/emmanuel.goossaert@new10.com/code/software-effort-simulator/node_modules/jsdom/lib/jsdom/browser/not-implemented.js:9:17)
    at HTMLCanvasElementImpl.getContext (/Users/emmanuel.goossaert@new10.com/code/software-effort-simulator/node_modules/jsdom/lib/jsdom/living/nodes/HTMLCanvasElement-impl.js:42:5)
    at HTMLCanvasElement.getContext (/Users/emmanuel.goossaert@new10.com/code/software-effort-simulator/node_modules/jsdom/lib/jsdom/living/generated/HTMLCanvasElement.js:131:58)
    at renderChartOnCanvas (http://localhost/:32:25)
    at rerenderContext (http://localhost/:150:21)
    at reorderGroup (http://localhost/:624:5)
    at eval (eval at window.__readBinding (http://localhost/:66:23), <anonymous>:1:14)
    at eval (eval at window.__readBinding (http://localhost/:66:23), <anonymous>:1:36)
    at eval (<anonymous>)
    at window.__readBinding (http://localhost/:66:23) undefined

 ✓ tests/verification/drag-reorder-groups.test.js (8 tests) 291ms
stdout | tests/verification/preview-hist-init-count-engine-denominator.test.js > preview.histInitCount reports the engine denominator (regression for handoff-fix-quarter-count) > matches countArray.length when initiatives CSV has no rows for the historical quarters but epics CSV does
[Initiatives] 2 rows | key="jira_key" | category="category" | team="teams" | name="building_block" | kr="null"

stdout | tests/verification/preview-hist-init-count-engine-denominator.test.js > preview.histInitCount reports the engine denominator (regression for handoff-fix-quarter-count) > grows when adding a historical quarter that contributes more initiative keys via epics
[Initiatives] 24 rows | key="jira_key" | category="category" | team="teams" | name="building_block" | kr="null"

stdout | tests/verification/preview-hist-init-count-engine-denominator.test.js > preview.histInitCount reports the engine denominator (regression for handoff-fix-quarter-count) > renderPreview displays the renamed label "Initiatives used (hist.)" and the engine denominator
[Initiatives] 1 rows | key="jira_key" | category="category" | team="teams" | name="building_block" | kr="null"

 ✓ tests/verification/preview-hist-init-count-engine-denominator.test.js (3 tests) 165ms
stdout | tests/acceptance/phase-3-json-persistence.test.js > AT-16: loaded members referencing absent Categories are preserved verbatim > a Group whose members reference a CSV-absent Category loads cleanly and silently matches zero at Run
[Initiatives] 2 rows | key="jira_key" | category="category" | team="teams" | name="building_block" | kr="null"

 ✓ tests/acceptance/phase-3-json-persistence.test.js (41 tests) 1233ms
stderr | tests/acceptance/phase-3-json-persistence.test.js
Error: Not implemented: navigation (except hash changes)
    at module.exports (/Users/emmanuel.goossaert@new10.com/code/software-effort-simulator/node_modules/jsdom/lib/jsdom/browser/not-implemented.js:9:17)
    at navigateFetch (/Users/emmanuel.goossaert@new10.com/code/software-effort-simulator/node_modules/jsdom/lib/jsdom/living/window/navigation.js:77:3)
    at exports.navigate (/Users/emmanuel.goossaert@new10.com/code/software-effort-simulator/node_modules/jsdom/lib/jsdom/living/window/navigation.js:55:3)
    at Timeout._onTimeout (/Users/emmanuel.goossaert@new10.com/code/software-effort-simulator/node_modules/jsdom/lib/jsdom/living/nodes/HTMLHyperlinkElementUtils-impl.js:81:7)
    at listOnTimeout (node:internal/timers:605:17)
    at processTimers (node:internal/timers:541:7) undefined
Error: Not implemented: navigation (except hash changes)
    at module.exports (/Users/emmanuel.goossaert@new10.com/code/software-effort-simulator/node_modules/jsdom/lib/jsdom/browser/not-implemented.js:9:17)
    at navigateFetch (/Users/emmanuel.goossaert@new10.com/code/software-effort-simulator/node_modules/jsdom/lib/jsdom/living/window/navigation.js:77:3)
    at exports.navigate (/Users/emmanuel.goossaert@new10.com/code/software-effort-simulator/node_modules/jsdom/lib/jsdom/living/window/navigation.js:55:3)
    at Timeout._onTimeout (/Users/emmanuel.goossaert@new10.com/code/software-effort-simulator/node_modules/jsdom/lib/jsdom/living/nodes/HTMLHyperlinkElementUtils-impl.js:81:7)
    at listOnTimeout (node:internal/timers:605:17)
    at processTimers (node:internal/timers:541:7) undefined
Error: Not implemented: navigation (except hash changes)
    at module.exports (/Users/emmanuel.goossaert@new10.com/code/software-effort-simulator/node_modules/jsdom/lib/jsdom/browser/not-implemented.js:9:17)
    at navigateFetch (/Users/emmanuel.goossaert@new10.com/code/software-effort-simulator/node_modules/jsdom/lib/jsdom/living/window/navigation.js:77:3)
    at exports.navigate (/Users/emmanuel.goossaert@new10.com/code/software-effort-simulator/node_modules/jsdom/lib/jsdom/living/window/navigation.js:55:3)
    at Timeout._onTimeout (/Users/emmanuel.goossaert@new10.com/code/software-effort-simulator/node_modules/jsdom/lib/jsdom/living/nodes/HTMLHyperlinkElementUtils-impl.js:81:7)
    at listOnTimeout (node:internal/timers:605:17)
    at processTimers (node:internal/timers:541:7) undefined
Error: Not implemented: navigation (except hash changes)
    at module.exports (/Users/emmanuel.goossaert@new10.com/code/software-effort-simulator/node_modules/jsdom/lib/jsdom/browser/not-implemented.js:9:17)
    at navigateFetch (/Users/emmanuel.goossaert@new10.com/code/software-effort-simulator/node_modules/jsdom/lib/jsdom/living/window/navigation.js:77:3)
    at exports.navigate (/Users/emmanuel.goossaert@new10.com/code/software-effort-simulator/node_modules/jsdom/lib/jsdom/living/window/navigation.js:55:3)
    at Timeout._onTimeout (/Users/emmanuel.goossaert@new10.com/code/software-effort-simulator/node_modules/jsdom/lib/jsdom/living/nodes/HTMLHyperlinkElementUtils-impl.js:81:7)
    at listOnTimeout (node:internal/timers:605:17)
    at processTimers (node:internal/timers:541:7) undefined
Error: Not implemented: navigation (except hash changes)
    at module.exports (/Users/emmanuel.goossaert@new10.com/code/software-effort-simulator/node_modules/jsdom/lib/jsdom/browser/not-implemented.js:9:17)
    at navigateFetch (/Users/emmanuel.goossaert@new10.com/code/software-effort-simulator/node_modules/jsdom/lib/jsdom/living/window/navigation.js:77:3)
    at exports.navigate (/Users/emmanuel.goossaert@new10.com/code/software-effort-simulator/node_modules/jsdom/lib/jsdom/living/window/navigation.js:55:3)
    at Timeout._onTimeout (/Users/emmanuel.goossaert@new10.com/code/software-effort-simulator/node_modules/jsdom/lib/jsdom/living/nodes/HTMLHyperlinkElementUtils-impl.js:81:7)
    at listOnTimeout (node:internal/timers:605:17)
    at processTimers (node:internal/timers:541:7) undefined
Error: Not implemented: navigation (except hash changes)
    at module.exports (/Users/emmanuel.goossaert@new10.com/code/software-effort-simulator/node_modules/jsdom/lib/jsdom/browser/not-implemented.js:9:17)
    at navigateFetch (/Users/emmanuel.goossaert@new10.com/code/software-effort-simulator/node_modules/jsdom/lib/jsdom/living/window/navigation.js:77:3)
    at exports.navigate (/Users/emmanuel.goossaert@new10.com/code/software-effort-simulator/node_modules/jsdom/lib/jsdom/living/window/navigation.js:55:3)
    at Timeout._onTimeout (/Users/emmanuel.goossaert@new10.com/code/software-effort-simulator/node_modules/jsdom/lib/jsdom/living/nodes/HTMLHyperlinkElementUtils-impl.js:81:7)
    at listOnTimeout (node:internal/timers:605:17)
    at processTimers (node:internal/timers:541:7) undefined
Error: Not implemented: navigation (except hash changes)
    at module.exports (/Users/emmanuel.goossaert@new10.com/code/software-effort-simulator/node_modules/jsdom/lib/jsdom/browser/not-implemented.js:9:17)
    at navigateFetch (/Users/emmanuel.goossaert@new10.com/code/software-effort-simulator/node_modules/jsdom/lib/jsdom/living/window/navigation.js:77:3)
    at exports.navigate (/Users/emmanuel.goossaert@new10.com/code/software-effort-simulator/node_modules/jsdom/lib/jsdom/living/window/navigation.js:55:3)
    at Timeout._onTimeout (/Users/emmanuel.goossaert@new10.com/code/software-effort-simulator/node_modules/jsdom/lib/jsdom/living/nodes/HTMLHyperlinkElementUtils-impl.js:81:7)
    at listOnTimeout (node:internal/timers:605:17)
    at processTimers (node:internal/timers:541:7) undefined
Error: Not implemented: navigation (except hash changes)
    at module.exports (/Users/emmanuel.goossaert@new10.com/code/software-effort-simulator/node_modules/jsdom/lib/jsdom/browser/not-implemented.js:9:17)
    at navigateFetch (/Users/emmanuel.goossaert@new10.com/code/software-effort-simulator/node_modules/jsdom/lib/jsdom/living/window/navigation.js:77:3)
    at exports.navigate (/Users/emmanuel.goossaert@new10.com/code/software-effort-simulator/node_modules/jsdom/lib/jsdom/living/window/navigation.js:55:3)
    at Timeout._onTimeout (/Users/emmanuel.goossaert@new10.com/code/software-effort-simulator/node_modules/jsdom/lib/jsdom/living/nodes/HTMLHyperlinkElementUtils-impl.js:81:7)
    at listOnTimeout (node:internal/timers:605:17)
    at processTimers (node:internal/timers:541:7) undefined

stdout | tests/verification/phase-1-2-review-01.test.js > Phase 1 — forbidden legacy fields are absent from engine returns > prepareSimulationData return shape carries kPerGroup only
[Initiatives] 1 rows | key="jira_key" | category="category" | team="teams" | name="building_block" | kr="null"

stdout | tests/verification/phase-1-2-review-01.test.js > Phase 1 — forbidden legacy fields are absent from engine returns > detectedCols carries categoryCol but not moscowCol
[Initiatives] 1 rows | key="jira_key" | category="category" | team="teams" | name="building_block" | kr="null"

stderr | tests/verification/phase-1-2-review-01.test.js > Phase 1 — chart datasets derive translucent backgroundColor from Group color > backgroundColor is a translucent rgba; borderColor has alpha === 0
Error: Not implemented: HTMLCanvasElement.prototype.getContext (without installing the canvas npm package)
    at module.exports (/Users/emmanuel.goossaert@new10.com/code/software-effort-simulator/node_modules/jsdom/lib/jsdom/browser/not-implemented.js:9:17)
    at HTMLCanvasElementImpl.getContext (/Users/emmanuel.goossaert@new10.com/code/software-effort-simulator/node_modules/jsdom/lib/jsdom/living/nodes/HTMLCanvasElement-impl.js:42:5)
    at HTMLCanvasElement.getContext (/Users/emmanuel.goossaert@new10.com/code/software-effort-simulator/node_modules/jsdom/lib/jsdom/living/generated/HTMLCanvasElement.js:131:58)
    at renderChartOnCanvas (http://localhost/:32:25)
    at renderChart (http://localhost/:207:19)
    at eval (eval at window.__readBinding (http://localhost/:66:23), <anonymous>:1:14)
    at eval (eval at window.__readBinding (http://localhost/:66:23), <anonymous>:1:10092)
    at eval (<anonymous>)
    at window.__readBinding (http://localhost/:66:23)
    at Module.execIn (/Users/emmanuel.goossaert@new10.com/code/software-effort-simulator/tests/harness.js:192:14) undefined

stdout | tests/verification/phase-1-2-review-01.test.js > Phase 1 — Initiatives-tab datalist options are sorted alphabetically (case-insensitive) > options for `KR2`, `Automation`, `KR1`, `analytics` render in alpha order
[Initiatives] 4 rows | key="jira_key" | category="category" | team="teams" | name="building_block" | kr="null"

 ✓ tests/verification/phase-1-2-review-01.test.js (5 tests) 224ms

⎯⎯⎯⎯⎯⎯⎯ Failed Tests 8 ⎯⎯⎯⎯⎯⎯⎯

 FAIL  tests/acceptance/phase-2-groups-tab.test.js > AT-28: Members popover lists current editedInitiatives ∪ editedConstantWork Categories > an edit to editedInitiatives and a constant-work Category both appear in the popover even before Run
AssertionError: expected '\n    \n      \n      KR99\n    \n   …' to match /KR88/

- Expected: 
/KR88/

+ Received: 
"
    
      
      KR99
    
    
    
    (Blank)
  
    
      
      Add
    
  "

 ❯ tests/acceptance/phase-2-groups-tab.test.js:609:33
    607|     expect(popover).toBeTruthy();
    608|     expect(popover.textContent).toMatch(/KR99/); // edited initiative …
    609|     expect(popover.textContent).toMatch(/KR88/); // constant-work-only…
       |                                 ^
    610|   });
    611| });

⎯⎯⎯⎯⎯⎯⎯⎯⎯⎯⎯⎯⎯⎯⎯⎯⎯⎯⎯⎯⎯⎯⎯⎯[1/8]⎯

 FAIL  tests/acceptance/phase-8-groups-popover-union.test.js > AT-1: the Members popover lists a constant-work-only Category alongside initiative Categories > lists every initiative Category and every constant-work-only Category
AssertionError: expected [ 'A', 'B' ] to include 'C'
 ❯ tests/acceptance/phase-8-groups-popover-union.test.js:102:18
    100|     expect(opts).toContain('A');
    101|     expect(opts).toContain('B');
    102|     expect(opts).toContain('C'); // the constant-work-only Category
       |                  ^
    103|   });
    104| 

⎯⎯⎯⎯⎯⎯⎯⎯⎯⎯⎯⎯⎯⎯⎯⎯⎯⎯⎯⎯⎯⎯⎯⎯[2/8]⎯

 FAIL  tests/acceptance/phase-8-groups-popover-union.test.js > AT-1: the Members popover lists a constant-work-only Category alongside initiative Categories > lists every distinct constant-work Category (property over a multi-row, multi-Category model)
AssertionError: expected [ 'A' ] to include 'Platform'
 ❯ tests/acceptance/phase-8-groups-popover-union.test.js:129:42
    127| 
    128|     const opts = categoryOptions(openPopover(win));
    129|     for (const c of cwCats) expect(opts).toContain(c);
       |                                          ^
    130|   });
    131| });

⎯⎯⎯⎯⎯⎯⎯⎯⎯⎯⎯⎯⎯⎯⎯⎯⎯⎯⎯⎯⎯⎯⎯⎯[3/8]⎯

 FAIL  tests/acceptance/phase-8-groups-popover-union.test.js > AT-3: a constant-work-only Category keeps its own casing > renders the constant-work casing verbatim when the Category is absent from initiatives
AssertionError: expected [ 'Backend' ] to include 'Ops'
 ❯ tests/acceptance/phase-8-groups-popover-union.test.js:181:18
    179| 
    180|     const opts = categoryOptions(openPopover(win));
    181|     expect(opts).toContain('Ops'); // its own casing, not 'ops' / 'OPS'
       |                  ^
    182|     expect(opts).not.toContain('ops');
    183|     expect(opts).not.toContain('OPS');

⎯⎯⎯⎯⎯⎯⎯⎯⎯⎯⎯⎯⎯⎯⎯⎯⎯⎯⎯⎯⎯⎯⎯⎯[4/8]⎯

 FAIL  tests/acceptance/phase-8-groups-popover-union.test.js > AT-3: a constant-work-only Category keeps its own casing > preserves a mixed-case constant-work-only Category exactly (boundary)
AssertionError: expected [ 'Backend' ] to include 'DataPlatform'
 ❯ tests/acceptance/phase-8-groups-popover-union.test.js:196:18
    194| 
    195|     const opts = categoryOptions(openPopover(win));
    196|     expect(opts).toContain('DataPlatform');
       |                  ^
    197|   });
    198| });

⎯⎯⎯⎯⎯⎯⎯⎯⎯⎯⎯⎯⎯⎯⎯⎯⎯⎯⎯⎯⎯⎯⎯⎯[5/8]⎯

 FAIL  tests/acceptance/phase-8-groups-popover-union.test.js > AT-4: adding a constant-work-only Category to a Group scopes that constant work on the next Run > after adding the Category via the popover, the Group's fixedEffortPerGroup includes the row PM and the row is no longer excluded
AssertionError: expected undefined to be truthy

- Expected: 
true

+ Received: 
undefined

 ❯ tests/acceptance/phase-8-groups-popover-union.test.js:225:25
    223|       return label && /\bOps\b/.test(label.textContent);
    224|     });
    225|     expect(opsCheckbox).toBeTruthy();
       |                         ^
    226|     opsCheckbox.checked = true;
    227|     opsCheckbox.dispatchEvent(new win.Event('change', { bubbles: true …

⎯⎯⎯⎯⎯⎯⎯⎯⎯⎯⎯⎯⎯⎯⎯⎯⎯⎯⎯⎯⎯⎯⎯⎯[6/8]⎯

 FAIL  tests/acceptance/phase-8-groups-popover-union.test.js > AT-6: the union reflects the current edited state of both tabs (computed at open time) > an unsaved edit to an initiative Category and to a constant-work Category both appear without a Run
AssertionError: expected [ 'KR9' ] to include 'KR8'
 ❯ tests/acceptance/phase-8-groups-popover-union.test.js:276:18
    274|     const opts = categoryOptions(openPopover(win));
    275|     expect(opts).toContain('KR9'); // edited initiative Category
    276|     expect(opts).toContain('KR8'); // edited constant-work Category
       |                  ^
    277|   });
    278| 

⎯⎯⎯⎯⎯⎯⎯⎯⎯⎯⎯⎯⎯⎯⎯⎯⎯⎯⎯⎯⎯⎯⎯⎯[7/8]⎯

 FAIL  tests/acceptance/phase-8-groups-popover-union.test.js > AT-6: the union reflects the current edited state of both tabs (computed at open time) > recomputes on each open, so an edit made after a first open is reflected on reopen (not cached)
AssertionError: expected [ 'A' ] to include 'C'
 ❯ tests/acceptance/phase-8-groups-popover-union.test.js:290:18
    288|     // First open establishes the popover once.
    289|     let opts = categoryOptions(openPopover(win));
    290|     expect(opts).toContain('C');
       |                  ^
    291|     expect(opts).not.toContain('LateAddition');
    292| 

⎯⎯⎯⎯⎯⎯⎯⎯⎯⎯⎯⎯⎯⎯⎯⎯⎯⎯⎯⎯⎯⎯⎯⎯[8/8]⎯

 Test Files  2 failed | 14 passed | 1 skipped (17)
      Tests  8 failed | 218 passed | 1 skipped (227)
   Start at  01:42:09
   Duration  1.99s (transform 164ms, setup 0ms, collect 7.56s, tests 8.98s, environment 2ms, prepare 1.01s)

