command: npm run verify
run_at: 2026-05-31T22:50:05Z
exit_code: 1
---

> verify
> vitest run


 RUN  v2.1.9 /Users/emmanuel.goossaert@new10.com/code/software-effort-simulator

 ↓ tests/verification/sanity-check-engine-mean.test.js (1 test | 1 skipped)
stdout | tests/acceptance/phase-4-projections-constant-work-scoping.test.js > AT-1: a projection cell shows only constant work whose Category is in the Projection group's members > appends the Backend constant-work row to the cell and omits the Ops row when the Projection group's members are ['Backend']
[Initiatives] 1 rows | key="jira_key" | category="category" | team="teams" | name="building_block" | kr="null"

stdout | tests/acceptance/phase-4-projections-constant-work-scoping.test.js > AT-2: a projection cell's cwEffort band floor is scoped to the Projection group's members > sets cwEffort to the Backend row's person-months only, not the Backend+Ops total, and flattens the band to that scoped floor
[Initiatives] 1 rows | key="jira_key" | category="category" | team="teams" | name="building_block" | kr="null"

stdout | tests/acceptance/phase-4-projections-constant-work-scoping.test.js > AT-2: a projection cell's cwEffort band floor is scoped to the Projection group's members > scopes by Category case-insensitively and after trimming surrounding whitespace
[Initiatives] 1 rows | key="jira_key" | category="category" | team="teams" | name="building_block" | kr="null"

stdout | tests/acceptance/phase-4-projections-constant-work-scoping.test.js > AT-3: a zero-member Projection group collapses the band to a scoped cwEffort of 0 > scopes cwEffort to 0 and flattens the Effort projection band to (0, 0, 0) even when the cell has constant work
[Initiatives] 1 rows | key="jira_key" | category="category" | team="teams" | name="building_block" | kr="null"

stdout | tests/acceptance/phase-4-projections-constant-work-scoping.test.js > AT-4: with no Projection group (empty groupsStore) the cell falls back to all constant work for that (team, quarter) > sums every constant-work row into cwEffort, flattens the band to that total, and keeps all rows in the matrix (ADR-0023 degenerate fallback)
[Initiatives] 1 rows | key="jira_key" | category="category" | team="teams" | name="building_block" | kr="null"

stdout | tests/acceptance/phase-4-projections-constant-work-scoping.test.js > AT-5: a Projection group whose members include the (Blank) sentinel includes blank-Category constant work in the cell > scopes cwEffort to the blank-Category row and excludes a non-blank-Category row when members === [BLANK]
[Initiatives] 1 rows | key="jira_key" | category="category" | team="teams" | name="building_block" | kr="null"

 ✓ tests/acceptance/phase-4-projections-constant-work-scoping.test.js (6 tests) 349ms
stdout | tests/acceptance/phase-5-constant-work-quarters-and-preview.test.js > AT-1: a constant-work-only quarter is selectable as a Target quarter but not a Historical quarter > lists constant-work-only quarters in the Target selector, omits them from the Historical selector, and the Target⊇Historical difference is exactly the constant-work-only quarters
[Initiatives] 2 rows | key="jira_key" | category="category" | team="teams" | name="building_block" | kr="null"

stdout | tests/acceptance/phase-5-constant-work-quarters-and-preview.test.js > AT-2: selecting a constant-work-only Target quarter yields a pure-constant-work forecast > produces kPerGroup all-zero (no Initiatives in the quarter) and sits each Group flat at its own fixedEffortPerGroup entry
[Initiatives] 1 rows | key="jira_key" | category="category" | team="teams" | name="building_block" | kr="null"

stdout | tests/acceptance/phase-5-constant-work-quarters-and-preview.test.js > AT-3: the Historical quarter selector source is unchanged (initiatives ∪ epics) > lists exactly the initiative ∪ epic quarters in the Historical selector, with no constant-work-only quarter added
[Initiatives] 2 rows | key="jira_key" | category="category" | team="teams" | name="building_block" | kr="null"

stdout | tests/acceptance/phase-5-constant-work-quarters-and-preview.test.js > AT-4: the Data preview shows per-Group constant-work PM beside each per-Group K row > reports a group-aligned fixedEffortPerGroup (lifted Group at its PM, other Group at 0) and surfaces the per-Group PM in the rendered preview
[Initiatives] 1 rows | key="jira_key" | category="category" | team="teams" | name="building_block" | kr="null"

stdout | tests/acceptance/phase-5-constant-work-quarters-and-preview.test.js > AT-5: the Data preview shows an in-no-group excluded line for constant work matching no Group > counts only target-quarter rows whose Category is in no Group toward cwExcludedPM/cwExcludedRows (overlap-aware) and renders an excluded line
[Initiatives] 1 rows | key="jira_key" | category="category" | team="teams" | name="building_block" | kr="null"

stdout | tests/acceptance/phase-5-constant-work-quarters-and-preview.test.js > AT-6: the Data preview shows no non-zero excluded line when all constant work is in a Group > reports zero excluded PM and rows, and renders no positive "excluded" line
[Initiatives] 1 rows | key="jira_key" | category="category" | team="teams" | name="building_block" | kr="null"

 ✓ tests/acceptance/phase-5-constant-work-quarters-and-preview.test.js (6 tests) 360ms
stdout | tests/acceptance/phase-3-team-level-constant-work-scoping.test.js > AT-1: a team section lifts only the Groups whose members include a matching-team constant-work row's Category > credits the team's matching Group its t-shirt person-months, leaves the non-matching Group at 0, and ignores rows outside the Target quarters
[Initiatives] 1 rows | key="jira_key" | category="category" | team="teams" | name="building_block" | kr="null"

stdout | tests/acceptance/phase-3-team-level-constant-work-scoping.test.js > AT-2: a constant-work row for another team does not lift this team > leaves every Group entry of the non-matching team at 0 while the matching team is lifted
[Initiatives] 2 rows | key="jira_key" | category="category" | team="teams" | name="building_block" | kr="null"

stdout | tests/acceptance/phase-3-team-level-constant-work-scoping.test.js > AT-3: the per-team vector is aligned with the Groups and is team-scoped AND Category-scoped > has one entry per Group and excludes the team's constant-work row whose Category is in no Group
[Initiatives] 1 rows | key="jira_key" | category="category" | team="teams" | name="building_block" | kr="null"

stdout | tests/acceptance/phase-3-team-level-constant-work-scoping.test.js > AT-4: the Team Level tab stats reflect the per-Group team shift > shifts only the Group whose Category matches the team's constant work; the other Group's column is not lifted
[Initiatives] 1 rows | key="jira_key" | category="category" | team="teams" | name="building_block" | kr="null"

stderr | tests/acceptance/phase-3-team-level-constant-work-scoping.test.js > AT-4: the Team Level tab stats reflect the per-Group team shift > shifts only the Group whose Category matches the team's constant work; the other Group's column is not lifted
Error: Not implemented: HTMLCanvasElement.prototype.getContext (without installing the canvas npm package)
    at module.exports (/Users/emmanuel.goossaert@new10.com/code/software-effort-simulator/node_modules/jsdom/lib/jsdom/browser/not-implemented.js:9:17)
    at HTMLCanvasElementImpl.getContext (/Users/emmanuel.goossaert@new10.com/code/software-effort-simulator/node_modules/jsdom/lib/jsdom/living/nodes/HTMLCanvasElement-impl.js:42:5)
    at HTMLCanvasElement.getContext (/Users/emmanuel.goossaert@new10.com/code/software-effort-simulator/node_modules/jsdom/lib/jsdom/living/generated/HTMLCanvasElement.js:131:58)
    at renderChartOnCanvas (http://localhost/:32:25)
    at renderTeamSection (http://localhost/:304:29)
    at eval (eval at window.__readBinding (http://localhost/:66:23), <anonymous>:1:14)
    at eval (eval at window.__readBinding (http://localhost/:66:23), <anonymous>:1:71)
    at eval (<anonymous>)
    at window.__readBinding (http://localhost/:66:23)
    at Module.execIn (/Users/emmanuel.goossaert@new10.com/code/software-effort-simulator/tests/harness.js:192:14) undefined

stdout | tests/acceptance/phase-3-team-level-constant-work-scoping.test.js > AT-5: the per-team constant-work match is case-insensitive on the team name > credits a row whose team casing differs from the initiative team, and still excludes other teams' rows
[Initiatives] 1 rows | key="jira_key" | category="category" | team="teams" | name="building_block" | kr="null"

 ✓ tests/acceptance/phase-3-team-level-constant-work-scoping.test.js (5 tests) 356ms
stdout | tests/verification/phase-1-2-review-01.test.js > Phase 1 — forbidden legacy fields are absent from engine returns > prepareSimulationData return shape carries kPerGroup only
[Initiatives] 1 rows | key="jira_key" | category="category" | team="teams" | name="building_block" | kr="null"

stdout | tests/verification/phase-1-2-review-01.test.js > Phase 1 — forbidden legacy fields are absent from engine returns > detectedCols carries categoryCol but not moscowCol
[Initiatives] 1 rows | key="jira_key" | category="category" | team="teams" | name="building_block" | kr="null"

stderr | tests/verification/phase-1-2-review-01.test.js > Phase 1 — chart datasets derive translucent backgroundColor from Group color > backgroundColor is a translucent rgba; borderColor has alpha === 0
Error: Not implemented: HTMLCanvasElement.prototype.getContext (without installing the canvas npm package)
    at module.exports (/Users/emmanuel.goossaert@new10.com/code/software-effort-simulator/node_modules/jsdom/lib/jsdom/browser/not-implemented.js:9:17)
    at HTMLCanvasElementImpl.getContext (/Users/emmanuel.goossaert@new10.com/code/software-effort-simulator/node_modules/jsdom/lib/jsdom/living/nodes/HTMLCanvasElement-impl.js:42:5)
    at HTMLCanvasElement.getContext (/Users/emmanuel.goossaert@new10.com/code/software-effort-simulator/node_modules/jsdom/lib/jsdom/living/generated/HTMLCanvasElement.js:131:58)
    at renderChartOnCanvas (http://localhost/:32:25)
    at renderChart (http://localhost/:207:19)
    at eval (eval at window.__readBinding (http://localhost/:66:23), <anonymous>:1:14)
    at eval (eval at window.__readBinding (http://localhost/:66:23), <anonymous>:1:10487)
    at eval (<anonymous>)
    at window.__readBinding (http://localhost/:66:23)
    at Module.execIn (/Users/emmanuel.goossaert@new10.com/code/software-effort-simulator/tests/harness.js:192:14) undefined

stdout | tests/verification/phase-1-2-review-01.test.js > Phase 1 — Initiatives-tab datalist options are sorted alphabetically (case-insensitive) > options for `KR2`, `Automation`, `KR1`, `analytics` render in alpha order
[Initiatives] 4 rows | key="jira_key" | category="category" | team="teams" | name="building_block" | kr="null"

 ✓ tests/verification/phase-1-2-review-01.test.js (5 tests) 387ms
stdout | tests/acceptance/phase-1-constant-work-substrate.test.js > AT-1: loading a Constant Work CSV creates editedConstantWork as a per-row shallow clone of parsedConstantWork > clones every row into a new top-level array with equal length, distinct row references, equal values, and equal key order
[ConstantWork] 3 rows

stdout | tests/acceptance/phase-1-constant-work-substrate.test.js > AT-2: mutating editedConstantWork[i][k] leaves parsedConstantWork[i][k] unchanged > keeps parsedConstantWork as the immutable parse output when a clone cell is reassigned
[ConstantWork] 1 rows

stdout | tests/acceptance/phase-1-constant-work-substrate.test.js > AT-3: resetConstantWorkFile sets both parsedConstantWork and editedConstantWork to null > clears the constant-work substrate completely on file clear
[ConstantWork] 2 rows

stdout | tests/acceptance/phase-1-constant-work-substrate.test.js > AT-4: getConstantWorkEffort reads editedConstantWork (deterministic person-months reflect edits) > returns the person-months of the EDITED t-shirt size, not the original parsed size
[ConstantWork] 1 rows

stdout | tests/acceptance/phase-1-constant-work-substrate.test.js > AT-5: getConstantWorkEpics reads editedConstantWork > returns the EDITED epic name for the row's team and quarter
[ConstantWork] 1 rows

stdout | tests/acceptance/phase-1-constant-work-substrate.test.js > AT-6: buildTeamProjections derives constant-work quarters from editedConstantWork > includes a team's EDITED constant-work quarter and drops the original parsed quarter
[Initiatives] 1 rows | key="jira_key" | category="category" | team="teams" | name="building_block" | kr="null"
[ConstantWork] 1 rows

stdout | tests/acceptance/phase-1-constant-work-substrate.test.js > AT-8: a freshly-loaded Constant Work CSV with no edits feeds the Run identically (transparent indirection) > makes editedConstantWork a structural clone of parsedConstantWork and the readers report the same effort
[ConstantWork] 3 rows

stdout | tests/acceptance/phase-1-constant-work-substrate.test.js > AT-9: re-loading a Constant Work CSV rebuilds the clone wholesale and discards prior edits > replaces editedConstantWork with a fresh clone of the new file and drops the earlier edit
[ConstantWork] 1 rows
[ConstantWork] 1 rows

 ✓ tests/acceptance/phase-1-constant-work-substrate.test.js (9 tests) 454ms
stderr | tests/verification/drag-reorder-groups.test.js > reorderGroup propagates the same permutation to caches > lastRenderState[ctx].results.results is reordered in lockstep with groupsStore
Error: Not implemented: HTMLCanvasElement.prototype.getContext (without installing the canvas npm package)
    at module.exports (/Users/emmanuel.goossaert@new10.com/code/software-effort-simulator/node_modules/jsdom/lib/jsdom/browser/not-implemented.js:9:17)
    at HTMLCanvasElementImpl.getContext (/Users/emmanuel.goossaert@new10.com/code/software-effort-simulator/node_modules/jsdom/lib/jsdom/living/nodes/HTMLCanvasElement-impl.js:42:5)
    at HTMLCanvasElement.getContext (/Users/emmanuel.goossaert@new10.com/code/software-effort-simulator/node_modules/jsdom/lib/jsdom/living/generated/HTMLCanvasElement.js:131:58)
    at renderChartOnCanvas (http://localhost/:32:25)
    at rerenderContext (http://localhost/:150:21)
    at reorderGroup (http://localhost/:465:5)
    at eval (eval at window.__readBinding (http://localhost/:66:23), <anonymous>:1:14)
    at eval (eval at window.__readBinding (http://localhost/:66:23), <anonymous>:1:36)
    at eval (<anonymous>)
    at window.__readBinding (http://localhost/:66:23) undefined

stderr | tests/verification/drag-reorder-groups.test.js > Chart legend + Summary Statistics columns track the new order on re-render > after a reorder, renderStatsTableInto produces THs in the new order
Error: Not implemented: HTMLCanvasElement.prototype.getContext (without installing the canvas npm package)
    at module.exports (/Users/emmanuel.goossaert@new10.com/code/software-effort-simulator/node_modules/jsdom/lib/jsdom/browser/not-implemented.js:9:17)
    at HTMLCanvasElementImpl.getContext (/Users/emmanuel.goossaert@new10.com/code/software-effort-simulator/node_modules/jsdom/lib/jsdom/living/nodes/HTMLCanvasElement-impl.js:42:5)
    at HTMLCanvasElement.getContext (/Users/emmanuel.goossaert@new10.com/code/software-effort-simulator/node_modules/jsdom/lib/jsdom/living/generated/HTMLCanvasElement.js:131:58)
    at renderChartOnCanvas (http://localhost/:32:25)
    at rerenderContext (http://localhost/:150:21)
    at reorderGroup (http://localhost/:465:5)
    at eval (eval at window.__readBinding (http://localhost/:66:23), <anonymous>:1:14)
    at eval (eval at window.__readBinding (http://localhost/:66:23), <anonymous>:1:36)
    at eval (<anonymous>)
    at window.__readBinding (http://localhost/:66:23) undefined

 ✓ tests/verification/drag-reorder-groups.test.js (8 tests) 491ms
stdout | tests/acceptance/phase-2-constant-work-org-scoping.test.js > AT-1: a constant-work row lifts only the Groups whose members include its Category > credits the matching Group its t-shirt person-months, leaves non-matching Groups at 0, and ignores rows outside the Target quarters
[Initiatives] 1 rows | key="jira_key" | category="category" | team="teams" | name="building_block" | kr="null"

stdout | tests/acceptance/phase-2-constant-work-org-scoping.test.js > AT-2: a constant-work row whose Category is in no Group lifts nothing > excludes the row from every Group when its Category matches no members
[Initiatives] 1 rows | key="jira_key" | category="category" | team="teams" | name="building_block" | kr="null"

stdout | tests/acceptance/phase-2-constant-work-org-scoping.test.js > AT-3: per-Group Category matching is case-insensitive and trimmed > matches " backend " against the member "Backend"
[Initiatives] 1 rows | key="jira_key" | category="category" | team="teams" | name="building_block" | kr="null"

stdout | tests/acceptance/phase-2-constant-work-org-scoping.test.js > AT-4: a blank-Category constant-work row lifts only Groups whose members include the (Blank) sentinel > credits the BLANK-member Group and leaves a string-member Group at 0
[Initiatives] 1 rows | key="jira_key" | category="category" | team="teams" | name="building_block" | kr="null"

stdout | tests/acceptance/phase-2-constant-work-org-scoping.test.js > AT-7: constant work changes only fixedEffortPerGroup — never kPerGroup, λ, or the epic sizing pool > keeps kPerGroup, lambda and epicSizingDist identical with and without a constant-work row
[Initiatives] 2 rows | key="jira_key" | category="category" | team="teams" | name="building_block" | kr="null"

stdout | tests/acceptance/phase-2-constant-work-org-scoping.test.js > AT-8: a constant-work Category present in multiple Groups lifts each of them > credits every Group whose members include the overlapping Category
[Initiatives] 1 rows | key="jira_key" | category="category" | team="teams" | name="building_block" | kr="null"

stdout | tests/acceptance/phase-2-constant-work-org-scoping.test.js > AT-9: the auto-default All Group members union initiative and constant-work Categories (load-order independent) > unions {Analytics,Backend} (initiatives) with {Compliance} (constant work) when initiatives load first
[Initiatives] 2 rows | key="jira_key" | category="category" | team="teams" | name="building_block" | kr="null"
[ConstantWork] 1 rows

stdout | tests/acceptance/phase-2-constant-work-org-scoping.test.js > AT-9: the auto-default All Group members union initiative and constant-work Categories (load-order independent) > unions the same Categories when constant work loads first
[ConstantWork] 1 rows
[Initiatives] 2 rows | key="jira_key" | category="category" | team="teams" | name="building_block" | kr="null"

stdout | tests/acceptance/phase-2-constant-work-org-scoping.test.js > AT-10: the auto-default stops auto-syncing once the user has modified Groups > leaves user-defined Groups untouched when a later Constant Work CSV introduces a new Category
[Initiatives] 1 rows | key="jira_key" | category="category" | team="teams" | name="building_block" | kr="null"
[ConstantWork] 1 rows

stdout | tests/acceptance/phase-2-constant-work-org-scoping.test.js > AT-11: a Run with totalK === 0 but constant work present sits each Group at its own per-Group shift > produces a flat per-Group distribution at each Group constant-work person-months (pure constant work)
[Initiatives] 1 rows | key="jira_key" | category="category" | team="teams" | name="building_block" | kr="null"

 ✓ tests/acceptance/phase-2-constant-work-org-scoping.test.js (12 tests) 525ms
stdout | tests/acceptance/phase-6-constant-work-tab.test.js > AT-5: the category, team, and quarter cells are <input list> datalist combos seeded from the observed union > seeds the category datalist from the union of initiative and constant-work Categories
[Initiatives] 2 rows | key="jira_key" | category="category" | team="teams" | name="building_block" | kr="null"

stdout | tests/acceptance/phase-6-constant-work-tab.test.js > AT-5: the category, team, and quarter cells are <input list> datalist combos seeded from the observed union > renders team and quarter as datalist combos seeded from the union of initiative and constant-work values
[Initiatives] 1 rows | key="jira_key" | category="category" | team="teams" | name="building_block" | kr="null"

stdout | tests/acceptance/phase-6-constant-work-tab.test.js > AT-8: ↓ Export CSV downloads constant-work-edited.csv preserving the imported header set > triggers a constant-work-edited.csv download whose header row is exactly the imported headers (aliases + extras, original order)
[ConstantWork] 1 rows

stdout | tests/acceptance/phase-6-constant-work-tab.test.js > AT-9: the exported Constant Work CSV round-trips through re-import > reproduces the edited model (same columns and edited values) when the export is re-imported
[ConstantWork] 1 rows

 ❯ tests/acceptance/phase-6-constant-work-tab.test.js (15 tests | 15 failed) 604ms
   × AT-1: a sixth Constant work tab button appears after Initiatives and before Groups > renders six .tab-btn elements in order with Constant work fifth (data-tab="constant-work") and Groups sixth 202ms
     → expected [ HTMLButtonElement{ …(1) }, …(4) ] to have a length of 6 but got 5
   × AT-2: the #tab-constant-work panel is hidden after a Run with Organization Level active > the panel exists, is display:none, and the active tab button is Organization Level 60ms
     → expected null to be truthy
   × AT-3: clicking the Constant work tab reveals the table with one row per editedConstantWork row > switches #tab-constant-work to display:flex and renders one tbody <tr> per row 26ms
     → expected null to be truthy
   × AT-3: clicking the Constant work tab reveals the table with one row per editedConstantWork row > renders a single tbody <tr> when editedConstantWork has exactly one row (boundary) 28ms
     → expected  to have a length of 1 but got +0
   × AT-4: the tshirt_size cell is a <select> of exactly the seven Recognised t-shirt sizes > renders a <select> whose options are exactly 2XS,XS,S,M,L,XL,XL+ with the row value M selected 40ms
     → expected null to be truthy
   × AT-4: the tshirt_size cell is a <select> of exactly the seven Recognised t-shirt sizes > treats the t_shirt_size alias column as a size <select> too 24ms
     → expected null to be truthy
   × AT-4: the tshirt_size cell is a <select> of exactly the seven Recognised t-shirt sizes > keeps the seven canonical sizes present even when the imported value is unrecognised (boundary) 24ms
     → expected null to be truthy
   × AT-5: the category, team, and quarter cells are <input list> datalist combos seeded from the observed union > seeds the category datalist from the union of initiative and constant-work Categories 24ms
     → expected null to be truthy
   × AT-5: the category, team, and quarter cells are <input list> datalist combos seeded from the observed union > renders team and quarter as datalist combos seeded from the union of initiative and constant-work values 30ms
     → expected null to be truthy
   × AT-6: the jira_key, epic_name, key_result, and unknown extra columns are free-text inputs > renders each as a plain text input (no <select>, no datalist list attribute) 25ms
     → column jira_key should be present: expected -1 to be greater than or equal to 0
   × AT-7: editing the tshirt_size <select> writes through to editedConstantWork and flows into the next Run > updates editedConstantWork immediately, lags the chart, and contributes the new size PM to its Group on the next Run 26ms
     → expected null to be truthy
   × AT-8: ↓ Export CSV downloads constant-work-edited.csv preserving the imported header set > triggers a constant-work-edited.csv download whose header row is exactly the imported headers (aliases + extras, original order) 27ms
     → an ↓ Export CSV toolbar button should exist: expected undefined to be truthy
   × AT-9: the exported Constant Work CSV round-trips through re-import > reproduces the edited model (same columns and edited values) when the export is re-imported 25ms
     → Cannot read properties of undefined (reading 'text')
   × AT-10: editing a Constant work cell triggers a preview refresh but not a Run > invokes tryUpdatePreview on change and never calls runSimulation (chart/stats stay put) 25ms
     → expected null to be truthy
   × AT-11: Constant work cell values are escaped (escapeHtml / escapeAttr) > renders a script-injection payload as inert text with no <script> element added 20ms
     → expected null to be truthy
 ✓ tests/acceptance/phase-3-json-persistence-inner.test.js (28 tests) 836ms
stdout | tests/acceptance/phase-1-engine.test.js > AT-1: category header detection > detects the literal `category` header via detectCategoryCol
[Initiatives] 1 rows | key="jira_key" | category="category" | team="teams" | name="building_block" | kr="null"

stdout | tests/acceptance/phase-1-engine.test.js > AT-2: legacy moscow header detection > falls back to the `moscow` header when no `category` header is present
[Initiatives] 1 rows | key="jira_key" | category="moscow" | team="teams" | name="building_block" | kr="null"

stdout | tests/acceptance/phase-1-engine.test.js > AT-3: Quirky-format emoji header detection > falls back to the `emoji` header when neither `category` nor `moscow` is present
[Initiatives] 1 rows | key="jira_key" | category="emoji" | team="teams" | name="building_block" | kr="null"

stdout | tests/acceptance/phase-1-engine.test.js > AT-4: missing category/moscow/emoji header > yields categoryCol === null and every initiative resolves to the (Blank) sentinel
[Initiatives] 1 rows | key="jira_key" | category="null" | team="teams" | name="building_block" | kr="null"

stdout | tests/acceptance/phase-1-engine.test.js > AT-5: normalizeCategory equality semantics > buckets Automation, automation, "Automation " under one canonical Category
[Initiatives] 3 rows | key="jira_key" | category="category" | team="teams" | name="building_block" | kr="null"

stdout | tests/acceptance/phase-1-engine.test.js > AT-8: auto-default All Group on first CSV load > creates one Group {name:"All", color:"#4f46e5", isProjection:true, members:<observed>}
[Initiatives] 2 rows | key="jira_key" | category="category" | team="teams" | name="building_block" | kr="null"

stdout | tests/acceptance/phase-1-engine.test.js > AT-9: subsequent CSV load preserves user Groups > does NOT re-create the auto-default when groupsStore is non-empty
[Initiatives] 1 rows | key="jira_key" | category="category" | team="teams" | name="building_block" | kr="null"
[Initiatives] 1 rows | key="jira_key" | category="category" | team="teams" | name="building_block" | kr="null"

stdout | tests/acceptance/phase-1-engine.test.js > AT-10: prepareSimulationData kPerGroup output > returns one count per Group in groupsStore order
[Initiatives] 7 rows | key="jira_key" | category="category" | team="teams" | name="building_block" | kr="null"

stderr | tests/acceptance/phase-1-engine.test.js > AT-13: org-level chart renders one dataset per Group > renderChart produces a Chart instance whose data.datasets length === groupsStore.length
Error: Not implemented: HTMLCanvasElement.prototype.getContext (without installing the canvas npm package)
    at module.exports (/Users/emmanuel.goossaert@new10.com/code/software-effort-simulator/node_modules/jsdom/lib/jsdom/browser/not-implemented.js:9:17)
    at HTMLCanvasElementImpl.getContext (/Users/emmanuel.goossaert@new10.com/code/software-effort-simulator/node_modules/jsdom/lib/jsdom/living/nodes/HTMLCanvasElement-impl.js:42:5)
    at HTMLCanvasElement.getContext (/Users/emmanuel.goossaert@new10.com/code/software-effort-simulator/node_modules/jsdom/lib/jsdom/living/generated/HTMLCanvasElement.js:131:58)
    at renderChartOnCanvas (http://localhost/:32:25)
    at renderChart (http://localhost/:207:19)
    at eval (eval at window.__readBinding (http://localhost/:66:23), <anonymous>:1:14)
    at eval (eval at window.__readBinding (http://localhost/:66:23), <anonymous>:1:12131)
    at eval (<anonymous>)
    at window.__readBinding (http://localhost/:66:23)
    at Module.execIn (/Users/emmanuel.goossaert@new10.com/code/software-effort-simulator/tests/harness.js:192:14) undefined

stdout | tests/acceptance/phase-1-engine.test.js > AT-16: Data preview renders one per-Group K row > renderPreview emits N K-rows, one per Group, no K_must/K_must+should/K_must+should+could labels
[Initiatives] 9 rows | key="jira_key" | category="category" | team="teams" | name="building_block" | kr="null"

stdout | tests/acceptance/phase-1-engine.test.js > AT-19: Initiatives tab category cell is input list datalist combo > renders <input list="category-options" …> per row and emits one <datalist> once
[Initiatives] 2 rows | key="jira_key" | category="category" | team="teams" | name="building_block" | kr="null"

stdout | tests/acceptance/phase-1-engine.test.js > AT-20: free-text Category typed in datalist combo writes through > after onchange fires, editedInitiatives[idx][categoryCol] === typed string
[Initiatives] 1 rows | key="jira_key" | category="category" | team="teams" | name="building_block" | kr="null"

stdout | tests/acceptance/phase-1-engine.test.js > AT-22: auto-default All Group includes (Blank) sentinel > members contains BLANK when any Initiative has an empty category cell
[Initiatives] 3 rows | key="jira_key" | category="category" | team="teams" | name="building_block" | kr="null"

stdout | tests/acceptance/phase-1-engine.test.js > AT-23: auto-default All Group → single Scenario covering all > kPerGroup[0] === total target-quarter initiative count
[Initiatives] 10 rows | key="jira_key" | category="category" | team="teams" | name="building_block" | kr="null"

stdout | tests/acceptance/phase-1-engine.test.js > AT-24: unreferenced Category buckets are excluded > initiatives in Categories absent from any Group.members do not influence any Scenario
[Initiatives] 10 rows | key="jira_key" | category="category" | team="teams" | name="building_block" | kr="null"

stdout | tests/acceptance/phase-1-engine.test.js > AT-26: buildTeamProjections drives band from the Projection Group > a zero-member Projection Group collapses the band to cwEffort even when MSC has non-zero count
[Initiatives] 10 rows | key="jira_key" | category="category" | team="teams" | name="building_block" | kr="null"

stdout | tests/acceptance/phase-1-engine.test.js > AT-27: empty groupsStore falls back to cwEffort-only band > every projection band collapses to the constant-work-only triple when groupsStore === []
[Initiatives] 10 rows | key="jira_key" | category="category" | team="teams" | name="building_block" | kr="null"

stdout | tests/acceptance/phase-1-engine.test.js > AT-28: overlapping Group membership counts in every match > an Initiative in a Category present in multiple Groups contributes to each K
[Initiatives] 1 rows | key="jira_key" | category="category" | team="teams" | name="building_block" | kr="null"

stdout | tests/acceptance/phase-1-engine.test.js > AT-29: subsequent CSV (re)load does NOT re-sync the existing All Group > the auto-default fires once; later loads leave the existing Group untouched
[Initiatives] 1 rows | key="jira_key" | category="category" | team="teams" | name="building_block" | kr="null"
[Initiatives] 1 rows | key="jira_key" | category="category" | team="teams" | name="building_block" | kr="null"

stdout | tests/acceptance/phase-1-engine.test.js > AT-30: resetInitiativesFile leaves groupsStore intact > CSV reset clears parsedInitiatives but not Groups
[Initiatives] 1 rows | key="jira_key" | category="category" | team="teams" | name="building_block" | kr="null"

 ✓ tests/acceptance/phase-1-engine.test.js (30 tests) 925ms
stdout | tests/verification/preview-hist-init-count-engine-denominator.test.js > preview.histInitCount reports the engine denominator (regression for handoff-fix-quarter-count) > matches countArray.length when initiatives CSV has no rows for the historical quarters but epics CSV does
[Initiatives] 2 rows | key="jira_key" | category="category" | team="teams" | name="building_block" | kr="null"

stdout | tests/verification/preview-hist-init-count-engine-denominator.test.js > preview.histInitCount reports the engine denominator (regression for handoff-fix-quarter-count) > grows when adding a historical quarter that contributes more initiative keys via epics
[Initiatives] 24 rows | key="jira_key" | category="category" | team="teams" | name="building_block" | kr="null"

stdout | tests/verification/preview-hist-init-count-engine-denominator.test.js > preview.histInitCount reports the engine denominator (regression for handoff-fix-quarter-count) > renderPreview displays the renamed label "Initiatives used (hist.)" and the engine denominator
[Initiatives] 1 rows | key="jira_key" | category="category" | team="teams" | name="building_block" | kr="null"

 ✓ tests/verification/preview-hist-init-count-engine-denominator.test.js (3 tests) 139ms
 ✓ tests/verification/phase-3-review-01.test.js (2 tests) 123ms
stdout | tests/acceptance/phase-3-json-persistence.test.js > AT-16: loaded members referencing absent Categories are preserved verbatim > a Group whose members reference a CSV-absent Category loads cleanly and silently matches zero at Run
[Initiatives] 2 rows | key="jira_key" | category="category" | team="teams" | name="building_block" | kr="null"

 ✓ tests/acceptance/phase-3-json-persistence.test.js (41 tests) 1122ms
stderr | tests/acceptance/phase-3-json-persistence.test.js
Error: Not implemented: navigation (except hash changes)
    at module.exports (/Users/emmanuel.goossaert@new10.com/code/software-effort-simulator/node_modules/jsdom/lib/jsdom/browser/not-implemented.js:9:17)
    at navigateFetch (/Users/emmanuel.goossaert@new10.com/code/software-effort-simulator/node_modules/jsdom/lib/jsdom/living/window/navigation.js:77:3)
    at exports.navigate (/Users/emmanuel.goossaert@new10.com/code/software-effort-simulator/node_modules/jsdom/lib/jsdom/living/window/navigation.js:55:3)
    at Timeout._onTimeout (/Users/emmanuel.goossaert@new10.com/code/software-effort-simulator/node_modules/jsdom/lib/jsdom/living/nodes/HTMLHyperlinkElementUtils-impl.js:81:7)
    at listOnTimeout (node:internal/timers:605:17)
    at processTimers (node:internal/timers:541:7) undefined
Error: Not implemented: navigation (except hash changes)
    at module.exports (/Users/emmanuel.goossaert@new10.com/code/software-effort-simulator/node_modules/jsdom/lib/jsdom/browser/not-implemented.js:9:17)
    at navigateFetch (/Users/emmanuel.goossaert@new10.com/code/software-effort-simulator/node_modules/jsdom/lib/jsdom/living/window/navigation.js:77:3)
    at exports.navigate (/Users/emmanuel.goossaert@new10.com/code/software-effort-simulator/node_modules/jsdom/lib/jsdom/living/window/navigation.js:55:3)
    at Timeout._onTimeout (/Users/emmanuel.goossaert@new10.com/code/software-effort-simulator/node_modules/jsdom/lib/jsdom/living/nodes/HTMLHyperlinkElementUtils-impl.js:81:7)
    at listOnTimeout (node:internal/timers:605:17)
    at processTimers (node:internal/timers:541:7) undefined
Error: Not implemented: navigation (except hash changes)
    at module.exports (/Users/emmanuel.goossaert@new10.com/code/software-effort-simulator/node_modules/jsdom/lib/jsdom/browser/not-implemented.js:9:17)
    at navigateFetch (/Users/emmanuel.goossaert@new10.com/code/software-effort-simulator/node_modules/jsdom/lib/jsdom/living/window/navigation.js:77:3)
    at exports.navigate (/Users/emmanuel.goossaert@new10.com/code/software-effort-simulator/node_modules/jsdom/lib/jsdom/living/window/navigation.js:55:3)
    at Timeout._onTimeout (/Users/emmanuel.goossaert@new10.com/code/software-effort-simulator/node_modules/jsdom/lib/jsdom/living/nodes/HTMLHyperlinkElementUtils-impl.js:81:7)
    at listOnTimeout (node:internal/timers:605:17)
    at processTimers (node:internal/timers:541:7) undefined
Error: Not implemented: navigation (except hash changes)
    at module.exports (/Users/emmanuel.goossaert@new10.com/code/software-effort-simulator/node_modules/jsdom/lib/jsdom/browser/not-implemented.js:9:17)
    at navigateFetch (/Users/emmanuel.goossaert@new10.com/code/software-effort-simulator/node_modules/jsdom/lib/jsdom/living/window/navigation.js:77:3)
    at exports.navigate (/Users/emmanuel.goossaert@new10.com/code/software-effort-simulator/node_modules/jsdom/lib/jsdom/living/window/navigation.js:55:3)
    at Timeout._onTimeout (/Users/emmanuel.goossaert@new10.com/code/software-effort-simulator/node_modules/jsdom/lib/jsdom/living/nodes/HTMLHyperlinkElementUtils-impl.js:81:7)
    at listOnTimeout (node:internal/timers:605:17)
    at processTimers (node:internal/timers:541:7) undefined
Error: Not implemented: navigation (except hash changes)
    at module.exports (/Users/emmanuel.goossaert@new10.com/code/software-effort-simulator/node_modules/jsdom/lib/jsdom/browser/not-implemented.js:9:17)
    at navigateFetch (/Users/emmanuel.goossaert@new10.com/code/software-effort-simulator/node_modules/jsdom/lib/jsdom/living/window/navigation.js:77:3)
    at exports.navigate (/Users/emmanuel.goossaert@new10.com/code/software-effort-simulator/node_modules/jsdom/lib/jsdom/living/window/navigation.js:55:3)
    at Timeout._onTimeout (/Users/emmanuel.goossaert@new10.com/code/software-effort-simulator/node_modules/jsdom/lib/jsdom/living/nodes/HTMLHyperlinkElementUtils-impl.js:81:7)
    at listOnTimeout (node:internal/timers:605:17)
    at processTimers (node:internal/timers:541:7) undefined
Error: Not implemented: navigation (except hash changes)
    at module.exports (/Users/emmanuel.goossaert@new10.com/code/software-effort-simulator/node_modules/jsdom/lib/jsdom/browser/not-implemented.js:9:17)
    at navigateFetch (/Users/emmanuel.goossaert@new10.com/code/software-effort-simulator/node_modules/jsdom/lib/jsdom/living/window/navigation.js:77:3)
    at exports.navigate (/Users/emmanuel.goossaert@new10.com/code/software-effort-simulator/node_modules/jsdom/lib/jsdom/living/window/navigation.js:55:3)
    at Timeout._onTimeout (/Users/emmanuel.goossaert@new10.com/code/software-effort-simulator/node_modules/jsdom/lib/jsdom/living/nodes/HTMLHyperlinkElementUtils-impl.js:81:7)
    at listOnTimeout (node:internal/timers:605:17)
    at processTimers (node:internal/timers:541:7) undefined
Error: Not implemented: navigation (except hash changes)
    at module.exports (/Users/emmanuel.goossaert@new10.com/code/software-effort-simulator/node_modules/jsdom/lib/jsdom/browser/not-implemented.js:9:17)
    at navigateFetch (/Users/emmanuel.goossaert@new10.com/code/software-effort-simulator/node_modules/jsdom/lib/jsdom/living/window/navigation.js:77:3)
    at exports.navigate (/Users/emmanuel.goossaert@new10.com/code/software-effort-simulator/node_modules/jsdom/lib/jsdom/living/window/navigation.js:55:3)
    at Timeout._onTimeout (/Users/emmanuel.goossaert@new10.com/code/software-effort-simulator/node_modules/jsdom/lib/jsdom/living/nodes/HTMLHyperlinkElementUtils-impl.js:81:7)
    at listOnTimeout (node:internal/timers:605:17)
    at processTimers (node:internal/timers:541:7) undefined
Error: Not implemented: navigation (except hash changes)
    at module.exports (/Users/emmanuel.goossaert@new10.com/code/software-effort-simulator/node_modules/jsdom/lib/jsdom/browser/not-implemented.js:9:17)
    at navigateFetch (/Users/emmanuel.goossaert@new10.com/code/software-effort-simulator/node_modules/jsdom/lib/jsdom/living/window/navigation.js:77:3)
    at exports.navigate (/Users/emmanuel.goossaert@new10.com/code/software-effort-simulator/node_modules/jsdom/lib/jsdom/living/window/navigation.js:55:3)
    at Timeout._onTimeout (/Users/emmanuel.goossaert@new10.com/code/software-effort-simulator/node_modules/jsdom/lib/jsdom/living/nodes/HTMLHyperlinkElementUtils-impl.js:81:7)
    at listOnTimeout (node:internal/timers:605:17)
    at processTimers (node:internal/timers:541:7) undefined

stdout | tests/acceptance/phase-2-groups-tab.test.js > AT-4: Groups table renders one row per Group plus + New group > groupsStore order is preserved; tbody has groupsStore.length + 1 <tr>
[Initiatives] 1 rows | key="jira_key" | category="category" | team="teams" | name="building_block" | kr="null"

stdout | tests/acceptance/phase-2-groups-tab.test.js > AT-10: clicking + opens a MultiSelect popover with observed Categories + (Blank) + free-text > popover lists each observed Category as a checkbox plus a dedicated (Blank) row plus a free-text input
[Initiatives] 3 rows | key="jira_key" | category="category" | team="teams" | name="building_block" | kr="null"

stdout | tests/acceptance/phase-2-groups-tab.test.js > AT-11: toggling a popover option writes through to groupsStore > checking an unchecked option adds it to members; unchecking removes it
[Initiatives] 2 rows | key="jira_key" | category="category" | team="teams" | name="building_block" | kr="null"

stdout | tests/acceptance/phase-2-groups-tab.test.js > AT-12: adding a free-text Category creates an absent-from-CSV member > typing a new value + Enter pushes it to members; popover remains open
[Initiatives] 1 rows | key="jira_key" | category="category" | team="teams" | name="building_block" | kr="null"

stderr | tests/acceptance/phase-2-groups-tab.test.js > AT-20: pressing Run after Group edits renders one dataset per Group > renderChart receives results whose length matches current groupsStore.length
Error: Not implemented: HTMLCanvasElement.prototype.getContext (without installing the canvas npm package)
    at module.exports (/Users/emmanuel.goossaert@new10.com/code/software-effort-simulator/node_modules/jsdom/lib/jsdom/browser/not-implemented.js:9:17)
    at HTMLCanvasElementImpl.getContext (/Users/emmanuel.goossaert@new10.com/code/software-effort-simulator/node_modules/jsdom/lib/jsdom/living/nodes/HTMLCanvasElement-impl.js:42:5)
    at HTMLCanvasElement.getContext (/Users/emmanuel.goossaert@new10.com/code/software-effort-simulator/node_modules/jsdom/lib/jsdom/living/generated/HTMLCanvasElement.js:131:58)
    at renderChartOnCanvas (http://localhost/:32:25)
    at renderChart (http://localhost/:207:19)
    at eval (eval at window.__readBinding (http://localhost/:66:23), <anonymous>:1:14)
    at eval (eval at window.__readBinding (http://localhost/:66:23), <anonymous>:1:9951)
    at eval (<anonymous>)
    at window.__readBinding (http://localhost/:66:23)
    at Module.execIn (/Users/emmanuel.goossaert@new10.com/code/software-effort-simulator/tests/harness.js:192:14) undefined

stdout | tests/acceptance/phase-2-groups-tab.test.js > AT-24: a Group whose members reference a CSV-absent Category still renders > chip text matches the literal member value
[Initiatives] 1 rows | key="jira_key" | category="category" | team="teams" | name="building_block" | kr="null"

stdout | tests/acceptance/phase-2-groups-tab.test.js > AT-28: Members popover lists current editedInitiatives Categories > an edit to editedInitiatives appears in the popover even before Run
[Initiatives] 1 rows | key="jira_key" | category="category" | team="teams" | name="building_block" | kr="null"

stdout | tests/acceptance/phase-2-groups-tab.test.js > AT-29: Members popover stays open across multiple option toggles > after a checkbox toggles, the popover element is still in the DOM
[Initiatives] 2 rows | key="jira_key" | category="category" | team="teams" | name="building_block" | kr="null"

 ❯ tests/acceptance/phase-2-groups-tab.test.js (34 tests | 1 failed) 1100ms
   × AT-1: Groups tab button is sixth, after the Constant work tab > the tab bar contains exactly 6 .tab-btn elements with Constant work fifth and Groups sixth 251ms
     → expected [ HTMLButtonElement{ …(1) }, …(4) ] to have a length of 6 but got 5

⎯⎯⎯⎯⎯⎯ Failed Tests 16 ⎯⎯⎯⎯⎯⎯⎯

 FAIL  tests/acceptance/phase-2-groups-tab.test.js > AT-1: Groups tab button is sixth, after the Constant work tab > the tab bar contains exactly 6 .tab-btn elements with Constant work fifth and Groups sixth
AssertionError: expected [ HTMLButtonElement{ …(1) }, …(4) ] to have a length of 6 but got 5

- Expected
+ Received

- 6
+ 5

 ❯ tests/acceptance/phase-2-groups-tab.test.js:53:21
     51|     const win = loadSimulator();
     52|     const buttons = Array.from(win.document.querySelectorAll('.tab-btn…
     53|     expect(buttons).toHaveLength(6);
       |                     ^
     54|     expect(buttons.map(b => b.dataset.tab)).toEqual([
     55|       'org', 'teams', 'projections', 'initiatives', 'constant-work', '…

⎯⎯⎯⎯⎯⎯⎯⎯⎯⎯⎯⎯⎯⎯⎯⎯⎯⎯⎯⎯⎯⎯⎯[1/16]⎯

 FAIL  tests/acceptance/phase-6-constant-work-tab.test.js > AT-1: a sixth Constant work tab button appears after Initiatives and before Groups > renders six .tab-btn elements in order with Constant work fifth (data-tab="constant-work") and Groups sixth
AssertionError: expected [ HTMLButtonElement{ …(1) }, …(4) ] to have a length of 6 but got 5

- Expected
+ Received

- 6
+ 5

 ❯ tests/acceptance/phase-6-constant-work-tab.test.js:145:21
    143|     const win = loadSimulator();
    144|     const buttons = Array.from(win.document.querySelectorAll('.tab-btn…
    145|     expect(buttons).toHaveLength(6);
       |                     ^
    146|     expect(buttons.map(b => b.dataset.tab)).toEqual([
    147|       'org', 'teams', 'projections', 'initiatives', 'constant-work', '…

⎯⎯⎯⎯⎯⎯⎯⎯⎯⎯⎯⎯⎯⎯⎯⎯⎯⎯⎯⎯⎯⎯⎯[2/16]⎯

 FAIL  tests/acceptance/phase-6-constant-work-tab.test.js > AT-2: the #tab-constant-work panel is hidden after a Run with Organization Level active > the panel exists, is display:none, and the active tab button is Organization Level
AssertionError: expected null to be truthy

- Expected: 
true

+ Received: 
null

 ❯ tests/acceptance/phase-6-constant-work-tab.test.js:162:19
    160|     const win = loadSimulator();
    161|     const panel = win.document.getElementById('tab-constant-work');
    162|     expect(panel).toBeTruthy();
       |                   ^
    163|     expect(panel.classList.contains('tab-panel')).toBe(true);
    164|     expect(panel.style.display).toBe('none');

⎯⎯⎯⎯⎯⎯⎯⎯⎯⎯⎯⎯⎯⎯⎯⎯⎯⎯⎯⎯⎯⎯⎯[3/16]⎯

 FAIL  tests/acceptance/phase-6-constant-work-tab.test.js > AT-3: clicking the Constant work tab reveals the table with one row per editedConstantWork row > switches #tab-constant-work to display:flex and renders one tbody <tr> per row
AssertionError: expected null to be truthy

- Expected: 
true

+ Received: 
null

 ❯ tests/acceptance/phase-6-constant-work-tab.test.js:184:17
    182| 
    183|     const btn = win.document.querySelector('.tab-btn[data-tab="constan…
    184|     expect(btn).toBeTruthy();
       |                 ^
    185|     btn.click();
    186| 

⎯⎯⎯⎯⎯⎯⎯⎯⎯⎯⎯⎯⎯⎯⎯⎯⎯⎯⎯⎯⎯⎯⎯[4/16]⎯

 FAIL  tests/acceptance/phase-6-constant-work-tab.test.js > AT-3: clicking the Constant work tab reveals the table with one row per editedConstantWork row > renders a single tbody <tr> when editedConstantWork has exactly one row (boundary)
AssertionError: expected  to have a length of 1 but got +0

- Expected
+ Received

- 1
+ 0

 ❯ tests/acceptance/phase-6-constant-work-tab.test.js:197:27
    195|     ]);
    196|     renderTable(win);
    197|     expect(bodyRows(win)).toHaveLength(1);
       |                           ^
    198|   });
    199| });

⎯⎯⎯⎯⎯⎯⎯⎯⎯⎯⎯⎯⎯⎯⎯⎯⎯⎯⎯⎯⎯⎯⎯[5/16]⎯

 FAIL  tests/acceptance/phase-6-constant-work-tab.test.js > AT-4: the tshirt_size cell is a <select> of exactly the seven Recognised t-shirt sizes > renders a <select> whose options are exactly 2XS,XS,S,M,L,XL,XL+ with the row value M selected
AssertionError: expected null to be truthy

- Expected: 
true

+ Received: 
null

 ❯ tests/acceptance/phase-6-constant-work-tab.test.js:211:20
    209| 
    210|     const select = cellEl(win, 0, 'tshirt_size', 'select');
    211|     expect(select).toBeTruthy();
       |                    ^
    212|     const optionValues = [...select.querySelectorAll('option')].map(o …
    213|     expect(optionValues).toEqual(SEVEN_SIZES);

⎯⎯⎯⎯⎯⎯⎯⎯⎯⎯⎯⎯⎯⎯⎯⎯⎯⎯⎯⎯⎯⎯⎯[6/16]⎯

 FAIL  tests/acceptance/phase-6-constant-work-tab.test.js > AT-4: the tshirt_size cell is a <select> of exactly the seven Recognised t-shirt sizes > treats the t_shirt_size alias column as a size <select> too
AssertionError: expected null to be truthy

- Expected: 
true

+ Received: 
null

 ❯ tests/acceptance/phase-6-constant-work-tab.test.js:225:20
    223| 
    224|     const select = cellEl(win, 0, 't_shirt_size', 'select');
    225|     expect(select).toBeTruthy();
       |                    ^
    226|     expect([...select.querySelectorAll('option')].map(o => o.value)).t…
    227|     expect(select.value).toBe('L');

⎯⎯⎯⎯⎯⎯⎯⎯⎯⎯⎯⎯⎯⎯⎯⎯⎯⎯⎯⎯⎯⎯⎯[7/16]⎯

 FAIL  tests/acceptance/phase-6-constant-work-tab.test.js > AT-4: the tshirt_size cell is a <select> of exactly the seven Recognised t-shirt sizes > keeps the seven canonical sizes present even when the imported value is unrecognised (boundary)
AssertionError: expected null to be truthy

- Expected: 
true

+ Received: 
null

 ❯ tests/acceptance/phase-6-constant-work-tab.test.js:238:20
    236| 
    237|     const select = cellEl(win, 0, 'tshirt_size', 'select');
    238|     expect(select).toBeTruthy();
       |                    ^
    239|     const optionValues = [...select.querySelectorAll('option')].map(o …
    240|     // Property: the seven canonical sizes are always present …

⎯⎯⎯⎯⎯⎯⎯⎯⎯⎯⎯⎯⎯⎯⎯⎯⎯⎯⎯⎯⎯⎯⎯[8/16]⎯

 FAIL  tests/acceptance/phase-6-constant-work-tab.test.js > AT-5: the category, team, and quarter cells are <input list> datalist combos seeded from the observed union > seeds the category datalist from the union of initiative and constant-work Categories
AssertionError: expected null to be truthy

- Expected: 
true

+ Received: 
null

 ❯ tests/acceptance/phase-6-constant-work-tab.test.js:263:22
    261| 
    262|     const catInput = cellEl(win, 0, 'category', 'input[list]');
    263|     expect(catInput).toBeTruthy();
       |                      ^
    264|     const opts = datalistOptions(win, catInput);
    265|     // Happy + property: the union of both sources is offered.

⎯⎯⎯⎯⎯⎯⎯⎯⎯⎯⎯⎯⎯⎯⎯⎯⎯⎯⎯⎯⎯⎯⎯[9/16]⎯

 FAIL  tests/acceptance/phase-6-constant-work-tab.test.js > AT-5: the category, team, and quarter cells are <input list> datalist combos seeded from the observed union > renders team and quarter as datalist combos seeded from the union of initiative and constant-work values
AssertionError: expected null to be truthy

- Expected: 
true

+ Received: 
null

 ❯ tests/acceptance/phase-6-constant-work-tab.test.js:282:23
    280| 
    281|     const teamInput = cellEl(win, 0, 'team', 'input[list]');
    282|     expect(teamInput).toBeTruthy();
       |                       ^
    283|     const teamOpts = datalistOptions(win, teamInput);
    284|     expect(teamOpts).toContain('Mobile');   // constant-work value

⎯⎯⎯⎯⎯⎯⎯⎯⎯⎯⎯⎯⎯⎯⎯⎯⎯⎯⎯⎯⎯⎯[10/16]⎯

 FAIL  tests/acceptance/phase-6-constant-work-tab.test.js > AT-6: the jira_key, epic_name, key_result, and unknown extra columns are free-text inputs > renders each as a plain text input (no <select>, no datalist list attribute)
AssertionError: column jira_key should be present: expected -1 to be greater than or equal to 0
 ❯ tests/acceptance/phase-6-constant-work-tab.test.js:310:54
    308|     for (const col of ['jira_key', 'epic_name', 'key_result', 'notes']…
    309|       const idx = headerIndex(win, col);
    310|       expect(idx, `column ${col} should be present`).toBeGreaterThanOr…
       |                                                      ^
    311|       const td = bodyRows(win)[0].querySelectorAll('td')[idx];
    312|       const input = td.querySelector('input');

⎯⎯⎯⎯⎯⎯⎯⎯⎯⎯⎯⎯⎯⎯⎯⎯⎯⎯⎯⎯⎯⎯[11/16]⎯

 FAIL  tests/acceptance/phase-6-constant-work-tab.test.js > AT-7: editing the tshirt_size <select> writes through to editedConstantWork and flows into the next Run > updates editedConstantWork immediately, lags the chart, and contributes the new size PM to its Group on the next Run
AssertionError: expected null to be truthy

- Expected: 
true

+ Received: 
null

 ❯ tests/acceptance/phase-6-constant-work-tab.test.js:338:20
    336| 
    337|     const select = cellEl(win, 0, 'tshirt_size', 'select');
    338|     expect(select).toBeTruthy();
       |                    ^
    339|     select.value = 'XL';
    340|     select.dispatchEvent(new win.Event('change', { bubbles: true }));

⎯⎯⎯⎯⎯⎯⎯⎯⎯⎯⎯⎯⎯⎯⎯⎯⎯⎯⎯⎯⎯⎯[12/16]⎯

 FAIL  tests/acceptance/phase-6-constant-work-tab.test.js > AT-8: ↓ Export CSV downloads constant-work-edited.csv preserving the imported header set > triggers a constant-work-edited.csv download whose header row is exactly the imported headers (aliases + extras, original order)
AssertionError: an ↓ Export CSV toolbar button should exist: expected undefined to be truthy

- Expected: 
true

+ Received: 
undefined

 ❯ tests/acceptance/phase-6-constant-work-tab.test.js:372:70
    370|       win.document.querySelectorAll('#tab-constant-work button, #const…
    371|     ).find(b => /export csv/i.test(b.textContent));
    372|     expect(exportBtn, 'an ↓ Export CSV toolbar button should exist').t…
       |                                                                      ^
    373| 
    374|     const out = captureExport(win, 'document.querySelector(".tab-btn")…

⎯⎯⎯⎯⎯⎯⎯⎯⎯⎯⎯⎯⎯⎯⎯⎯⎯⎯⎯⎯⎯⎯[13/16]⎯

 FAIL  tests/acceptance/phase-6-constant-work-tab.test.js > AT-9: the exported Constant Work CSV round-trips through re-import > reproduces the edited model (same columns and edited values) when the export is re-imported
TypeError: Cannot read properties of undefined (reading 'text')
 ❯ tests/acceptance/phase-6-constant-work-tab.test.js:398:16
    396| 
    397|     const out = captureExport(win, 'exportConstantWorkCSV();');
    398|     expect(out.text).toBeTruthy();
       |                ^
    399| 
    400|     // Re-import the exported text.

⎯⎯⎯⎯⎯⎯⎯⎯⎯⎯⎯⎯⎯⎯⎯⎯⎯⎯⎯⎯⎯⎯[14/16]⎯

 FAIL  tests/acceptance/phase-6-constant-work-tab.test.js > AT-10: editing a Constant work cell triggers a preview refresh but not a Run > invokes tryUpdatePreview on change and never calls runSimulation (chart/stats stay put)
AssertionError: expected null to be truthy

- Expected: 
true

+ Received: 
null

 ❯ tests/acceptance/phase-6-constant-work-tab.test.js:424:20
    422| 
    423|     const select = cellEl(win, 0, 'tshirt_size', 'select');
    424|     expect(select).toBeTruthy();
       |                    ^
    425|     select.value = 'L';
    426|     select.dispatchEvent(new win.Event('change', { bubbles: true }));

⎯⎯⎯⎯⎯⎯⎯⎯⎯⎯⎯⎯⎯⎯⎯⎯⎯⎯⎯⎯⎯⎯[15/16]⎯

 FAIL  tests/acceptance/phase-6-constant-work-tab.test.js > AT-11: Constant work cell values are escaped (escapeHtml / escapeAttr) > renders a script-injection payload as inert text with no <script> element added
AssertionError: expected null to be truthy

- Expected: 
true

+ Received: 
null

 ❯ tests/acceptance/phase-6-constant-work-tab.test.js:448:18
    446| 
    447|     const wrap = win.document.getElementById('constant-work-table-wrap…
    448|     expect(wrap).toBeTruthy();
       |                  ^
    449|     // No live <script> element was injected by the render.
    450|     expect(wrap.querySelectorAll('script')).toHaveLength(0);

⎯⎯⎯⎯⎯⎯⎯⎯⎯⎯⎯⎯⎯⎯⎯⎯⎯⎯⎯⎯⎯⎯[16/16]⎯

 Test Files  2 failed | 12 passed | 1 skipped (15)
      Tests  16 failed | 188 passed | 1 skipped (205)
   Start at  00:50:10
   Duration  1.87s (transform 279ms, setup 0ms, collect 6.57s, tests 7.77s, environment 2ms, prepare 930ms)

