command: npm run verify
run_at: 2026-05-31T21:01:32Z
exit_code: 1
---

> verify
> vitest run


 RUN  v2.1.9 /Users/username/software-effort-simulator

 ↓ tests/verification/sanity-check-engine-mean.test.js (1 test | 1 skipped)
 ✓ tests/verification/phase-3-review-01.test.js (2 tests) 220ms
stdout | tests/verification/preview-hist-init-count-engine-denominator.test.js > preview.histInitCount reports the engine denominator (regression for handoff-fix-quarter-count) > matches countArray.length when initiatives CSV has no rows for the historical quarters but epics CSV does
[Initiatives] 2 rows | key="jira_key" | category="category" | team="teams" | name="building_block" | kr="null"

stdout | tests/verification/preview-hist-init-count-engine-denominator.test.js > preview.histInitCount reports the engine denominator (regression for handoff-fix-quarter-count) > grows when adding a historical quarter that contributes more initiative keys via epics
[Initiatives] 24 rows | key="jira_key" | category="category" | team="teams" | name="building_block" | kr="null"

stdout | tests/verification/preview-hist-init-count-engine-denominator.test.js > preview.histInitCount reports the engine denominator (regression for handoff-fix-quarter-count) > renderPreview displays the renamed label "Initiatives used (hist.)" and the engine denominator
[Initiatives] 1 rows | key="jira_key" | category="category" | team="teams" | name="building_block" | kr="null"

 ✓ tests/verification/preview-hist-init-count-engine-denominator.test.js (3 tests) 280ms
stdout | tests/verification/phase-1-2-review-01.test.js > Phase 1 — forbidden legacy fields are absent from engine returns > prepareSimulationData return shape carries kPerGroup only
[Initiatives] 1 rows | key="jira_key" | category="category" | team="teams" | name="building_block" | kr="null"

stdout | tests/verification/phase-1-2-review-01.test.js > Phase 1 — forbidden legacy fields are absent from engine returns > detectedCols carries categoryCol but not moscowCol
[Initiatives] 1 rows | key="jira_key" | category="category" | team="teams" | name="building_block" | kr="null"

stderr | tests/verification/phase-1-2-review-01.test.js > Phase 1 — chart datasets derive translucent backgroundColor from Group color > backgroundColor is a translucent rgba; borderColor has alpha === 0
Error: Not implemented: HTMLCanvasElement.prototype.getContext (without installing the canvas npm package)
    at module.exports (/Users/username/software-effort-simulator/node_modules/jsdom/lib/jsdom/browser/not-implemented.js:9:17)
    at HTMLCanvasElementImpl.getContext (/Users/username/software-effort-simulator/node_modules/jsdom/lib/jsdom/living/nodes/HTMLCanvasElement-impl.js:42:5)
    at HTMLCanvasElement.getContext (/Users/username/software-effort-simulator/node_modules/jsdom/lib/jsdom/living/generated/HTMLCanvasElement.js:131:58)
    at renderChartOnCanvas (http://localhost/:32:25)
    at renderChart (http://localhost/:207:19)
    at eval (eval at window.__readBinding (http://localhost/:66:23), <anonymous>:1:14)
    at eval (eval at window.__readBinding (http://localhost/:66:23), <anonymous>:1:10108)
    at eval (<anonymous>)
    at window.__readBinding (http://localhost/:66:23)
    at Module.execIn (/Users/username/software-effort-simulator/tests/harness.js:192:14) undefined

stdout | tests/verification/phase-1-2-review-01.test.js > Phase 1 — Initiatives-tab datalist options are sorted alphabetically (case-insensitive) > options for `KR2`, `Automation`, `KR1`, `analytics` render in alpha order
[Initiatives] 4 rows | key="jira_key" | category="category" | team="teams" | name="building_block" | kr="null"

 ✓ tests/verification/phase-1-2-review-01.test.js (5 tests) 302ms
stdout | tests/acceptance/phase-1-constant-work-substrate.test.js > AT-1: loading a Constant Work CSV creates editedConstantWork as a per-row shallow clone of parsedConstantWork > clones every row into a new top-level array with equal length, distinct row references, equal values, and equal key order
[ConstantWork] 3 rows

stdout | tests/acceptance/phase-1-constant-work-substrate.test.js > AT-2: mutating editedConstantWork[i][k] leaves parsedConstantWork[i][k] unchanged > keeps parsedConstantWork as the immutable parse output when a clone cell is reassigned
[ConstantWork] 1 rows

stdout | tests/acceptance/phase-1-constant-work-substrate.test.js > AT-3: resetConstantWorkFile sets both parsedConstantWork and editedConstantWork to null > clears the constant-work substrate completely on file clear
[ConstantWork] 2 rows

stdout | tests/acceptance/phase-1-constant-work-substrate.test.js > AT-4: getConstantWorkEffort reads editedConstantWork (deterministic person-months reflect edits) > returns the person-months of the EDITED t-shirt size, not the original parsed size
[ConstantWork] 1 rows

stdout | tests/acceptance/phase-1-constant-work-substrate.test.js > AT-5: getConstantWorkEpics reads editedConstantWork > returns the EDITED epic name for the row's team and quarter
[ConstantWork] 1 rows

stdout | tests/acceptance/phase-1-constant-work-substrate.test.js > AT-6: buildTeamProjections derives constant-work quarters from editedConstantWork > includes a team's EDITED constant-work quarter and drops the original parsed quarter
[Initiatives] 1 rows | key="jira_key" | category="category" | team="teams" | name="building_block" | kr="null"
[ConstantWork] 1 rows

stdout | tests/acceptance/phase-1-constant-work-substrate.test.js > AT-8: a freshly-loaded Constant Work CSV with no edits feeds the Run identically (transparent indirection) > makes editedConstantWork a structural clone of parsedConstantWork and the readers report the same effort
[ConstantWork] 3 rows

stdout | tests/acceptance/phase-1-constant-work-substrate.test.js > AT-9: re-loading a Constant Work CSV rebuilds the clone wholesale and discards prior edits > replaces editedConstantWork with a fresh clone of the new file and drops the earlier edit
[ConstantWork] 1 rows
[ConstantWork] 1 rows

 ✓ tests/acceptance/phase-1-constant-work-substrate.test.js (9 tests) 390ms
stderr | tests/verification/drag-reorder-groups.test.js > reorderGroup propagates the same permutation to caches > lastRenderState[ctx].results.results is reordered in lockstep with groupsStore
Error: Not implemented: HTMLCanvasElement.prototype.getContext (without installing the canvas npm package)
    at module.exports (/Users/username/software-effort-simulator/node_modules/jsdom/lib/jsdom/browser/not-implemented.js:9:17)
    at HTMLCanvasElementImpl.getContext (/Users/username/software-effort-simulator/node_modules/jsdom/lib/jsdom/living/nodes/HTMLCanvasElement-impl.js:42:5)
    at HTMLCanvasElement.getContext (/Users/username/software-effort-simulator/node_modules/jsdom/lib/jsdom/living/generated/HTMLCanvasElement.js:131:58)
    at renderChartOnCanvas (http://localhost/:32:25)
    at rerenderContext (http://localhost/:150:21)
    at reorderGroup (http://localhost/:465:5)
    at eval (eval at window.__readBinding (http://localhost/:66:23), <anonymous>:1:14)
    at eval (eval at window.__readBinding (http://localhost/:66:23), <anonymous>:1:36)
    at eval (<anonymous>)
    at window.__readBinding (http://localhost/:66:23) undefined

stderr | tests/verification/drag-reorder-groups.test.js > Chart legend + Summary Statistics columns track the new order on re-render > after a reorder, renderStatsTableInto produces THs in the new order
Error: Not implemented: HTMLCanvasElement.prototype.getContext (without installing the canvas npm package)
    at module.exports (/Users/username/software-effort-simulator/node_modules/jsdom/lib/jsdom/browser/not-implemented.js:9:17)
    at HTMLCanvasElementImpl.getContext (/Users/username/software-effort-simulator/node_modules/jsdom/lib/jsdom/living/nodes/HTMLCanvasElement-impl.js:42:5)
    at HTMLCanvasElement.getContext (/Users/username/software-effort-simulator/node_modules/jsdom/lib/jsdom/living/generated/HTMLCanvasElement.js:131:58)
    at renderChartOnCanvas (http://localhost/:32:25)
    at rerenderContext (http://localhost/:150:21)
    at reorderGroup (http://localhost/:465:5)
    at eval (eval at window.__readBinding (http://localhost/:66:23), <anonymous>:1:14)
    at eval (eval at window.__readBinding (http://localhost/:66:23), <anonymous>:1:36)
    at eval (<anonymous>)
    at window.__readBinding (http://localhost/:66:23) undefined

 ✓ tests/verification/drag-reorder-groups.test.js (8 tests) 409ms
stdout | tests/acceptance/phase-2-constant-work-org-scoping.test.js > AT-1: a constant-work row lifts only the Groups whose members include its Category > credits the matching Group its t-shirt person-months, leaves non-matching Groups at 0, and ignores rows outside the Target quarters
[Initiatives] 1 rows | key="jira_key" | category="category" | team="teams" | name="building_block" | kr="null"

stdout | tests/acceptance/phase-2-constant-work-org-scoping.test.js > AT-2: a constant-work row whose Category is in no Group lifts nothing > excludes the row from every Group when its Category matches no members
[Initiatives] 1 rows | key="jira_key" | category="category" | team="teams" | name="building_block" | kr="null"

stdout | tests/acceptance/phase-2-constant-work-org-scoping.test.js > AT-3: per-Group Category matching is case-insensitive and trimmed > matches " backend " against the member "Backend"
[Initiatives] 1 rows | key="jira_key" | category="category" | team="teams" | name="building_block" | kr="null"

stdout | tests/acceptance/phase-2-constant-work-org-scoping.test.js > AT-4: a blank-Category constant-work row lifts only Groups whose members include the (Blank) sentinel > credits the BLANK-member Group and leaves a string-member Group at 0
[Initiatives] 1 rows | key="jira_key" | category="category" | team="teams" | name="building_block" | kr="null"

stdout | tests/acceptance/phase-2-constant-work-org-scoping.test.js > AT-7: constant work changes only fixedEffortPerGroup — never kPerGroup, λ, or the epic sizing pool > keeps kPerGroup, lambda and epicSizingDist identical with and without a constant-work row
[Initiatives] 2 rows | key="jira_key" | category="category" | team="teams" | name="building_block" | kr="null"

stdout | tests/acceptance/phase-2-constant-work-org-scoping.test.js > AT-8: a constant-work Category present in multiple Groups lifts each of them > credits every Group whose members include the overlapping Category
[Initiatives] 1 rows | key="jira_key" | category="category" | team="teams" | name="building_block" | kr="null"

stdout | tests/acceptance/phase-2-constant-work-org-scoping.test.js > AT-9: the auto-default All Group members union initiative and constant-work Categories (load-order independent) > unions {Analytics,Backend} (initiatives) with {Compliance} (constant work) when initiatives load first
[Initiatives] 2 rows | key="jira_key" | category="category" | team="teams" | name="building_block" | kr="null"
[ConstantWork] 1 rows

stdout | tests/acceptance/phase-2-constant-work-org-scoping.test.js > AT-9: the auto-default All Group members union initiative and constant-work Categories (load-order independent) > unions the same Categories when constant work loads first
[ConstantWork] 1 rows
[Initiatives] 2 rows | key="jira_key" | category="category" | team="teams" | name="building_block" | kr="null"

stdout | tests/acceptance/phase-2-constant-work-org-scoping.test.js > AT-10: the auto-default stops auto-syncing once the user has modified Groups > leaves user-defined Groups untouched when a later Constant Work CSV introduces a new Category
[Initiatives] 1 rows | key="jira_key" | category="category" | team="teams" | name="building_block" | kr="null"
[ConstantWork] 1 rows

stdout | tests/acceptance/phase-2-constant-work-org-scoping.test.js > AT-11: a Run with totalK === 0 but constant work present sits each Group at its own per-Group shift > produces a flat per-Group distribution at each Group constant-work person-months (pure constant work)
[Initiatives] 1 rows | key="jira_key" | category="category" | team="teams" | name="building_block" | kr="null"

 ❯ tests/acceptance/phase-2-constant-work-org-scoping.test.js (12 tests | 11 failed) 444ms
   × AT-1: a constant-work row lifts only the Groups whose members include its Category > credits the matching Group its t-shirt person-months, leaves non-matching Groups at 0, and ignores rows outside the Target quarters 117ms
     → expected false to be true // Object.is equality
   × AT-2: a constant-work row whose Category is in no Group lifts nothing > excludes the row from every Group when its Category matches no members 63ms
     → expected undefined to deeply equal [ +0 ]
   × AT-3: per-Group Category matching is case-insensitive and trimmed > matches " backend " against the member "Backend" 37ms
     → Cannot read properties of undefined (reading '0')
   × AT-4: a blank-Category constant-work row lifts only Groups whose members include the (Blank) sentinel > credits the BLANK-member Group and leaves a string-member Group at 0 31ms
     → Cannot read properties of undefined (reading '0')
   × AT-5: runSimulation shifts each Group distribution by its own fixedEffortPerGroup entry > sits each Group flat at its own shift (property over a 0/positive vector) and reports fixedEffortPerGroup, not the scalar fixedEffort 24ms
     → expected +0 to be 5 // Object.is equality
   × AT-6: the shared Global histogram range floor (globalMin) is the minimum per-Group shift > sets globalMin === min(fixedEffortPerGroup) across several vectors and keeps bins shared 34ms
     → expected +0 to be 3 // Object.is equality
   × AT-7: constant work changes only fixedEffortPerGroup — never kPerGroup, λ, or the epic sizing pool > keeps kPerGroup, lambda and epicSizingDist identical with and without a constant-work row 26ms
     → expected undefined to deeply equal [ +0 ]
   × AT-8: a constant-work Category present in multiple Groups lifts each of them > credits every Group whose members include the overlapping Category 22ms
     → Cannot read properties of undefined (reading '0')
   × AT-9: the auto-default All Group members union initiative and constant-work Categories (load-order independent) > unions {Analytics,Backend} (initiatives) with {Compliance} (constant work) when initiatives load first 26ms
     → expected false to be true // Object.is equality
   × AT-9: the auto-default All Group members union initiative and constant-work Categories (load-order independent) > unions the same Categories when constant work loads first 22ms
     → expected false to be true // Object.is equality
   × AT-11: a Run with totalK === 0 but constant work present sits each Group at its own per-Group shift > produces a flat per-Group distribution at each Group constant-work person-months (pure constant work) 20ms
     → expected +0 to be close to 2.200382139383515, received difference is 2.200382139383515, but expected 5e-11
 ✓ tests/acceptance/phase-3-json-persistence-inner.test.js (28 tests) 706ms
stdout | tests/acceptance/phase-1-engine.test.js > AT-1: category header detection > detects the literal `category` header via detectCategoryCol
[Initiatives] 1 rows | key="jira_key" | category="category" | team="teams" | name="building_block" | kr="null"

stdout | tests/acceptance/phase-1-engine.test.js > AT-2: legacy moscow header detection > falls back to the `moscow` header when no `category` header is present
[Initiatives] 1 rows | key="jira_key" | category="moscow" | team="teams" | name="building_block" | kr="null"

stdout | tests/acceptance/phase-1-engine.test.js > AT-3: Quirky-format emoji header detection > falls back to the `emoji` header when neither `category` nor `moscow` is present
[Initiatives] 1 rows | key="jira_key" | category="emoji" | team="teams" | name="building_block" | kr="null"

stdout | tests/acceptance/phase-1-engine.test.js > AT-4: missing category/moscow/emoji header > yields categoryCol === null and every initiative resolves to the (Blank) sentinel
[Initiatives] 1 rows | key="jira_key" | category="null" | team="teams" | name="building_block" | kr="null"

stdout | tests/acceptance/phase-1-engine.test.js > AT-5: normalizeCategory equality semantics > buckets Automation, automation, "Automation " under one canonical Category
[Initiatives] 3 rows | key="jira_key" | category="category" | team="teams" | name="building_block" | kr="null"

stdout | tests/acceptance/phase-1-engine.test.js > AT-8: auto-default All Group on first CSV load > creates one Group {name:"All", color:"#4f46e5", isProjection:true, members:<observed>}
[Initiatives] 2 rows | key="jira_key" | category="category" | team="teams" | name="building_block" | kr="null"

stdout | tests/acceptance/phase-1-engine.test.js > AT-9: subsequent CSV load preserves user Groups > does NOT re-create the auto-default when groupsStore is non-empty
[Initiatives] 1 rows | key="jira_key" | category="category" | team="teams" | name="building_block" | kr="null"
[Initiatives] 1 rows | key="jira_key" | category="category" | team="teams" | name="building_block" | kr="null"

stdout | tests/acceptance/phase-1-engine.test.js > AT-10: prepareSimulationData kPerGroup output > returns one count per Group in groupsStore order
[Initiatives] 7 rows | key="jira_key" | category="category" | team="teams" | name="building_block" | kr="null"

stderr | tests/acceptance/phase-1-engine.test.js > AT-13: org-level chart renders one dataset per Group > renderChart produces a Chart instance whose data.datasets length === groupsStore.length
Error: Not implemented: HTMLCanvasElement.prototype.getContext (without installing the canvas npm package)
    at module.exports (/Users/username/software-effort-simulator/node_modules/jsdom/lib/jsdom/browser/not-implemented.js:9:17)
    at HTMLCanvasElementImpl.getContext (/Users/username/software-effort-simulator/node_modules/jsdom/lib/jsdom/living/nodes/HTMLCanvasElement-impl.js:42:5)
    at HTMLCanvasElement.getContext (/Users/username/software-effort-simulator/node_modules/jsdom/lib/jsdom/living/generated/HTMLCanvasElement.js:131:58)
    at renderChartOnCanvas (http://localhost/:32:25)
    at renderChart (http://localhost/:207:19)
    at eval (eval at window.__readBinding (http://localhost/:66:23), <anonymous>:1:14)
    at eval (eval at window.__readBinding (http://localhost/:66:23), <anonymous>:1:12059)
    at eval (<anonymous>)
    at window.__readBinding (http://localhost/:66:23)
    at Module.execIn (/Users/username/software-effort-simulator/tests/harness.js:192:14) undefined

stdout | tests/acceptance/phase-1-engine.test.js > AT-16: Data preview renders one per-Group K row > renderPreview emits N K-rows, one per Group, no K_must/K_must+should/K_must+should+could labels
[Initiatives] 9 rows | key="jira_key" | category="category" | team="teams" | name="building_block" | kr="null"

stdout | tests/acceptance/phase-1-engine.test.js > AT-19: Initiatives tab category cell is input list datalist combo > renders <input list="category-options" …> per row and emits one <datalist> once
[Initiatives] 2 rows | key="jira_key" | category="category" | team="teams" | name="building_block" | kr="null"

stdout | tests/acceptance/phase-1-engine.test.js > AT-20: free-text Category typed in datalist combo writes through > after onchange fires, editedInitiatives[idx][categoryCol] === typed string
[Initiatives] 1 rows | key="jira_key" | category="category" | team="teams" | name="building_block" | kr="null"

stdout | tests/acceptance/phase-1-engine.test.js > AT-22: auto-default All Group includes (Blank) sentinel > members contains BLANK when any Initiative has an empty category cell
[Initiatives] 3 rows | key="jira_key" | category="category" | team="teams" | name="building_block" | kr="null"

stdout | tests/acceptance/phase-1-engine.test.js > AT-23: auto-default All Group → single Scenario covering all > kPerGroup[0] === total target-quarter initiative count
[Initiatives] 10 rows | key="jira_key" | category="category" | team="teams" | name="building_block" | kr="null"

stdout | tests/acceptance/phase-1-engine.test.js > AT-24: unreferenced Category buckets are excluded > initiatives in Categories absent from any Group.members do not influence any Scenario
[Initiatives] 10 rows | key="jira_key" | category="category" | team="teams" | name="building_block" | kr="null"

stdout | tests/acceptance/phase-1-engine.test.js > AT-26: buildTeamProjections drives band from the Projection Group > a zero-member Projection Group collapses the band to cwEffort even when MSC has non-zero count
[Initiatives] 10 rows | key="jira_key" | category="category" | team="teams" | name="building_block" | kr="null"

stdout | tests/acceptance/phase-1-engine.test.js > AT-27: empty groupsStore falls back to cwEffort-only band > every projection band collapses to the constant-work-only triple when groupsStore === []
[Initiatives] 10 rows | key="jira_key" | category="category" | team="teams" | name="building_block" | kr="null"

stdout | tests/acceptance/phase-1-engine.test.js > AT-28: overlapping Group membership counts in every match > an Initiative in a Category present in multiple Groups contributes to each K
[Initiatives] 1 rows | key="jira_key" | category="category" | team="teams" | name="building_block" | kr="null"

stdout | tests/acceptance/phase-1-engine.test.js > AT-29: subsequent CSV (re)load does NOT re-sync the existing All Group > the auto-default fires once; later loads leave the existing Group untouched
[Initiatives] 1 rows | key="jira_key" | category="category" | team="teams" | name="building_block" | kr="null"
[Initiatives] 1 rows | key="jira_key" | category="category" | team="teams" | name="building_block" | kr="null"

stdout | tests/acceptance/phase-1-engine.test.js > AT-30: resetInitiativesFile leaves groupsStore intact > CSV reset clears parsedInitiatives but not Groups
[Initiatives] 1 rows | key="jira_key" | category="category" | team="teams" | name="building_block" | kr="null"

 ❯ tests/acceptance/phase-1-engine.test.js (30 tests | 1 failed) 841ms
   × AT-12: a zero-member Group sits at its own fixedEffortPerGroup entry (0), not a shared scalar > keeps the zero-member Group flat at 0 while a populated Group sits at its own shift 25ms
     → expected +0 to be 5 // Object.is equality
stdout | tests/acceptance/phase-2-groups-tab.test.js > AT-4: Groups table renders one row per Group plus + New group > groupsStore order is preserved; tbody has groupsStore.length + 1 <tr>
[Initiatives] 1 rows | key="jira_key" | category="category" | team="teams" | name="building_block" | kr="null"

stdout | tests/acceptance/phase-2-groups-tab.test.js > AT-10: clicking + opens a MultiSelect popover with observed Categories + (Blank) + free-text > popover lists each observed Category as a checkbox plus a dedicated (Blank) row plus a free-text input
[Initiatives] 3 rows | key="jira_key" | category="category" | team="teams" | name="building_block" | kr="null"

stdout | tests/acceptance/phase-2-groups-tab.test.js > AT-11: toggling a popover option writes through to groupsStore > checking an unchecked option adds it to members; unchecking removes it
[Initiatives] 2 rows | key="jira_key" | category="category" | team="teams" | name="building_block" | kr="null"

stdout | tests/acceptance/phase-2-groups-tab.test.js > AT-12: adding a free-text Category creates an absent-from-CSV member > typing a new value + Enter pushes it to members; popover remains open
[Initiatives] 1 rows | key="jira_key" | category="category" | team="teams" | name="building_block" | kr="null"

stderr | tests/acceptance/phase-2-groups-tab.test.js > AT-20: pressing Run after Group edits renders one dataset per Group > renderChart receives results whose length matches current groupsStore.length
Error: Not implemented: HTMLCanvasElement.prototype.getContext (without installing the canvas npm package)
    at module.exports (/Users/username/software-effort-simulator/node_modules/jsdom/lib/jsdom/browser/not-implemented.js:9:17)
    at HTMLCanvasElementImpl.getContext (/Users/username/software-effort-simulator/node_modules/jsdom/lib/jsdom/living/nodes/HTMLCanvasElement-impl.js:42:5)
    at HTMLCanvasElement.getContext (/Users/username/software-effort-simulator/node_modules/jsdom/lib/jsdom/living/generated/HTMLCanvasElement.js:131:58)
    at renderChartOnCanvas (http://localhost/:32:25)
    at renderChart (http://localhost/:207:19)
    at eval (eval at window.__readBinding (http://localhost/:66:23), <anonymous>:1:14)
    at eval (eval at window.__readBinding (http://localhost/:66:23), <anonymous>:1:10176)
    at eval (<anonymous>)
    at window.__readBinding (http://localhost/:66:23)
    at Module.execIn (/Users/username/software-effort-simulator/tests/harness.js:192:14) undefined

stdout | tests/acceptance/phase-2-groups-tab.test.js > AT-24: a Group whose members reference a CSV-absent Category still renders > chip text matches the literal member value
[Initiatives] 1 rows | key="jira_key" | category="category" | team="teams" | name="building_block" | kr="null"

stdout | tests/acceptance/phase-2-groups-tab.test.js > AT-28: Members popover lists current editedInitiatives Categories > an edit to editedInitiatives appears in the popover even before Run
[Initiatives] 1 rows | key="jira_key" | category="category" | team="teams" | name="building_block" | kr="null"

stdout | tests/acceptance/phase-2-groups-tab.test.js > AT-29: Members popover stays open across multiple option toggles > after a checkbox toggles, the popover element is still in the DOM
[Initiatives] 2 rows | key="jira_key" | category="category" | team="teams" | name="building_block" | kr="null"

 ✓ tests/acceptance/phase-2-groups-tab.test.js (34 tests) 943ms
stdout | tests/acceptance/phase-3-json-persistence.test.js > AT-16: loaded members referencing absent Categories are preserved verbatim > a Group whose members reference a CSV-absent Category loads cleanly and silently matches zero at Run
[Initiatives] 2 rows | key="jira_key" | category="category" | team="teams" | name="building_block" | kr="null"

 ✓ tests/acceptance/phase-3-json-persistence.test.js (41 tests) 997ms
stderr | tests/acceptance/phase-3-json-persistence.test.js
Error: Not implemented: navigation (except hash changes)
    at module.exports (/Users/username/software-effort-simulator/node_modules/jsdom/lib/jsdom/browser/not-implemented.js:9:17)
    at navigateFetch (/Users/username/software-effort-simulator/node_modules/jsdom/lib/jsdom/living/window/navigation.js:77:3)
    at exports.navigate (/Users/username/software-effort-simulator/node_modules/jsdom/lib/jsdom/living/window/navigation.js:55:3)
    at Timeout._onTimeout (/Users/username/software-effort-simulator/node_modules/jsdom/lib/jsdom/living/nodes/HTMLHyperlinkElementUtils-impl.js:81:7)
    at listOnTimeout (node:internal/timers:605:17)
    at processTimers (node:internal/timers:541:7) undefined
Error: Not implemented: navigation (except hash changes)
    at module.exports (/Users/username/software-effort-simulator/node_modules/jsdom/lib/jsdom/browser/not-implemented.js:9:17)
    at navigateFetch (/Users/username/software-effort-simulator/node_modules/jsdom/lib/jsdom/living/window/navigation.js:77:3)
    at exports.navigate (/Users/username/software-effort-simulator/node_modules/jsdom/lib/jsdom/living/window/navigation.js:55:3)
    at Timeout._onTimeout (/Users/username/software-effort-simulator/node_modules/jsdom/lib/jsdom/living/nodes/HTMLHyperlinkElementUtils-impl.js:81:7)
    at listOnTimeout (node:internal/timers:605:17)
    at processTimers (node:internal/timers:541:7) undefined
Error: Not implemented: navigation (except hash changes)
    at module.exports (/Users/username/software-effort-simulator/node_modules/jsdom/lib/jsdom/browser/not-implemented.js:9:17)
    at navigateFetch (/Users/username/software-effort-simulator/node_modules/jsdom/lib/jsdom/living/window/navigation.js:77:3)
    at exports.navigate (/Users/username/software-effort-simulator/node_modules/jsdom/lib/jsdom/living/window/navigation.js:55:3)
    at Timeout._onTimeout (/Users/username/software-effort-simulator/node_modules/jsdom/lib/jsdom/living/nodes/HTMLHyperlinkElementUtils-impl.js:81:7)
    at listOnTimeout (node:internal/timers:605:17)
    at processTimers (node:internal/timers:541:7) undefined
Error: Not implemented: navigation (except hash changes)
    at module.exports (/Users/username/software-effort-simulator/node_modules/jsdom/lib/jsdom/browser/not-implemented.js:9:17)
    at navigateFetch (/Users/username/software-effort-simulator/node_modules/jsdom/lib/jsdom/living/window/navigation.js:77:3)
    at exports.navigate (/Users/username/software-effort-simulator/node_modules/jsdom/lib/jsdom/living/window/navigation.js:55:3)
    at Timeout._onTimeout (/Users/username/software-effort-simulator/node_modules/jsdom/lib/jsdom/living/nodes/HTMLHyperlinkElementUtils-impl.js:81:7)
    at listOnTimeout (node:internal/timers:605:17)
    at processTimers (node:internal/timers:541:7) undefined
Error: Not implemented: navigation (except hash changes)
    at module.exports (/Users/username/software-effort-simulator/node_modules/jsdom/lib/jsdom/browser/not-implemented.js:9:17)
    at navigateFetch (/Users/username/software-effort-simulator/node_modules/jsdom/lib/jsdom/living/window/navigation.js:77:3)
    at exports.navigate (/Users/username/software-effort-simulator/node_modules/jsdom/lib/jsdom/living/window/navigation.js:55:3)
    at Timeout._onTimeout (/Users/username/software-effort-simulator/node_modules/jsdom/lib/jsdom/living/nodes/HTMLHyperlinkElementUtils-impl.js:81:7)
    at listOnTimeout (node:internal/timers:605:17)
    at processTimers (node:internal/timers:541:7) undefined
Error: Not implemented: navigation (except hash changes)
    at module.exports (/Users/username/software-effort-simulator/node_modules/jsdom/lib/jsdom/browser/not-implemented.js:9:17)
    at navigateFetch (/Users/username/software-effort-simulator/node_modules/jsdom/lib/jsdom/living/window/navigation.js:77:3)
    at exports.navigate (/Users/username/software-effort-simulator/node_modules/jsdom/lib/jsdom/living/window/navigation.js:55:3)
    at Timeout._onTimeout (/Users/username/software-effort-simulator/node_modules/jsdom/lib/jsdom/living/nodes/HTMLHyperlinkElementUtils-impl.js:81:7)
    at listOnTimeout (node:internal/timers:605:17)
    at processTimers (node:internal/timers:541:7) undefined
Error: Not implemented: navigation (except hash changes)
    at module.exports (/Users/username/software-effort-simulator/node_modules/jsdom/lib/jsdom/browser/not-implemented.js:9:17)
    at navigateFetch (/Users/username/software-effort-simulator/node_modules/jsdom/lib/jsdom/living/window/navigation.js:77:3)
    at exports.navigate (/Users/username/software-effort-simulator/node_modules/jsdom/lib/jsdom/living/window/navigation.js:55:3)
    at Timeout._onTimeout (/Users/username/software-effort-simulator/node_modules/jsdom/lib/jsdom/living/nodes/HTMLHyperlinkElementUtils-impl.js:81:7)
    at listOnTimeout (node:internal/timers:605:17)
    at processTimers (node:internal/timers:541:7) undefined
Error: Not implemented: navigation (except hash changes)
    at module.exports (/Users/username/software-effort-simulator/node_modules/jsdom/lib/jsdom/browser/not-implemented.js:9:17)
    at navigateFetch (/Users/username/software-effort-simulator/node_modules/jsdom/lib/jsdom/living/window/navigation.js:77:3)
    at exports.navigate (/Users/username/software-effort-simulator/node_modules/jsdom/lib/jsdom/living/window/navigation.js:55:3)
    at Timeout._onTimeout (/Users/username/software-effort-simulator/node_modules/jsdom/lib/jsdom/living/nodes/HTMLHyperlinkElementUtils-impl.js:81:7)
    at listOnTimeout (node:internal/timers:605:17)
    at processTimers (node:internal/timers:541:7) undefined


⎯⎯⎯⎯⎯⎯ Failed Tests 12 ⎯⎯⎯⎯⎯⎯⎯

 FAIL  tests/acceptance/phase-1-engine.test.js > AT-12: a zero-member Group sits at its own fixedEffortPerGroup entry (0), not a shared scalar > keeps the zero-member Group flat at 0 while a populated Group sits at its own shift
AssertionError: expected +0 to be 5 // Object.is equality

- Expected
+ Received

- 5
+ 0

 ❯ tests/acceptance/phase-1-engine.test.js:301:79
    299|     expect(empty.stats.p50).toBe(0);
    300|     // The populated Group sits at its OWN shift — per-Group, not unif…
    301|     for (let i = 0; i < backend.sorted.length; i++) expect(backend.sor…
       |                                                                               ^
    302|     expect(backend.stats.p50).toBe(5);
    303|   });

⎯⎯⎯⎯⎯⎯⎯⎯⎯⎯⎯⎯⎯⎯⎯⎯⎯⎯⎯⎯⎯⎯⎯[1/12]⎯

 FAIL  tests/acceptance/phase-2-constant-work-org-scoping.test.js > AT-1: a constant-work row lifts only the Groups whose members include its Category > credits the matching Group its t-shirt person-months, leaves non-matching Groups at 0, and ignores rows outside the Target quarters
AssertionError: expected false to be true // Object.is equality

- Expected
+ Received

- true
+ false

 ❯ tests/acceptance/phase-2-constant-work-org-scoping.test.js:119:32
    117| 
    118|     const vec = prepare(win, ['Q1 2026'], ['Q3 2026']).fixedEffortPerG…
    119|     expect(Array.isArray(vec)).toBe(true);
       |                                ^
    120|     expect(vec).toHaveLength(2);
    121|     expect(vec[0]).toBeCloseTo(pm(win, 'M'), 10); // Backend lifted by…

⎯⎯⎯⎯⎯⎯⎯⎯⎯⎯⎯⎯⎯⎯⎯⎯⎯⎯⎯⎯⎯⎯⎯[2/12]⎯

 FAIL  tests/acceptance/phase-2-constant-work-org-scoping.test.js > AT-2: a constant-work row whose Category is in no Group lifts nothing > excludes the row from every Group when its Category matches no members
AssertionError: expected undefined to deeply equal [ +0 ]

- Expected: 
Array [
  0,
]

+ Received: 
undefined

 ❯ tests/acceptance/phase-2-constant-work-org-scoping.test.js:136:17
    134| 
    135|     const vec = prepare(win, ['Q1 2026'], ['Q3 2026']).fixedEffortPerG…
    136|     expect(vec).toEqual([0]);
       |                 ^
    137|   });
    138| });

⎯⎯⎯⎯⎯⎯⎯⎯⎯⎯⎯⎯⎯⎯⎯⎯⎯⎯⎯⎯⎯⎯⎯[3/12]⎯

 FAIL  tests/acceptance/phase-2-constant-work-org-scoping.test.js > AT-3: per-Group Category matching is case-insensitive and trimmed > matches " backend " against the member "Backend"
TypeError: Cannot read properties of undefined (reading '0')
 ❯ tests/acceptance/phase-2-constant-work-org-scoping.test.js:150:15
    148| 
    149|     const vec = prepare(win, ['Q1 2026'], ['Q3 2026']).fixedEffortPerG…
    150|     expect(vec[0]).toBeCloseTo(pm(win, 'S'), 10);
       |               ^
    151|   });
    152| });

⎯⎯⎯⎯⎯⎯⎯⎯⎯⎯⎯⎯⎯⎯⎯⎯⎯⎯⎯⎯⎯⎯⎯[4/12]⎯

 FAIL  tests/acceptance/phase-2-constant-work-org-scoping.test.js > AT-4: a blank-Category constant-work row lifts only Groups whose members include the (Blank) sentinel > credits the BLANK-member Group and leaves a string-member Group at 0
TypeError: Cannot read properties of undefined (reading '0')
 ❯ tests/acceptance/phase-2-constant-work-org-scoping.test.js:169:15
    167| 
    168|     const vec = prepare(win, ['Q1 2026'], ['Q3 2026']).fixedEffortPerG…
    169|     expect(vec[0]).toBeCloseTo(pm(win, 'M'), 10); // (Blank)-member Gr…
       |               ^
    170|     expect(vec[1]).toBe(0);                        // string-member Gr…
    171|   });

⎯⎯⎯⎯⎯⎯⎯⎯⎯⎯⎯⎯⎯⎯⎯⎯⎯⎯⎯⎯⎯⎯⎯[5/12]⎯

 FAIL  tests/acceptance/phase-2-constant-work-org-scoping.test.js > AT-5: runSimulation shifts each Group distribution by its own fixedEffortPerGroup entry > sits each Group flat at its own shift (property over a 0/positive vector) and reports fixedEffortPerGroup, not the scalar fixedEffort
AssertionError: expected +0 to be 5 // Object.is equality

- Expected
+ Received

- 5
+ 0

 ❯ tests/acceptance/phase-2-constant-work-org-scoping.test.js:195:65
    193|       const sorted = out.results[gi].sorted;
    194|       expect(sorted).toHaveLength(200);
    195|       for (let i = 0; i < sorted.length; i++) expect(sorted[i]).toBe(s…
       |                                                                 ^
    196|       expect(out.results[gi].stats.p50).toBe(shifts[gi]);
    197|     }

⎯⎯⎯⎯⎯⎯⎯⎯⎯⎯⎯⎯⎯⎯⎯⎯⎯⎯⎯⎯⎯⎯⎯[6/12]⎯

 FAIL  tests/acceptance/phase-2-constant-work-org-scoping.test.js > AT-6: the shared Global histogram range floor (globalMin) is the minimum per-Group shift > sets globalMin === min(fixedEffortPerGroup) across several vectors and keeps bins shared
AssertionError: expected +0 to be 3 // Object.is equality

- Expected
+ Received

- 3
+ 0

 ❯ tests/acceptance/phase-2-constant-work-org-scoping.test.js:223:29
    221|         groups: ${JSON.stringify(groups)},
    222|       })`);
    223|       expect(out.globalMin).toBe(Math.min(...vec));
       |                             ^
    224|       expect(out.results[0].hist.binCenters).toEqual(out.results[1].hi…
    225|     }

⎯⎯⎯⎯⎯⎯⎯⎯⎯⎯⎯⎯⎯⎯⎯⎯⎯⎯⎯⎯⎯⎯⎯[7/12]⎯

 FAIL  tests/acceptance/phase-2-constant-work-org-scoping.test.js > AT-7: constant work changes only fixedEffortPerGroup — never kPerGroup, λ, or the epic sizing pool > keeps kPerGroup, lambda and epicSizingDist identical with and without a constant-work row
AssertionError: expected undefined to deeply equal [ +0 ]

- Expected: 
Array [
  0,
]

+ Received: 
undefined

 ❯ tests/acceptance/phase-2-constant-work-org-scoping.test.js:251:41
    249| 
    250|     // The only thing that moves is the per-Group constant-work vector.
    251|     expect(without.fixedEffortPerGroup).toEqual([0]);
       |                                         ^
    252|     expect(wit.fixedEffortPerGroup[0]).toBeCloseTo(pm(win, 'M'), 10);
    253|   });

⎯⎯⎯⎯⎯⎯⎯⎯⎯⎯⎯⎯⎯⎯⎯⎯⎯⎯⎯⎯⎯⎯⎯[8/12]⎯

 FAIL  tests/acceptance/phase-2-constant-work-org-scoping.test.js > AT-8: a constant-work Category present in multiple Groups lifts each of them > credits every Group whose members include the overlapping Category
TypeError: Cannot read properties of undefined (reading '0')
 ❯ tests/acceptance/phase-2-constant-work-org-scoping.test.js:269:15
    267| 
    268|     const vec = prepare(win, ['Q1 2026'], ['Q3 2026']).fixedEffortPerG…
    269|     expect(vec[0]).toBeCloseTo(pm(win, 'M'), 10);
       |               ^
    270|     expect(vec[1]).toBeCloseTo(pm(win, 'M'), 10);
    271|   });

⎯⎯⎯⎯⎯⎯⎯⎯⎯⎯⎯⎯⎯⎯⎯⎯⎯⎯⎯⎯⎯⎯⎯[9/12]⎯

 FAIL  tests/acceptance/phase-2-constant-work-org-scoping.test.js > AT-9: the auto-default All Group members union initiative and constant-work Categories (load-order independent) > unions {Analytics,Backend} (initiatives) with {Compliance} (constant work) when initiatives load first
AssertionError: expected false to be true // Object.is equality

- Expected
+ Received

- true
+ false

 ❯ assertUnion tests/acceptance/phase-2-constant-work-org-scoping.test.js:282:32
    280|     const members = new Set(groups[0].members);
    281|     for (const cat of ['Analytics', 'Backend', 'Compliance']) {
    282|       expect(members.has(cat)).toBe(true);
       |                                ^
    283|     }
    284|   }
 ❯ tests/acceptance/phase-2-constant-work-org-scoping.test.js:295:5

⎯⎯⎯⎯⎯⎯⎯⎯⎯⎯⎯⎯⎯⎯⎯⎯⎯⎯⎯⎯⎯⎯[10/12]⎯

 FAIL  tests/acceptance/phase-2-constant-work-org-scoping.test.js > AT-9: the auto-default All Group members union initiative and constant-work Categories (load-order independent) > unions the same Categories when constant work loads first
AssertionError: expected false to be true // Object.is equality

- Expected
+ Received

- true
+ false

 ❯ assertUnion tests/acceptance/phase-2-constant-work-org-scoping.test.js:282:32
    280|     const members = new Set(groups[0].members);
    281|     for (const cat of ['Analytics', 'Backend', 'Compliance']) {
    282|       expect(members.has(cat)).toBe(true);
       |                                ^
    283|     }
    284|   }
 ❯ tests/acceptance/phase-2-constant-work-org-scoping.test.js:307:5

⎯⎯⎯⎯⎯⎯⎯⎯⎯⎯⎯⎯⎯⎯⎯⎯⎯⎯⎯⎯⎯⎯[11/12]⎯

 FAIL  tests/acceptance/phase-2-constant-work-org-scoping.test.js > AT-11: a Run with totalK === 0 but constant work present sits each Group at its own per-Group shift > produces a flat per-Group distribution at each Group constant-work person-months (pure constant work)
AssertionError: expected +0 to be close to 2.200382139383515, received difference is 2.200382139383515, but expected 5e-11
 ❯ tests/acceptance/phase-2-constant-work-org-scoping.test.js:370:59
    368|     const back = out.results[0].sorted;
    369|     const front = out.results[1].sorted;
    370|     for (let i = 0; i < back.length; i++) expect(back[i]).toBeCloseTo(…
       |                                                           ^
    371|     for (let i = 0; i < front.length; i++) expect(front[i]).toBeCloseT…
    372|     // Flat band: zero variance, each Group sits exactly at its own sh…

⎯⎯⎯⎯⎯⎯⎯⎯⎯⎯⎯⎯⎯⎯⎯⎯⎯⎯⎯⎯⎯⎯[12/12]⎯

 Test Files  2 failed | 8 passed | 1 skipped (11)
      Tests  12 failed | 160 passed | 1 skipped (173)
   Start at  23:01:32
   Duration  1.74s (transform 236ms, setup 0ms, collect 4.79s, tests 5.53s, environment 1ms, prepare 746ms)
