command: npx vitest run tests/acceptance/0022-empirical-default-params-property.test.js
run_at: 2026-06-21T16:02:35Z
exit_code: 1
shrunk_counterexample: size="M" (a calibrated t-shirt size) — on the synthetic base activeParams["M"].mu == synthetic mu 0.7521 != empirical mu 0.9636; the unpinned fast-check generator lands on a different calibrated size {XS,S,M,L} each run (observed L/M/S) but the FAIL and exit 1 are invariant
---

 RUN  v2.1.9 /Users/emmanuel.goossaert@new10.com/code/software-effort-simulator

 ❯ tests/acceptance/0022-empirical-default-params-property.test.js (5 tests | 3 failed) 165ms
   × 0022 — Empirical parameters are the page-load default (per Recognised t-shirt size) > for every Recognised t-shirt size, a fresh page-load binds activeParams[size] to the Empirical (μ, σ) by value (with seed=-278270002) 99ms
     → Property failed after 4 tests
{ seed: -278270002, path: "3", endOnFailure: true }
Counterexample: ["S"]
Shrunk 0 time(s)

Hint: Enable verbose mode in order to have the list of all failing values encountered during the run
   × 0022 — Empirical parameters are the page-load default (per Recognised t-shirt size) > binds the calibrated size M to the Empirical (μ, σ) on load 17ms
     → expected Object{ mu: 0.7521, sigma: 0.2703 } to deeply equal Object{ mu: 0.9636, sigma: 0.2703 }
   × 0022 — Empirical parameters are the page-load default (per Recognised t-shirt size) > does not bind the calibrated size S to the Synthetic μ on load 16ms
     → expected 0.0589 not to be 0.0589 // Object.is equality

⎯⎯⎯⎯⎯⎯⎯ Failed Tests 3 ⎯⎯⎯⎯⎯⎯⎯

 FAIL  tests/acceptance/0022-empirical-default-params-property.test.js > 0022 — Empirical parameters are the page-load default (per Recognised t-shirt size) > for every Recognised t-shirt size, a fresh page-load binds activeParams[size] to the Empirical (μ, σ) by value (with seed=-278270002)
Error: Property failed after 4 tests
{ seed: -278270002, path: "3", endOnFailure: true }
Counterexample: ["S"]
Shrunk 0 time(s)

Hint: Enable verbose mode in order to have the list of all failing values encountered during the run
 ❯ buildError node_modules/fast-check/lib/fast-check.js:2441:16
 ❯ asyncThrowIfFailed node_modules/fast-check/lib/fast-check.js:2453:8

Caused by: AssertionError: expected 0.0589 to be 0.4704 // Object.is equality

- Expected
+ Received

- 0.4704
+ 0.0589

 ❯ tests/acceptance/0022-empirical-default-params-property.test.js:46:37
 ❯ node_modules/@fast-check/vitest/lib/vitest-fast-check.js:7:38
 ❯ AsyncProperty.predicate node_modules/fast-check/lib/fast-check.js:1261:104
 ❯ AsyncProperty.run node_modules/fast-check/lib/fast-check.js:1197:30
 ❯ asyncRunIt node_modules/fast-check/lib/fast-check.js:2495:30
 ❯ node_modules/@fast-check/vitest/lib/vitest-fast-check.js:79:4

⎯⎯⎯⎯⎯⎯⎯⎯⎯⎯⎯⎯⎯⎯⎯⎯⎯⎯⎯⎯⎯⎯⎯⎯[1/3]⎯

 FAIL  tests/acceptance/0022-empirical-default-params-property.test.js > 0022 — Empirical parameters are the page-load default (per Recognised t-shirt size) > binds the calibrated size M to the Empirical (μ, σ) on load
AssertionError: expected Object{ mu: 0.7521, sigma: 0.2703 } to deeply equal Object{ mu: 0.9636, sigma: 0.2703 }

- Expected
+ Received

  Object {
-   "mu": 0.9636,
+   "mu": 0.7521,
    "sigma": 0.2703,
  }

 ❯ tests/acceptance/0022-empirical-default-params-property.test.js:57:31
     55|     const activeParams = read(win, 'activeParams');
     56|     const empirical = read(win, 'T_SHIRT_PARAMS_EMPIRICAL');
     57|     expect(activeParams['M']).toEqual(empirical['M']);
       |                               ^
     58|   });
     59| 

⎯⎯⎯⎯⎯⎯⎯⎯⎯⎯⎯⎯⎯⎯⎯⎯⎯⎯⎯⎯⎯⎯⎯⎯[2/3]⎯

 FAIL  tests/acceptance/0022-empirical-default-params-property.test.js > 0022 — Empirical parameters are the page-load default (per Recognised t-shirt size) > does not bind the calibrated size S to the Synthetic μ on load
AssertionError: expected 0.0589 not to be 0.0589 // Object.is equality
 ❯ tests/acceptance/0022-empirical-default-params-property.test.js:79:38
     77|     const activeParams = read(win, 'activeParams');
     78|     const synthetic = read(win, 'T_SHIRT_PARAMS');
     79|     expect(activeParams['S'].mu).not.toBe(synthetic['S'].mu);
       |                                      ^
     80|   });
     81| });

⎯⎯⎯⎯⎯⎯⎯⎯⎯⎯⎯⎯⎯⎯⎯⎯⎯⎯⎯⎯⎯⎯⎯⎯[3/3]⎯

 Test Files  1 failed (1)
      Tests  3 failed | 2 passed (5)
   Start at  18:02:37
   Duration  691ms (transform 14ms, setup 0ms, collect 286ms, tests 165ms, environment 0ms, prepare 51ms)

