command: npx vitest run tests/acceptance/0022-empirical-default-on-load.test.js
command: npx vitest run tests/acceptance/0022-empirical-default-params-property.test.js
runs: 5
run_at: 2026-06-21T16:02:35Z
outcome: acceptance 5/5 FAIL, inner 5/5 FAIL — stable RED (inner FAIL invariant; the unpinned fast-check counterexample is a different calibrated size each run but always RED for the same reason)
---
acceptance run 1: exit 1 — Tests  3 failed (3) (AT-1 empirical radio not checked / AT-2 activeParams===T_SHIRT_PARAMS / AT-4 fresh load not empirical — base defaults to synthetic)
acceptance run 2: exit 1 — Tests  3 failed (3) (AT-1 empirical radio not checked / AT-2 activeParams===T_SHIRT_PARAMS / AT-4 fresh load not empirical — base defaults to synthetic)
acceptance run 3: exit 1 — Tests  3 failed (3) (AT-1 empirical radio not checked / AT-2 activeParams===T_SHIRT_PARAMS / AT-4 fresh load not empirical — base defaults to synthetic)
acceptance run 4: exit 1 — Tests  3 failed (3) (AT-1 empirical radio not checked / AT-2 activeParams===T_SHIRT_PARAMS / AT-4 fresh load not empirical — base defaults to synthetic)
acceptance run 5: exit 1 — Tests  3 failed (3) (AT-1 empirical radio not checked / AT-2 activeParams===T_SHIRT_PARAMS / AT-4 fresh load not empirical — base defaults to synthetic)
inner run 1: exit 1 — Tests  3 failed | 2 passed (5) — Counterexample: ["L"] (calibrated size: synthetic mu != empirical mu; 2XS carry-through + AT-3 toggle pass)
inner run 2: exit 1 — Tests  3 failed | 2 passed (5) — Counterexample: ["M"] (calibrated size: synthetic mu != empirical mu; 2XS carry-through + AT-3 toggle pass)
inner run 3: exit 1 — Tests  3 failed | 2 passed (5) — Counterexample: ["S"] (calibrated size: synthetic mu != empirical mu; 2XS carry-through + AT-3 toggle pass)
inner run 4: exit 1 — Tests  3 failed | 2 passed (5) — Counterexample: ["M"] (calibrated size: synthetic mu != empirical mu; 2XS carry-through + AT-3 toggle pass)
inner run 5: exit 1 — Tests  3 failed | 2 passed (5) — Counterexample: ["M"] (calibrated size: synthetic mu != empirical mu; 2XS carry-through + AT-3 toggle pass)
--- full output (run 1: acceptance, then inner) ---
### acceptance run 1 ###

 RUN  v2.1.9 /Users/emmanuel.goossaert@new10.com/code/software-effort-simulator

 ❯ tests/acceptance/0022-empirical-default-on-load.test.js (3 tests | 3 failed) 158ms
   × 0022 AT-1 — page-load selects the Empirical parameters radio > checks the empirical radio and highlights its label, leaving synthetic unchecked and unhighlighted 92ms
     → expected false to be true // Object.is equality
   × 0022 AT-2 — page-load binds activeParams to the Empirical parameters table > initialises activeParams to T_SHIRT_PARAMS_EMPIRICAL by reference, not the Synthetic table 26ms
     → expected Object{ '2XS': Object{ …(2) }, …(6) } to be Object{ '2XS': Object{ …(2) }, …(6) } // Object.is equality
   × 0022 AT-4 — the Empirical default is ephemeral (no persistence introduced) > defaults a fresh page-load to empirical even after a prior window selected synthetic, and persists nothing to localStorage 39ms
     → expected false to be true // Object.is equality

⎯⎯⎯⎯⎯⎯⎯ Failed Tests 3 ⎯⎯⎯⎯⎯⎯⎯

 FAIL  tests/acceptance/0022-empirical-default-on-load.test.js > 0022 AT-1 — page-load selects the Empirical parameters radio > checks the empirical radio and highlights its label, leaving synthetic unchecked and unhighlighted
AssertionError: expected false to be true // Object.is equality

- Expected
+ Received

- true
+ false

 ❯ tests/acceptance/0022-empirical-default-on-load.test.js:34:41
     32| 
     33|     // Empirical parameters are the page-load default (happy path).
     34|     expect(empiricalRadio(win).checked).toBe(true);
       |                                         ^
     35|     expect(empiricalLabel(win).classList.contains('active')).toBe(true…
     36| 

⎯⎯⎯⎯⎯⎯⎯⎯⎯⎯⎯⎯⎯⎯⎯⎯⎯⎯⎯⎯⎯⎯⎯⎯[1/3]⎯

 FAIL  tests/acceptance/0022-empirical-default-on-load.test.js > 0022 AT-2 — page-load binds activeParams to the Empirical parameters table > initialises activeParams to T_SHIRT_PARAMS_EMPIRICAL by reference, not the Synthetic table
AssertionError: expected Object{ '2XS': Object{ …(2) }, …(6) } to be Object{ '2XS': Object{ …(2) }, …(6) } // Object.is equality

- Expected
+ Received

  Object {
    "2XS": Object {
      "mu": -1.8444,
      "sigma": 0.3575,
    },
    "L": Object {
-     "mu": 1.755,
+     "mu": 1.4452,
      "sigma": 0.2703,
    },
    "M": Object {
-     "mu": 0.9636,
+     "mu": 0.7521,
      "sigma": 0.2703,
    },
    "S": Object {
-     "mu": 0.4704,
+     "mu": 0.0589,
      "sigma": 0.2703,
    },
    "XL": Object {
      "mu": 1.9945,
      "sigma": 0.1582,
    },
    "XL+": Object {
      "mu": 2.3503,
      "sigma": 0.0372,
    },
    "XS": Object {
-     "mu": -0.5093,
+     "mu": -0.837,
      "sigma": 0.4286,
    },
  }

 ❯ tests/acceptance/0022-empirical-default-on-load.test.js:51:26
     49|     // Reference identity: every sampler (sampleLognormal, tshirtToPer…
     50|     // reads the Empirical table without any user action (happy path).
     51|     expect(activeParams).toBe(read(win, 'T_SHIRT_PARAMS_EMPIRICAL'));
       |                          ^
     52| 
     53|     // And it is NOT the Synthetic table (negative).

⎯⎯⎯⎯⎯⎯⎯⎯⎯⎯⎯⎯⎯⎯⎯⎯⎯⎯⎯⎯⎯⎯⎯⎯[2/3]⎯

 FAIL  tests/acceptance/0022-empirical-default-on-load.test.js > 0022 AT-4 — the Empirical default is ephemeral (no persistence introduced) > defaults a fresh page-load to empirical even after a prior window selected synthetic, and persists nothing to localStorage
AssertionError: expected false to be true // Object.is equality

- Expected
+ Received

- true
+ false

 ❯ tests/acceptance/0022-empirical-default-on-load.test.js:71:44
     69|     // nothing carried over from the first window (boundary: a reload …
     70|     const second = loadSimulator();
     71|     expect(empiricalRadio(second).checked).toBe(true);
       |                                            ^
     72|     expect(read(second, 'activeParams')).toBe(read(second, 'T_SHIRT_PA…
     73| 

⎯⎯⎯⎯⎯⎯⎯⎯⎯⎯⎯⎯⎯⎯⎯⎯⎯⎯⎯⎯⎯⎯⎯⎯[3/3]⎯

 Test Files  1 failed (1)
      Tests  3 failed (3)
   Start at  18:02:00
   Duration  1.04s (transform 14ms, setup 0ms, collect 601ms, tests 158ms, environment 0ms, prepare 79ms)


### inner run 1 ###

 RUN  v2.1.9 /Users/emmanuel.goossaert@new10.com/code/software-effort-simulator

 ❯ tests/acceptance/0022-empirical-default-params-property.test.js (5 tests | 3 failed) 124ms
   × 0022 — Empirical parameters are the page-load default (per Recognised t-shirt size) > for every Recognised t-shirt size, a fresh page-load binds activeParams[size] to the Empirical (μ, σ) by value (with seed=-1280107420) 50ms
     → Property failed after 1 tests
{ seed: -1280107420, path: "0", endOnFailure: true }
Counterexample: ["L"]
Shrunk 0 time(s)

Hint: Enable verbose mode in order to have the list of all failing values encountered during the run
   × 0022 — Empirical parameters are the page-load default (per Recognised t-shirt size) > binds the calibrated size M to the Empirical (μ, σ) on load 20ms
     → expected Object{ mu: 0.7521, sigma: 0.2703 } to deeply equal Object{ mu: 0.9636, sigma: 0.2703 }
   × 0022 — Empirical parameters are the page-load default (per Recognised t-shirt size) > does not bind the calibrated size S to the Synthetic μ on load 18ms
     → expected 0.0589 not to be 0.0589 // Object.is equality

⎯⎯⎯⎯⎯⎯⎯ Failed Tests 3 ⎯⎯⎯⎯⎯⎯⎯

 FAIL  tests/acceptance/0022-empirical-default-params-property.test.js > 0022 — Empirical parameters are the page-load default (per Recognised t-shirt size) > for every Recognised t-shirt size, a fresh page-load binds activeParams[size] to the Empirical (μ, σ) by value (with seed=-1280107420)
Error: Property failed after 1 tests
{ seed: -1280107420, path: "0", endOnFailure: true }
Counterexample: ["L"]
Shrunk 0 time(s)

Hint: Enable verbose mode in order to have the list of all failing values encountered during the run
 ❯ buildError node_modules/fast-check/lib/fast-check.js:2441:16
 ❯ asyncThrowIfFailed node_modules/fast-check/lib/fast-check.js:2453:8

Caused by: AssertionError: expected 1.4452 to be 1.755 // Object.is equality

- Expected
+ Received

- 1.755
+ 1.4452

 ❯ tests/acceptance/0022-empirical-default-params-property.test.js:46:37
 ❯ node_modules/@fast-check/vitest/lib/vitest-fast-check.js:7:38
 ❯ AsyncProperty.predicate node_modules/fast-check/lib/fast-check.js:1261:104
 ❯ AsyncProperty.run node_modules/fast-check/lib/fast-check.js:1197:30
 ❯ asyncRunIt node_modules/fast-check/lib/fast-check.js:2495:30
 ❯ node_modules/@fast-check/vitest/lib/vitest-fast-check.js:79:4

⎯⎯⎯⎯⎯⎯⎯⎯⎯⎯⎯⎯⎯⎯⎯⎯⎯⎯⎯⎯⎯⎯⎯⎯[1/3]⎯

 FAIL  tests/acceptance/0022-empirical-default-params-property.test.js > 0022 — Empirical parameters are the page-load default (per Recognised t-shirt size) > binds the calibrated size M to the Empirical (μ, σ) on load
AssertionError: expected Object{ mu: 0.7521, sigma: 0.2703 } to deeply equal Object{ mu: 0.9636, sigma: 0.2703 }

- Expected
+ Received

  Object {
-   "mu": 0.9636,
+   "mu": 0.7521,
    "sigma": 0.2703,
  }

 ❯ tests/acceptance/0022-empirical-default-params-property.test.js:57:31
     55|     const activeParams = read(win, 'activeParams');
     56|     const empirical = read(win, 'T_SHIRT_PARAMS_EMPIRICAL');
     57|     expect(activeParams['M']).toEqual(empirical['M']);
       |                               ^
     58|   });
     59| 

⎯⎯⎯⎯⎯⎯⎯⎯⎯⎯⎯⎯⎯⎯⎯⎯⎯⎯⎯⎯⎯⎯⎯⎯[2/3]⎯

 FAIL  tests/acceptance/0022-empirical-default-params-property.test.js > 0022 — Empirical parameters are the page-load default (per Recognised t-shirt size) > does not bind the calibrated size S to the Synthetic μ on load
AssertionError: expected 0.0589 not to be 0.0589 // Object.is equality
 ❯ tests/acceptance/0022-empirical-default-params-property.test.js:79:38
     77|     const activeParams = read(win, 'activeParams');
     78|     const synthetic = read(win, 'T_SHIRT_PARAMS');
     79|     expect(activeParams['S'].mu).not.toBe(synthetic['S'].mu);
       |                                      ^
     80|   });
     81| });

⎯⎯⎯⎯⎯⎯⎯⎯⎯⎯⎯⎯⎯⎯⎯⎯⎯⎯⎯⎯⎯⎯⎯⎯[3/3]⎯

 Test Files  1 failed (1)
      Tests  3 failed | 2 passed (5)
   Start at  18:02:07
   Duration  655ms (transform 14ms, setup 0ms, collect 278ms, tests 124ms, environment 0ms, prepare 69ms)

