command: npx vitest run tests/acceptance/0023-phase-1-error-report-tab.test.js
command: npx vitest run tests/acceptance/0023-phase-1-finding-model-property.test.js
runs: 5
run_at: 2026-06-22T19:45:25Z
outcome: acceptance 5/5 FAIL, inner 5/5 FAIL — stable RED
---
acceptance run 1: exit 1 — 6 failed (no error-report Tab/panel, renderErrorReport absent, prepareSimulationData(...).findings undefined)
acceptance run 2: exit 1 — 6 failed (no error-report Tab/panel, renderErrorReport absent, prepareSimulationData(...).findings undefined)
acceptance run 3: exit 1 — 6 failed (no error-report Tab/panel, renderErrorReport absent, prepareSimulationData(...).findings undefined)
acceptance run 4: exit 1 — 6 failed (no error-report Tab/panel, renderErrorReport absent, prepareSimulationData(...).findings undefined)
acceptance run 5: exit 1 — 6 failed (no error-report Tab/panel, renderErrorReport absent, prepareSimulationData(...).findings undefined)
inner run 1: exit 1 — 7 failed (both fast-check properties fail on counterexample [[]]: findings undefined; contract + triangulation examples fail likewise)
inner run 2: exit 1 — 7 failed (both fast-check properties fail on counterexample [[]]: findings undefined; contract + triangulation examples fail likewise)
inner run 3: exit 1 — 7 failed (both fast-check properties fail on counterexample [[]]: findings undefined; contract + triangulation examples fail likewise)
inner run 4: exit 1 — 7 failed (both fast-check properties fail on counterexample [[]]: findings undefined; contract + triangulation examples fail likewise)
inner run 5: exit 1 — 7 failed (both fast-check properties fail on counterexample [[]]: findings undefined; contract + triangulation examples fail likewise)
--- full output (run 1, acceptance) ---

 RUN  v2.1.9 /Users/emmanuel.goossaert@new10.com/code/software-effort-simulator

stdout | tests/acceptance/0023-phase-1-error-report-tab.test.js > AT-3: an in-scope Epic whose size is not a Recognised t-shirt size is reported as UNRECOGNIZED_SIZE_EPIC (ERROR) > collects exactly one UNRECOGNIZED_SIZE_EPIC finding locating the offending Epic and notes exclusion from Poisson λ and the Bootstrap pool
[Initiatives] 2 rows | key="jira_key" | category="category" | team="teams" | name="building_block" | kr="null"

stdout | tests/acceptance/0023-phase-1-error-report-tab.test.js > AT-4: a target-quarter Constant work row whose size is not a Recognised t-shirt size is reported as UNRECOGNIZED_SIZE_CONSTANT_WORK (WARNING) > collects exactly one UNRECOGNIZED_SIZE_CONSTANT_WORK finding with a row locator and a message noting it contributed 0 PM
[Initiatives] 2 rows | key="jira_key" | category="category" | team="teams" | name="building_block" | kr="null"

stdout | tests/acceptance/0023-phase-1-error-report-tab.test.js > AT-5: collecting the Error Report never alters the Run — runSimulation reads no findings (advisory, I-1) > returns findings additively while the engine output depends only on its declared arguments (a findings field is ignored)
[Initiatives] 2 rows | key="jira_key" | category="category" | team="teams" | name="building_block" | kr="null"

 ❯ tests/acceptance/0023-phase-1-error-report-tab.test.js (6 tests | 6 failed) 179ms
   × AT-1: the Error Report Tab is present, last in the tab bar, and org is the resting Tab > renders a .tab-btn[data-tab="error-report"] labelled "Error Report" as the LAST tab in .tab-bar 77ms
     → expected 'groups' to be 'error-report' // Object.is equality
   × AT-1: the Error Report Tab is present, last in the tab bar, and org is the resting Tab > renders a #tab-error-report Tab panel that is display:none while the org Tab stays active 24ms
     → expected null not to be null
   × AT-2: the Error Report shows an explicit empty state when there are no Data-quality findings > renderErrorReport([]) paints #tab-error-report with the literal text "No data issues detected." and zero finding entries 18ms
     → expected null not to be null
   × AT-3: an in-scope Epic whose size is not a Recognised t-shirt size is reported as UNRECOGNIZED_SIZE_EPIC (ERROR) > collects exactly one UNRECOGNIZED_SIZE_EPIC finding locating the offending Epic and notes exclusion from Poisson λ and the Bootstrap pool 22ms
     → expected false to be true // Object.is equality
   × AT-4: a target-quarter Constant work row whose size is not a Recognised t-shirt size is reported as UNRECOGNIZED_SIZE_CONSTANT_WORK (WARNING) > collects exactly one UNRECOGNIZED_SIZE_CONSTANT_WORK finding with a row locator and a message noting it contributed 0 PM 19ms
     → expected false to be true // Object.is equality
   × AT-5: collecting the Error Report never alters the Run — runSimulation reads no findings (advisory, I-1) > returns findings additively while the engine output depends only on its declared arguments (a findings field is ignored) 18ms
     → expected false to be true // Object.is equality

⎯⎯⎯⎯⎯⎯⎯ Failed Tests 6 ⎯⎯⎯⎯⎯⎯⎯

 FAIL  tests/acceptance/0023-phase-1-error-report-tab.test.js > AT-1: the Error Report Tab is present, last in the tab bar, and org is the resting Tab > renders a .tab-btn[data-tab="error-report"] labelled "Error Report" as the LAST tab in .tab-bar
AssertionError: expected 'groups' to be 'error-report' // Object.is equality

Expected: "error-report"
Received: "groups"

 ❯ tests/acceptance/0023-phase-1-error-report-tab.test.js:54:30
     52|     expect(btns.length).toBeGreaterThan(0);
     53|     const last = btns[btns.length - 1];
     54|     expect(last.dataset.tab).toBe('error-report');
       |                              ^
     55|     expect(last.textContent.trim()).toBe('Error Report');
     56|   });

⎯⎯⎯⎯⎯⎯⎯⎯⎯⎯⎯⎯⎯⎯⎯⎯⎯⎯⎯⎯⎯⎯⎯⎯[1/6]⎯

 FAIL  tests/acceptance/0023-phase-1-error-report-tab.test.js > AT-1: the Error Report Tab is present, last in the tab bar, and org is the resting Tab > renders a #tab-error-report Tab panel that is display:none while the org Tab stays active
AssertionError: expected null not to be null
 ❯ tests/acceptance/0023-phase-1-error-report-tab.test.js:61:23
     59|     const win = loadSimulator();
     60|     const panel = win.document.getElementById('tab-error-report');
     61|     expect(panel).not.toBeNull();
       |                       ^
     62|     expect(panel.classList.contains('tab-panel')).toBe(true);
     63|     expect(panel.style.display).toBe('none');

⎯⎯⎯⎯⎯⎯⎯⎯⎯⎯⎯⎯⎯⎯⎯⎯⎯⎯⎯⎯⎯⎯⎯⎯[2/6]⎯

 FAIL  tests/acceptance/0023-phase-1-error-report-tab.test.js > AT-2: the Error Report shows an explicit empty state when there are no Data-quality findings > renderErrorReport([]) paints #tab-error-report with the literal text "No data issues detected." and zero finding entries
AssertionError: expected null not to be null
 ❯ tests/acceptance/0023-phase-1-error-report-tab.test.js:78:23
     76|     execIn(win, 'renderErrorReport([])');
     77|     const panel = win.document.getElementById('tab-error-report');
     78|     expect(panel).not.toBeNull();
       |                       ^
     79|     expect(panel.textContent).toContain('No data issues detected.');
     80|   });

⎯⎯⎯⎯⎯⎯⎯⎯⎯⎯⎯⎯⎯⎯⎯⎯⎯⎯⎯⎯⎯⎯⎯⎯[3/6]⎯

 FAIL  tests/acceptance/0023-phase-1-error-report-tab.test.js > AT-3: an in-scope Epic whose size is not a Recognised t-shirt size is reported as UNRECOGNIZED_SIZE_EPIC (ERROR) > collects exactly one UNRECOGNIZED_SIZE_EPIC finding locating the offending Epic and notes exclusion from Poisson λ and the Bootstrap pool
AssertionError: expected false to be true // Object.is equality

- Expected
+ Received

- true
+ false

 ❯ tests/acceptance/0023-phase-1-error-report-tab.test.js:95:44
     93| 
     94|     const result = evalIn(win, "prepareSimulationData(['Q1 2026'], ['Q…
     95|     expect(Array.isArray(result.findings)).toBe(true);
       |                                            ^
     96| 
     97|     const flagged = result.findings.filter(f => f.code === 'UNRECOGNIZ…

⎯⎯⎯⎯⎯⎯⎯⎯⎯⎯⎯⎯⎯⎯⎯⎯⎯⎯⎯⎯⎯⎯⎯⎯[4/6]⎯

 FAIL  tests/acceptance/0023-phase-1-error-report-tab.test.js > AT-4: a target-quarter Constant work row whose size is not a Recognised t-shirt size is reported as UNRECOGNIZED_SIZE_CONSTANT_WORK (WARNING) > collects exactly one UNRECOGNIZED_SIZE_CONSTANT_WORK finding with a row locator and a message noting it contributed 0 PM
AssertionError: expected false to be true // Object.is equality

- Expected
+ Received

- true
+ false

 ❯ tests/acceptance/0023-phase-1-error-report-tab.test.js:132:44
    130| 
    131|     const result = evalIn(win, "prepareSimulationData(['Q1 2026'], ['Q…
    132|     expect(Array.isArray(result.findings)).toBe(true);
       |                                            ^
    133| 
    134|     const flagged = result.findings.filter(f => f.code === 'UNRECOGNIZ…

⎯⎯⎯⎯⎯⎯⎯⎯⎯⎯⎯⎯⎯⎯⎯⎯⎯⎯⎯⎯⎯⎯⎯⎯[5/6]⎯

 FAIL  tests/acceptance/0023-phase-1-error-report-tab.test.js > AT-5: collecting the Error Report never alters the Run — runSimulation reads no findings (advisory, I-1) > returns findings additively while the engine output depends only on its declared arguments (a findings field is ignored)
AssertionError: expected false to be true // Object.is equality

- Expected
+ Received

- true
+ false

 ❯ tests/acceptance/0023-phase-1-error-report-tab.test.js:160:42
    158|     const data = evalIn(win, "prepareSimulationData(['Q1 2026'], ['Q2 …
    159|     // Advisory contract: findings are collected as an array (additive…
    160|     expect(Array.isArray(data.findings)).toBe(true);
       |                                          ^
    161| 
    162|     const args = {

⎯⎯⎯⎯⎯⎯⎯⎯⎯⎯⎯⎯⎯⎯⎯⎯⎯⎯⎯⎯⎯⎯⎯⎯[6/6]⎯

 Test Files  1 failed (1)
      Tests  6 failed (6)
   Start at  21:44:58
   Duration  897ms (transform 14ms, setup 0ms, collect 223ms, tests 179ms, environment 0ms, prepare 91ms)


--- full output (run 1, inner/property) ---

 RUN  v2.1.9 /Users/emmanuel.goossaert@new10.com/code/software-effort-simulator

stdout | tests/acceptance/0023-phase-1-finding-model-property.test.js > 0023 Phase 1 — UNRECOGNIZED_SIZE_EPIC partitions in-scope Epics by Recognised t-shirt size > flags exactly the in-scope Epics whose normalised size is not a Recognised t-shirt size, one finding each (with seed=2106965318)
[Initiatives] 2 rows | key="jira_key" | category="category" | team="teams" | name="building_block" | kr="null"

stdout | tests/acceptance/0023-phase-1-finding-model-property.test.js > 0023 Phase 1 — UNRECOGNIZED_SIZE_EPIC partitions in-scope Epics by Recognised t-shirt size > flags an Epic whose size "XXL" is not a Recognised t-shirt size
[Initiatives] 2 rows | key="jira_key" | category="category" | team="teams" | name="building_block" | kr="null"

stdout | tests/acceptance/0023-phase-1-finding-model-property.test.js > 0023 Phase 1 — UNRECOGNIZED_SIZE_EPIC partitions in-scope Epics by Recognised t-shirt size > flags Epics whose size is empty or whitespace-only
[Initiatives] 2 rows | key="jira_key" | category="category" | team="teams" | name="building_block" | kr="null"

stdout | tests/acceptance/0023-phase-1-finding-model-property.test.js > 0023 Phase 1 — UNRECOGNIZED_SIZE_EPIC partitions in-scope Epics by Recognised t-shirt size > does NOT flag recognised sizes that differ only by case or trailing space
[Initiatives] 2 rows | key="jira_key" | category="category" | team="teams" | name="building_block" | kr="null"

stdout | tests/acceptance/0023-phase-1-finding-model-property.test.js > 0023 Phase 1 — UNRECOGNIZED_SIZE_EPIC partitions in-scope Epics by Recognised t-shirt size > produces no UNRECOGNIZED_SIZE_EPIC findings when there are no Epics
[Initiatives] 2 rows | key="jira_key" | category="category" | team="teams" | name="building_block" | kr="null"

stdout | tests/acceptance/0023-phase-1-finding-model-property.test.js > 0023 Phase 1 — every Data-quality finding obeys the contract shape > a produced finding carries a valid Severity, a non-empty message, a string code/category, and >= 1 locator with {kind,id}
[Initiatives] 2 rows | key="jira_key" | category="category" | team="teams" | name="building_block" | kr="null"

stdout | tests/acceptance/0023-phase-1-finding-model-property.test.js > 0023 Phase 1 — collecting the Error Report is advisory: the engine output is unaffected by findings (I-1) > the engine output from prepareSimulationData’s outputs is identical with and without the findings field (with seed=108465361)
[Initiatives] 2 rows | key="jira_key" | category="category" | team="teams" | name="building_block" | kr="null"
[Initiatives] 2 rows | key="jira_key" | category="category" | team="teams" | name="building_block" | kr="null"

 ❯ tests/acceptance/0023-phase-1-finding-model-property.test.js (7 tests | 7 failed) 156ms
   × 0023 Phase 1 — UNRECOGNIZED_SIZE_EPIC partitions in-scope Epics by Recognised t-shirt size > flags exactly the in-scope Epics whose normalised size is not a Recognised t-shirt size, one finding each (with seed=2106965318) 31ms
     → Property failed after 1 tests
{ seed: 2106965318, path: "0", endOnFailure: true }
Counterexample: [[]]
Shrunk 0 time(s)

Hint: Enable verbose mode in order to have the list of all failing values encountered during the run
   × 0023 Phase 1 — UNRECOGNIZED_SIZE_EPIC partitions in-scope Epics by Recognised t-shirt size > flags an Epic whose size "XXL" is not a Recognised t-shirt size 21ms
     → expected false to be true // Object.is equality
   × 0023 Phase 1 — UNRECOGNIZED_SIZE_EPIC partitions in-scope Epics by Recognised t-shirt size > flags Epics whose size is empty or whitespace-only 19ms
     → expected false to be true // Object.is equality
   × 0023 Phase 1 — UNRECOGNIZED_SIZE_EPIC partitions in-scope Epics by Recognised t-shirt size > does NOT flag recognised sizes that differ only by case or trailing space 17ms
     → expected false to be true // Object.is equality
   × 0023 Phase 1 — UNRECOGNIZED_SIZE_EPIC partitions in-scope Epics by Recognised t-shirt size > produces no UNRECOGNIZED_SIZE_EPIC findings when there are no Epics 17ms
     → expected false to be true // Object.is equality
   × 0023 Phase 1 — every Data-quality finding obeys the contract shape > a produced finding carries a valid Severity, a non-empty message, a string code/category, and >= 1 locator with {kind,id} 17ms
     → expected false to be true // Object.is equality
   × 0023 Phase 1 — collecting the Error Report is advisory: the engine output is unaffected by findings (I-1) > the engine output from prepareSimulationData’s outputs is identical with and without the findings field (with seed=108465361) 33ms
     → Property failed after 1 tests
{ seed: 108465361, path: "0:0", endOnFailure: true }
Counterexample: [[]]
Shrunk 1 time(s)

Hint: Enable verbose mode in order to have the list of all failing values encountered during the run

⎯⎯⎯⎯⎯⎯⎯ Failed Tests 7 ⎯⎯⎯⎯⎯⎯⎯

 FAIL  tests/acceptance/0023-phase-1-finding-model-property.test.js > 0023 Phase 1 — UNRECOGNIZED_SIZE_EPIC partitions in-scope Epics by Recognised t-shirt size > flags exactly the in-scope Epics whose normalised size is not a Recognised t-shirt size, one finding each (with seed=2106965318)
Error: Property failed after 1 tests
{ seed: 2106965318, path: "0", endOnFailure: true }
Counterexample: [[]]
Shrunk 0 time(s)

Hint: Enable verbose mode in order to have the list of all failing values encountered during the run
 ❯ buildError node_modules/fast-check/lib/fast-check.js:2441:16
 ❯ asyncThrowIfFailed node_modules/fast-check/lib/fast-check.js:2453:8

Caused by: AssertionError: expected false to be true // Object.is equality

- Expected
+ Received

- true
+ false

 ❯ tests/acceptance/0023-phase-1-finding-model-property.test.js:78:46
 ❯ node_modules/@fast-check/vitest/lib/vitest-fast-check.js:7:38
 ❯ AsyncProperty.predicate node_modules/fast-check/lib/fast-check.js:1261:104
 ❯ AsyncProperty.run node_modules/fast-check/lib/fast-check.js:1197:30
 ❯ asyncRunIt node_modules/fast-check/lib/fast-check.js:2495:30
 ❯ node_modules/@fast-check/vitest/lib/vitest-fast-check.js:79:4

⎯⎯⎯⎯⎯⎯⎯⎯⎯⎯⎯⎯⎯⎯⎯⎯⎯⎯⎯⎯⎯⎯⎯⎯[1/7]⎯

 FAIL  tests/acceptance/0023-phase-1-finding-model-property.test.js > 0023 Phase 1 — UNRECOGNIZED_SIZE_EPIC partitions in-scope Epics by Recognised t-shirt size > flags an Epic whose size "XXL" is not a Recognised t-shirt size
AssertionError: expected false to be true // Object.is equality

- Expected
+ Received

- true
+ false

 ❯ tests/acceptance/0023-phase-1-finding-model-property.test.js:103:44
    101|     inScopeEpics(win, ['XXL']);
    102|     const result = evalIn(win, "prepareSimulationData(['Q1 2026'], ['Q…
    103|     expect(Array.isArray(result.findings)).toBe(true);
       |                                            ^
    104|     expect(result.findings.filter(f => f.code === 'UNRECOGNIZED_SIZE_E…
    105|   });

⎯⎯⎯⎯⎯⎯⎯⎯⎯⎯⎯⎯⎯⎯⎯⎯⎯⎯⎯⎯⎯⎯⎯⎯[2/7]⎯

 FAIL  tests/acceptance/0023-phase-1-finding-model-property.test.js > 0023 Phase 1 — UNRECOGNIZED_SIZE_EPIC partitions in-scope Epics by Recognised t-shirt size > flags Epics whose size is empty or whitespace-only
AssertionError: expected false to be true // Object.is equality

- Expected
+ Received

- true
+ false

 ❯ tests/acceptance/0023-phase-1-finding-model-property.test.js:113:44
    111|     inScopeEpics(win, ['', '   ']);
    112|     const result = evalIn(win, "prepareSimulationData(['Q1 2026'], ['Q…
    113|     expect(Array.isArray(result.findings)).toBe(true);
       |                                            ^
    114|     expect(result.findings.filter(f => f.code === 'UNRECOGNIZED_SIZE_E…
    115|   });

⎯⎯⎯⎯⎯⎯⎯⎯⎯⎯⎯⎯⎯⎯⎯⎯⎯⎯⎯⎯⎯⎯⎯⎯[3/7]⎯

 FAIL  tests/acceptance/0023-phase-1-finding-model-property.test.js > 0023 Phase 1 — UNRECOGNIZED_SIZE_EPIC partitions in-scope Epics by Recognised t-shirt size > does NOT flag recognised sizes that differ only by case or trailing space
AssertionError: expected false to be true // Object.is equality

- Expected
+ Received

- true
+ false

 ❯ tests/acceptance/0023-phase-1-finding-model-property.test.js:124:44
    122|     inScopeEpics(win, [' m ', 'xl+', '2xs', 'S ']);
    123|     const result = evalIn(win, "prepareSimulationData(['Q1 2026'], ['Q…
    124|     expect(Array.isArray(result.findings)).toBe(true);
       |                                            ^
    125|     expect(result.findings.filter(f => f.code === 'UNRECOGNIZED_SIZE_E…
    126|   });

⎯⎯⎯⎯⎯⎯⎯⎯⎯⎯⎯⎯⎯⎯⎯⎯⎯⎯⎯⎯⎯⎯⎯⎯[4/7]⎯

 FAIL  tests/acceptance/0023-phase-1-finding-model-property.test.js > 0023 Phase 1 — UNRECOGNIZED_SIZE_EPIC partitions in-scope Epics by Recognised t-shirt size > produces no UNRECOGNIZED_SIZE_EPIC findings when there are no Epics
AssertionError: expected false to be true // Object.is equality

- Expected
+ Received

- true
+ false

 ❯ tests/acceptance/0023-phase-1-finding-model-property.test.js:134:44
    132|     setEpics(win, []);
    133|     const result = evalIn(win, "prepareSimulationData(['Q1 2026'], ['Q…
    134|     expect(Array.isArray(result.findings)).toBe(true);
       |                                            ^
    135|     expect(result.findings.filter(f => f.code === 'UNRECOGNIZED_SIZE_E…
    136|   });

⎯⎯⎯⎯⎯⎯⎯⎯⎯⎯⎯⎯⎯⎯⎯⎯⎯⎯⎯⎯⎯⎯⎯⎯[5/7]⎯

 FAIL  tests/acceptance/0023-phase-1-finding-model-property.test.js > 0023 Phase 1 — every Data-quality finding obeys the contract shape > a produced finding carries a valid Severity, a non-empty message, a string code/category, and >= 1 locator with {kind,id}
AssertionError: expected false to be true // Object.is equality

- Expected
+ Received

- true
+ false

 ❯ tests/acceptance/0023-phase-1-finding-model-property.test.js:146:44
    144|     inScopeEpics(win, ['XXL']);
    145|     const result = evalIn(win, "prepareSimulationData(['Q1 2026'], ['Q…
    146|     expect(Array.isArray(result.findings)).toBe(true);
       |                                            ^
    147|     expect(result.findings.length).toBeGreaterThan(0);
    148|     for (const f of result.findings) {

⎯⎯⎯⎯⎯⎯⎯⎯⎯⎯⎯⎯⎯⎯⎯⎯⎯⎯⎯⎯⎯⎯⎯⎯[6/7]⎯

 FAIL  tests/acceptance/0023-phase-1-finding-model-property.test.js > 0023 Phase 1 — collecting the Error Report is advisory: the engine output is unaffected by findings (I-1) > the engine output from prepareSimulationData’s outputs is identical with and without the findings field (with seed=108465361)
Error: Property failed after 1 tests
{ seed: 108465361, path: "0:0", endOnFailure: true }
Counterexample: [[]]
Shrunk 1 time(s)

Hint: Enable verbose mode in order to have the list of all failing values encountered during the run
 ❯ buildError node_modules/fast-check/lib/fast-check.js:2441:16
 ❯ asyncThrowIfFailed node_modules/fast-check/lib/fast-check.js:2453:8

Caused by: AssertionError: expected false to be true // Object.is equality

- Expected
+ Received

- true
+ false

 ❯ tests/acceptance/0023-phase-1-finding-model-property.test.js:180:44
 ❯ node_modules/@fast-check/vitest/lib/vitest-fast-check.js:7:38
 ❯ AsyncProperty.predicate node_modules/fast-check/lib/fast-check.js:1261:104
 ❯ AsyncProperty.run node_modules/fast-check/lib/fast-check.js:1197:30
 ❯ asyncRunIt node_modules/fast-check/lib/fast-check.js:2495:30
 ❯ node_modules/@fast-check/vitest/lib/vitest-fast-check.js:79:4

⎯⎯⎯⎯⎯⎯⎯⎯⎯⎯⎯⎯⎯⎯⎯⎯⎯⎯⎯⎯⎯⎯⎯⎯[7/7]⎯

 Test Files  1 failed (1)
      Tests  7 failed (7)
   Start at  21:45:05
   Duration  729ms (transform 15ms, setup 0ms, collect 336ms, tests 156ms, environment 0ms, prepare 58ms)

